<?xml version="1.0" encoding="UTF-8"?>
<robot generator="Robot 5.0.1 (Python 3.10.3 on win32)" generated="20220807 02:37:28.017" rpa="false" schemaversion="3">
<suite id="s1" name="finalProjectTests" source="D:\York University\Classes\EECS - 3311 Software Design (3)\Project\project\project\src\test\java\ca\yorku\eecs\finalProjectTests.robot">
<test id="s1-t1" name="getMostProlificActorFail-NoActorsInDatabase" line="8">
<kw name="Create Session" library="RequestsLibrary">
<arg>localhost</arg>
<arg>http://localhost:8080</arg>
<doc>Create Session: create a HTTP session to a server</doc>
<msg timestamp="20220807 02:37:28.129" level="INFO">Creating Session using : alias=localhost, url=http://localhost:8080, headers={},                     cookies={}, auth=None, timeout=None, proxies=None, verify=False,                     debug=0 </msg>
<status status="PASS" starttime="20220807 02:37:28.128" endtime="20220807 02:37:28.130"/>
</kw>
<kw name="Create Dictionary" library="BuiltIn">
<var>${headers}</var>
<arg>Content-Type=application/json</arg>
<doc>Creates and returns a dictionary based on the given ``items``.</doc>
<msg timestamp="20220807 02:37:28.130" level="INFO">${headers} = {'Content-Type': 'application/json'}</msg>
<status status="PASS" starttime="20220807 02:37:28.130" endtime="20220807 02:37:28.130"/>
</kw>
<kw name="Create Dictionary" library="BuiltIn">
<var>${params}</var>
<doc>Creates and returns a dictionary based on the given ``items``.</doc>
<msg timestamp="20220807 02:37:28.131" level="INFO">${params} = {}</msg>
<status status="PASS" starttime="20220807 02:37:28.131" endtime="20220807 02:37:28.131"/>
</kw>
<kw name="Get Request" library="RequestsLibrary">
<var>${resp}</var>
<arg>localhost</arg>
<arg>/api/v1/getMostProlificActor</arg>
<arg>data=${params}</arg>
<arg>headers=${headers}</arg>
<doc>*DEPRECATED* Please use `GET On Session` instead.</doc>
<msg timestamp="20220807 02:37:28.131" level="WARN">Keyword 'RequestsLibrary.Get Request' is deprecated. Please use `GET On Session` instead.</msg>
<msg timestamp="20220807 02:37:28.141" level="INFO">GET Request : url=http://localhost:8080/api/v1/getMostProlificActor 
 path_url=/api/v1/getMostProlificActor 
 headers={'User-Agent': 'python-requests/2.28.1', 'Accept-Encoding': 'gzip, deflate', 'Accept': '*/*', 'Connection': 'keep-alive', 'Content-Type': 'application/json'} 
 body=None 
 </msg>
<msg timestamp="20220807 02:37:28.142" level="INFO">GET Response : url=http://localhost:8080/api/v1/getMostProlificActor 
 status=500, reason=Internal Server Error 
 headers={'Date': 'Sun, 07 Aug 2022 06:37:28 GMT', 'Content-length': '13'} 
 body=Server error
 
 </msg>
<msg timestamp="20220807 02:37:28.142" level="INFO">${resp} = &lt;Response [500]&gt;</msg>
<status status="PASS" starttime="20220807 02:37:28.131" endtime="20220807 02:37:28.142"/>
</kw>
<kw name="Should Be Equal As Strings" library="BuiltIn">
<arg>${resp.status_code}</arg>
<arg>404</arg>
<doc>Fails if objects are unequal after converting them to strings.</doc>
<msg timestamp="20220807 02:37:28.143" level="INFO">Argument types are:
&lt;class 'int'&gt;
&lt;class 'str'&gt;</msg>
<msg timestamp="20220807 02:37:28.144" level="FAIL">500 != 404</msg>
<status status="FAIL" starttime="20220807 02:37:28.143" endtime="20220807 02:37:28.144"/>
</kw>
<timeout value="30 seconds"/>
<status status="FAIL" starttime="20220807 02:37:28.127" endtime="20220807 02:37:28.145">500 != 404</status>
</test>
<test id="s1-t2" name="addActorPass" line="15">
<kw name="Create Session" library="RequestsLibrary">
<arg>localhost</arg>
<arg>http://localhost:8080</arg>
<doc>Create Session: create a HTTP session to a server</doc>
<msg timestamp="20220807 02:37:28.148" level="INFO">Creating Session using : alias=localhost, url=http://localhost:8080, headers={},                     cookies={}, auth=None, timeout=None, proxies=None, verify=False,                     debug=0 </msg>
<status status="PASS" starttime="20220807 02:37:28.147" endtime="20220807 02:37:28.148"/>
</kw>
<kw name="Create Dictionary" library="BuiltIn">
<var>${headers}</var>
<arg>Content-Type=application/json</arg>
<doc>Creates and returns a dictionary based on the given ``items``.</doc>
<msg timestamp="20220807 02:37:28.148" level="INFO">${headers} = {'Content-Type': 'application/json'}</msg>
<status status="PASS" starttime="20220807 02:37:28.148" endtime="20220807 02:37:28.148"/>
</kw>
<kw name="Create Dictionary" library="BuiltIn">
<var>${params}</var>
<arg>name=actorName</arg>
<arg>actorId=a0</arg>
<doc>Creates and returns a dictionary based on the given ``items``.</doc>
<msg timestamp="20220807 02:37:28.149" level="INFO">${params} = {'name': 'actorName', 'actorId': 'a0'}</msg>
<status status="PASS" starttime="20220807 02:37:28.149" endtime="20220807 02:37:28.149"/>
</kw>
<kw name="Put Request" library="RequestsLibrary">
<var>${resp}</var>
<arg>localhost</arg>
<arg>/api/v1/addActor</arg>
<arg>data=${params}</arg>
<arg>headers=${headers}</arg>
<doc>*DEPRECATED* Please use `PUT On Session` instead.</doc>
<msg timestamp="20220807 02:37:28.150" level="WARN">Keyword 'RequestsLibrary.Put Request' is deprecated. Please use `PUT On Session` instead.</msg>
<msg timestamp="20220807 02:37:28.283" level="INFO">PUT Request : url=http://localhost:8080/api/v1/addActor 
 path_url=/api/v1/addActor 
 headers={'User-Agent': 'python-requests/2.28.1', 'Accept-Encoding': 'gzip, deflate', 'Accept': '*/*', 'Connection': 'keep-alive', 'Content-Type': 'application/json', 'Content-Length': '38'} 
 body={"name": "actorName", "actorId": "a0"} 
 </msg>
<msg timestamp="20220807 02:37:28.284" level="INFO">PUT Response : url=http://localhost:8080/api/v1/addActor 
 status=200, reason=OK 
 headers={'Date': 'Sun, 07 Aug 2022 06:37:28 GMT', 'Content-length': '29'} 
 body=actorName added successfully. 
 </msg>
<msg timestamp="20220807 02:37:28.284" level="INFO">${resp} = &lt;Response [200]&gt;</msg>
<status status="PASS" starttime="20220807 02:37:28.150" endtime="20220807 02:37:28.284"/>
</kw>
<kw name="Should Be Equal As Strings" library="BuiltIn">
<arg>${resp.status_code}</arg>
<arg>200</arg>
<doc>Fails if objects are unequal after converting them to strings.</doc>
<msg timestamp="20220807 02:37:28.286" level="INFO">Argument types are:
&lt;class 'int'&gt;
&lt;class 'str'&gt;</msg>
<status status="PASS" starttime="20220807 02:37:28.284" endtime="20220807 02:37:28.286"/>
</kw>
<timeout value="30 seconds"/>
<status status="PASS" starttime="20220807 02:37:28.147" endtime="20220807 02:37:28.286"/>
</test>
<test id="s1-t3" name="addActorPass-KevinBacon" line="22">
<kw name="Create Session" library="RequestsLibrary">
<arg>localhost</arg>
<arg>http://localhost:8080</arg>
<doc>Create Session: create a HTTP session to a server</doc>
<msg timestamp="20220807 02:37:28.289" level="INFO">Creating Session using : alias=localhost, url=http://localhost:8080, headers={},                     cookies={}, auth=None, timeout=None, proxies=None, verify=False,                     debug=0 </msg>
<status status="PASS" starttime="20220807 02:37:28.287" endtime="20220807 02:37:28.289"/>
</kw>
<kw name="Create Dictionary" library="BuiltIn">
<var>${headers}</var>
<arg>Content-Type=application/json</arg>
<doc>Creates and returns a dictionary based on the given ``items``.</doc>
<msg timestamp="20220807 02:37:28.289" level="INFO">${headers} = {'Content-Type': 'application/json'}</msg>
<status status="PASS" starttime="20220807 02:37:28.289" endtime="20220807 02:37:28.289"/>
</kw>
<kw name="Create Dictionary" library="BuiltIn">
<var>${params}</var>
<arg>name=Kevin Bacon</arg>
<arg>actorId=nm0000102</arg>
<doc>Creates and returns a dictionary based on the given ``items``.</doc>
<msg timestamp="20220807 02:37:28.290" level="INFO">${params} = {'name': 'Kevin Bacon', 'actorId': 'nm0000102'}</msg>
<status status="PASS" starttime="20220807 02:37:28.289" endtime="20220807 02:37:28.290"/>
</kw>
<kw name="Put Request" library="RequestsLibrary">
<var>${resp}</var>
<arg>localhost</arg>
<arg>/api/v1/addActor</arg>
<arg>data=${params}</arg>
<arg>headers=${headers}</arg>
<doc>*DEPRECATED* Please use `PUT On Session` instead.</doc>
<msg timestamp="20220807 02:37:28.290" level="WARN">Keyword 'RequestsLibrary.Put Request' is deprecated. Please use `PUT On Session` instead.</msg>
<msg timestamp="20220807 02:37:28.336" level="INFO">PUT Request : url=http://localhost:8080/api/v1/addActor 
 path_url=/api/v1/addActor 
 headers={'User-Agent': 'python-requests/2.28.1', 'Accept-Encoding': 'gzip, deflate', 'Accept': '*/*', 'Connection': 'keep-alive', 'Content-Type': 'application/json', 'Content-Length': '47'} 
 body={"name": "Kevin Bacon", "actorId": "nm0000102"} 
 </msg>
<msg timestamp="20220807 02:37:28.337" level="INFO">PUT Response : url=http://localhost:8080/api/v1/addActor 
 status=200, reason=OK 
 headers={'Date': 'Sun, 07 Aug 2022 06:37:28 GMT', 'Content-length': '31'} 
 body=Kevin Bacon added successfully. 
 </msg>
<msg timestamp="20220807 02:37:28.337" level="INFO">${resp} = &lt;Response [200]&gt;</msg>
<status status="PASS" starttime="20220807 02:37:28.290" endtime="20220807 02:37:28.337"/>
</kw>
<kw name="Should Be Equal As Strings" library="BuiltIn">
<arg>${resp.status_code}</arg>
<arg>200</arg>
<doc>Fails if objects are unequal after converting them to strings.</doc>
<msg timestamp="20220807 02:37:28.339" level="INFO">Argument types are:
&lt;class 'int'&gt;
&lt;class 'str'&gt;</msg>
<status status="PASS" starttime="20220807 02:37:28.337" endtime="20220807 02:37:28.339"/>
</kw>
<timeout value="30 seconds"/>
<status status="PASS" starttime="20220807 02:37:28.287" endtime="20220807 02:37:28.339"/>
</test>
<test id="s1-t4" name="addActorPass-ActorNotConnectedToKevinBacon" line="29">
<kw name="Create Session" library="RequestsLibrary">
<arg>localhost</arg>
<arg>http://localhost:8080</arg>
<doc>Create Session: create a HTTP session to a server</doc>
<msg timestamp="20220807 02:37:28.342" level="INFO">Creating Session using : alias=localhost, url=http://localhost:8080, headers={},                     cookies={}, auth=None, timeout=None, proxies=None, verify=False,                     debug=0 </msg>
<status status="PASS" starttime="20220807 02:37:28.340" endtime="20220807 02:37:28.342"/>
</kw>
<kw name="Create Dictionary" library="BuiltIn">
<var>${headers}</var>
<arg>Content-Type=application/json</arg>
<doc>Creates and returns a dictionary based on the given ``items``.</doc>
<msg timestamp="20220807 02:37:28.343" level="INFO">${headers} = {'Content-Type': 'application/json'}</msg>
<status status="PASS" starttime="20220807 02:37:28.342" endtime="20220807 02:37:28.343"/>
</kw>
<kw name="Create Dictionary" library="BuiltIn">
<var>${params}</var>
<arg>name=ActorNotConnectedToKevinBacon</arg>
<arg>actorId=a1</arg>
<doc>Creates and returns a dictionary based on the given ``items``.</doc>
<msg timestamp="20220807 02:37:28.343" level="INFO">${params} = {'name': 'ActorNotConnectedToKevinBacon', 'actorId': 'a1'}</msg>
<status status="PASS" starttime="20220807 02:37:28.343" endtime="20220807 02:37:28.343"/>
</kw>
<kw name="Put Request" library="RequestsLibrary">
<var>${resp}</var>
<arg>localhost</arg>
<arg>/api/v1/addActor</arg>
<arg>data=${params}</arg>
<arg>headers=${headers}</arg>
<doc>*DEPRECATED* Please use `PUT On Session` instead.</doc>
<msg timestamp="20220807 02:37:28.344" level="WARN">Keyword 'RequestsLibrary.Put Request' is deprecated. Please use `PUT On Session` instead.</msg>
<msg timestamp="20220807 02:37:28.390" level="INFO">PUT Request : url=http://localhost:8080/api/v1/addActor 
 path_url=/api/v1/addActor 
 headers={'User-Agent': 'python-requests/2.28.1', 'Accept-Encoding': 'gzip, deflate', 'Accept': '*/*', 'Connection': 'keep-alive', 'Content-Type': 'application/json', 'Content-Length': '58'} 
 body={"name": "ActorNotConnectedToKevinBacon", "actorId": "a1"} 
 </msg>
<msg timestamp="20220807 02:37:28.390" level="INFO">PUT Response : url=http://localhost:8080/api/v1/addActor 
 status=200, reason=OK 
 headers={'Date': 'Sun, 07 Aug 2022 06:37:28 GMT', 'Content-length': '49'} 
 body=ActorNotConnectedToKevinBacon added successfully. 
 </msg>
<msg timestamp="20220807 02:37:28.391" level="INFO">${resp} = &lt;Response [200]&gt;</msg>
<status status="PASS" starttime="20220807 02:37:28.344" endtime="20220807 02:37:28.391"/>
</kw>
<kw name="Should Be Equal As Strings" library="BuiltIn">
<arg>${resp.status_code}</arg>
<arg>200</arg>
<doc>Fails if objects are unequal after converting them to strings.</doc>
<msg timestamp="20220807 02:37:28.393" level="INFO">Argument types are:
&lt;class 'int'&gt;
&lt;class 'str'&gt;</msg>
<status status="PASS" starttime="20220807 02:37:28.392" endtime="20220807 02:37:28.393"/>
</kw>
<timeout value="30 seconds"/>
<status status="PASS" starttime="20220807 02:37:28.340" endtime="20220807 02:37:28.394"/>
</test>
<test id="s1-t5" name="addActorFail-ActorIdAlreadyExists" line="36">
<kw name="Create Session" library="RequestsLibrary">
<arg>localhost</arg>
<arg>http://localhost:8080</arg>
<doc>Create Session: create a HTTP session to a server</doc>
<msg timestamp="20220807 02:37:28.396" level="INFO">Creating Session using : alias=localhost, url=http://localhost:8080, headers={},                     cookies={}, auth=None, timeout=None, proxies=None, verify=False,                     debug=0 </msg>
<status status="PASS" starttime="20220807 02:37:28.395" endtime="20220807 02:37:28.396"/>
</kw>
<kw name="Create Dictionary" library="BuiltIn">
<var>${headers}</var>
<arg>Content-Type=application/json</arg>
<doc>Creates and returns a dictionary based on the given ``items``.</doc>
<msg timestamp="20220807 02:37:28.397" level="INFO">${headers} = {'Content-Type': 'application/json'}</msg>
<status status="PASS" starttime="20220807 02:37:28.397" endtime="20220807 02:37:28.397"/>
</kw>
<kw name="Create Dictionary" library="BuiltIn">
<var>${params}</var>
<arg>name=actorName</arg>
<arg>actorId=a0</arg>
<doc>Creates and returns a dictionary based on the given ``items``.</doc>
<msg timestamp="20220807 02:37:28.398" level="INFO">${params} = {'name': 'actorName', 'actorId': 'a0'}</msg>
<status status="PASS" starttime="20220807 02:37:28.397" endtime="20220807 02:37:28.398"/>
</kw>
<kw name="Put Request" library="RequestsLibrary">
<var>${resp}</var>
<arg>localhost</arg>
<arg>/api/v1/addActor</arg>
<arg>data=${params}</arg>
<arg>headers=${headers}</arg>
<doc>*DEPRECATED* Please use `PUT On Session` instead.</doc>
<msg timestamp="20220807 02:37:28.398" level="WARN">Keyword 'RequestsLibrary.Put Request' is deprecated. Please use `PUT On Session` instead.</msg>
<msg timestamp="20220807 02:37:28.408" level="INFO">PUT Request : url=http://localhost:8080/api/v1/addActor 
 path_url=/api/v1/addActor 
 headers={'User-Agent': 'python-requests/2.28.1', 'Accept-Encoding': 'gzip, deflate', 'Accept': '*/*', 'Connection': 'keep-alive', 'Content-Type': 'application/json', 'Content-Length': '38'} 
 body={"name": "actorName", "actorId": "a0"} 
 </msg>
<msg timestamp="20220807 02:37:28.408" level="INFO">PUT Response : url=http://localhost:8080/api/v1/addActor 
 status=400, reason=Bad Request 
 headers={'Date': 'Sun, 07 Aug 2022 06:37:28 GMT', 'Content-length': '30'} 
 body=actorName actor already exists 
 </msg>
<msg timestamp="20220807 02:37:28.409" level="INFO">${resp} = &lt;Response [400]&gt;</msg>
<status status="PASS" starttime="20220807 02:37:28.398" endtime="20220807 02:37:28.409"/>
</kw>
<kw name="Should Be Equal As Strings" library="BuiltIn">
<arg>${resp.status_code}</arg>
<arg>400</arg>
<doc>Fails if objects are unequal after converting them to strings.</doc>
<msg timestamp="20220807 02:37:28.410" level="INFO">Argument types are:
&lt;class 'int'&gt;
&lt;class 'str'&gt;</msg>
<status status="PASS" starttime="20220807 02:37:28.409" endtime="20220807 02:37:28.410"/>
</kw>
<timeout value="30 seconds"/>
<status status="PASS" starttime="20220807 02:37:28.395" endtime="20220807 02:37:28.411"/>
</test>
<test id="s1-t6" name="addActorFail-RequestBodyImproperlyFormatted" line="43">
<kw name="Create Session" library="RequestsLibrary">
<arg>localhost</arg>
<arg>http://localhost:8080</arg>
<doc>Create Session: create a HTTP session to a server</doc>
<msg timestamp="20220807 02:37:28.413" level="INFO">Creating Session using : alias=localhost, url=http://localhost:8080, headers={},                     cookies={}, auth=None, timeout=None, proxies=None, verify=False,                     debug=0 </msg>
<status status="PASS" starttime="20220807 02:37:28.413" endtime="20220807 02:37:28.414"/>
</kw>
<kw name="Create Dictionary" library="BuiltIn">
<var>${headers}</var>
<arg>Content-Type=application/json</arg>
<doc>Creates and returns a dictionary based on the given ``items``.</doc>
<msg timestamp="20220807 02:37:28.414" level="INFO">${headers} = {'Content-Type': 'application/json'}</msg>
<status status="PASS" starttime="20220807 02:37:28.414" endtime="20220807 02:37:28.414"/>
</kw>
<kw name="Create Dictionary" library="BuiltIn">
<var>${params}</var>
<arg>name="actorName"</arg>
<arg>actId="a0"</arg>
<doc>Creates and returns a dictionary based on the given ``items``.</doc>
<msg timestamp="20220807 02:37:28.415" level="INFO">${params} = {'name': '"actorName"', 'actId': '"a0"'}</msg>
<status status="PASS" starttime="20220807 02:37:28.415" endtime="20220807 02:37:28.415"/>
</kw>
<kw name="Put Request" library="RequestsLibrary">
<var>${resp}</var>
<arg>localhost</arg>
<arg>/api/v1/addActor</arg>
<arg>data=${params}</arg>
<arg>headers=${headers}</arg>
<doc>*DEPRECATED* Please use `PUT On Session` instead.</doc>
<msg timestamp="20220807 02:37:28.416" level="WARN">Keyword 'RequestsLibrary.Put Request' is deprecated. Please use `PUT On Session` instead.</msg>
<msg timestamp="20220807 02:37:28.421" level="INFO">PUT Request : url=http://localhost:8080/api/v1/addActor 
 path_url=/api/v1/addActor 
 headers={'User-Agent': 'python-requests/2.28.1', 'Accept-Encoding': 'gzip, deflate', 'Accept': '*/*', 'Connection': 'keep-alive', 'Content-Type': 'application/json', 'Content-Length': '44'} 
 body={"name": "\"actorName\"", "actId": "\"a0\""} 
 </msg>
<msg timestamp="20220807 02:37:28.421" level="INFO">PUT Response : url=http://localhost:8080/api/v1/addActor 
 status=400, reason=Bad Request 
 headers={'Date': 'Sun, 07 Aug 2022 06:37:28 GMT', 'Content-length': '73'} 
 body=The request body is improperly formatted or missing required information. 
 </msg>
<msg timestamp="20220807 02:37:28.421" level="INFO">${resp} = &lt;Response [400]&gt;</msg>
<status status="PASS" starttime="20220807 02:37:28.416" endtime="20220807 02:37:28.421"/>
</kw>
<kw name="Should Be Equal As Strings" library="BuiltIn">
<arg>${resp.status_code}</arg>
<arg>400</arg>
<doc>Fails if objects are unequal after converting them to strings.</doc>
<msg timestamp="20220807 02:37:28.423" level="INFO">Argument types are:
&lt;class 'int'&gt;
&lt;class 'str'&gt;</msg>
<status status="PASS" starttime="20220807 02:37:28.422" endtime="20220807 02:37:28.423"/>
</kw>
<timeout value="30 seconds"/>
<status status="PASS" starttime="20220807 02:37:28.412" endtime="20220807 02:37:28.424"/>
</test>
<test id="s1-t7" name="addActorFail-MissingActorId" line="50">
<kw name="Create Session" library="RequestsLibrary">
<arg>localhost</arg>
<arg>http://localhost:8080</arg>
<doc>Create Session: create a HTTP session to a server</doc>
<msg timestamp="20220807 02:37:28.426" level="INFO">Creating Session using : alias=localhost, url=http://localhost:8080, headers={},                     cookies={}, auth=None, timeout=None, proxies=None, verify=False,                     debug=0 </msg>
<status status="PASS" starttime="20220807 02:37:28.425" endtime="20220807 02:37:28.426"/>
</kw>
<kw name="Create Dictionary" library="BuiltIn">
<var>${headers}</var>
<arg>Content-Type=application/json</arg>
<doc>Creates and returns a dictionary based on the given ``items``.</doc>
<msg timestamp="20220807 02:37:28.426" level="INFO">${headers} = {'Content-Type': 'application/json'}</msg>
<status status="PASS" starttime="20220807 02:37:28.426" endtime="20220807 02:37:28.426"/>
</kw>
<kw name="Create Dictionary" library="BuiltIn">
<var>${params}</var>
<arg>name="actorName"</arg>
<doc>Creates and returns a dictionary based on the given ``items``.</doc>
<msg timestamp="20220807 02:37:28.427" level="INFO">${params} = {'name': '"actorName"'}</msg>
<status status="PASS" starttime="20220807 02:37:28.427" endtime="20220807 02:37:28.427"/>
</kw>
<kw name="Put Request" library="RequestsLibrary">
<var>${resp}</var>
<arg>localhost</arg>
<arg>/api/v1/addActor</arg>
<arg>data=${params}</arg>
<arg>headers=${headers}</arg>
<doc>*DEPRECATED* Please use `PUT On Session` instead.</doc>
<msg timestamp="20220807 02:37:28.427" level="WARN">Keyword 'RequestsLibrary.Put Request' is deprecated. Please use `PUT On Session` instead.</msg>
<msg timestamp="20220807 02:37:28.431" level="INFO">PUT Request : url=http://localhost:8080/api/v1/addActor 
 path_url=/api/v1/addActor 
 headers={'User-Agent': 'python-requests/2.28.1', 'Accept-Encoding': 'gzip, deflate', 'Accept': '*/*', 'Connection': 'keep-alive', 'Content-Type': 'application/json', 'Content-Length': '25'} 
 body={"name": "\"actorName\""} 
 </msg>
<msg timestamp="20220807 02:37:28.431" level="INFO">PUT Response : url=http://localhost:8080/api/v1/addActor 
 status=400, reason=Bad Request 
 headers={'Date': 'Sun, 07 Aug 2022 06:37:28 GMT', 'Content-length': '73'} 
 body=The request body is improperly formatted or missing required information. 
 </msg>
<msg timestamp="20220807 02:37:28.432" level="INFO">${resp} = &lt;Response [400]&gt;</msg>
<status status="PASS" starttime="20220807 02:37:28.427" endtime="20220807 02:37:28.432"/>
</kw>
<kw name="Should Be Equal As Strings" library="BuiltIn">
<arg>${resp.status_code}</arg>
<arg>400</arg>
<doc>Fails if objects are unequal after converting them to strings.</doc>
<msg timestamp="20220807 02:37:28.434" level="INFO">Argument types are:
&lt;class 'int'&gt;
&lt;class 'str'&gt;</msg>
<status status="PASS" starttime="20220807 02:37:28.432" endtime="20220807 02:37:28.434"/>
</kw>
<timeout value="30 seconds"/>
<status status="PASS" starttime="20220807 02:37:28.425" endtime="20220807 02:37:28.435"/>
</test>
<test id="s1-t8" name="addMoviePass" line="57">
<kw name="Create Session" library="RequestsLibrary">
<arg>localhost</arg>
<arg>http://localhost:8080</arg>
<doc>Create Session: create a HTTP session to a server</doc>
<msg timestamp="20220807 02:37:28.439" level="INFO">Creating Session using : alias=localhost, url=http://localhost:8080, headers={},                     cookies={}, auth=None, timeout=None, proxies=None, verify=False,                     debug=0 </msg>
<status status="PASS" starttime="20220807 02:37:28.438" endtime="20220807 02:37:28.439"/>
</kw>
<kw name="Create Dictionary" library="BuiltIn">
<var>${headers}</var>
<arg>Content-Type=application/json</arg>
<doc>Creates and returns a dictionary based on the given ``items``.</doc>
<msg timestamp="20220807 02:37:28.439" level="INFO">${headers} = {'Content-Type': 'application/json'}</msg>
<status status="PASS" starttime="20220807 02:37:28.439" endtime="20220807 02:37:28.439"/>
</kw>
<kw name="Create Dictionary" library="BuiltIn">
<var>${params}</var>
<arg>name=movieName</arg>
<arg>movieId=m0</arg>
<doc>Creates and returns a dictionary based on the given ``items``.</doc>
<msg timestamp="20220807 02:37:28.440" level="INFO">${params} = {'name': 'movieName', 'movieId': 'm0'}</msg>
<status status="PASS" starttime="20220807 02:37:28.440" endtime="20220807 02:37:28.440"/>
</kw>
<kw name="Put Request" library="RequestsLibrary">
<var>${resp}</var>
<arg>localhost</arg>
<arg>/api/v1/addMovie</arg>
<arg>data=${params}</arg>
<arg>headers=${headers}</arg>
<doc>*DEPRECATED* Please use `PUT On Session` instead.</doc>
<msg timestamp="20220807 02:37:28.440" level="WARN">Keyword 'RequestsLibrary.Put Request' is deprecated. Please use `PUT On Session` instead.</msg>
<msg timestamp="20220807 02:37:28.492" level="INFO">PUT Request : url=http://localhost:8080/api/v1/addMovie 
 path_url=/api/v1/addMovie 
 headers={'User-Agent': 'python-requests/2.28.1', 'Accept-Encoding': 'gzip, deflate', 'Accept': '*/*', 'Connection': 'keep-alive', 'Content-Type': 'application/json', 'Content-Length': '38'} 
 body={"name": "movieName", "movieId": "m0"} 
 </msg>
<msg timestamp="20220807 02:37:28.492" level="INFO">PUT Response : url=http://localhost:8080/api/v1/addMovie 
 status=200, reason=OK 
 headers={'Date': 'Sun, 07 Aug 2022 06:37:28 GMT', 'Content-length': '29'} 
 body=movieName added successfully. 
 </msg>
<msg timestamp="20220807 02:37:28.493" level="INFO">${resp} = &lt;Response [200]&gt;</msg>
<status status="PASS" starttime="20220807 02:37:28.440" endtime="20220807 02:37:28.493"/>
</kw>
<kw name="Should Be Equal As Strings" library="BuiltIn">
<arg>${resp.status_code}</arg>
<arg>200</arg>
<doc>Fails if objects are unequal after converting them to strings.</doc>
<msg timestamp="20220807 02:37:28.495" level="INFO">Argument types are:
&lt;class 'int'&gt;
&lt;class 'str'&gt;</msg>
<status status="PASS" starttime="20220807 02:37:28.493" endtime="20220807 02:37:28.495"/>
</kw>
<timeout value="30 seconds"/>
<status status="PASS" starttime="20220807 02:37:28.437" endtime="20220807 02:37:28.495"/>
</test>
<test id="s1-t9" name="addMovieFail-MovieIdAlreadyExists" line="64">
<kw name="Create Session" library="RequestsLibrary">
<arg>localhost</arg>
<arg>http://localhost:8080</arg>
<doc>Create Session: create a HTTP session to a server</doc>
<msg timestamp="20220807 02:37:28.498" level="INFO">Creating Session using : alias=localhost, url=http://localhost:8080, headers={},                     cookies={}, auth=None, timeout=None, proxies=None, verify=False,                     debug=0 </msg>
<status status="PASS" starttime="20220807 02:37:28.497" endtime="20220807 02:37:28.498"/>
</kw>
<kw name="Create Dictionary" library="BuiltIn">
<var>${headers}</var>
<arg>Content-Type=application/json</arg>
<doc>Creates and returns a dictionary based on the given ``items``.</doc>
<msg timestamp="20220807 02:37:28.498" level="INFO">${headers} = {'Content-Type': 'application/json'}</msg>
<status status="PASS" starttime="20220807 02:37:28.498" endtime="20220807 02:37:28.498"/>
</kw>
<kw name="Create Dictionary" library="BuiltIn">
<var>${params}</var>
<arg>name=movieName</arg>
<arg>movieId=m0</arg>
<doc>Creates and returns a dictionary based on the given ``items``.</doc>
<msg timestamp="20220807 02:37:28.499" level="INFO">${params} = {'name': 'movieName', 'movieId': 'm0'}</msg>
<status status="PASS" starttime="20220807 02:37:28.499" endtime="20220807 02:37:28.499"/>
</kw>
<kw name="Put Request" library="RequestsLibrary">
<var>${resp}</var>
<arg>localhost</arg>
<arg>/api/v1/addMovie</arg>
<arg>data=${params}</arg>
<arg>headers=${headers}</arg>
<doc>*DEPRECATED* Please use `PUT On Session` instead.</doc>
<msg timestamp="20220807 02:37:28.499" level="WARN">Keyword 'RequestsLibrary.Put Request' is deprecated. Please use `PUT On Session` instead.</msg>
<msg timestamp="20220807 02:37:28.508" level="INFO">PUT Request : url=http://localhost:8080/api/v1/addMovie 
 path_url=/api/v1/addMovie 
 headers={'User-Agent': 'python-requests/2.28.1', 'Accept-Encoding': 'gzip, deflate', 'Accept': '*/*', 'Connection': 'keep-alive', 'Content-Type': 'application/json', 'Content-Length': '38'} 
 body={"name": "movieName", "movieId": "m0"} 
 </msg>
<msg timestamp="20220807 02:37:28.508" level="INFO">PUT Response : url=http://localhost:8080/api/v1/addMovie 
 status=400, reason=Bad Request 
 headers={'Date': 'Sun, 07 Aug 2022 06:37:28 GMT', 'Content-length': '30'} 
 body=movieName movie already exists 
 </msg>
<msg timestamp="20220807 02:37:28.508" level="INFO">${resp} = &lt;Response [400]&gt;</msg>
<status status="PASS" starttime="20220807 02:37:28.499" endtime="20220807 02:37:28.508"/>
</kw>
<kw name="Should Be Equal As Strings" library="BuiltIn">
<arg>${resp.status_code}</arg>
<arg>400</arg>
<doc>Fails if objects are unequal after converting them to strings.</doc>
<msg timestamp="20220807 02:37:28.510" level="INFO">Argument types are:
&lt;class 'int'&gt;
&lt;class 'str'&gt;</msg>
<status status="PASS" starttime="20220807 02:37:28.509" endtime="20220807 02:37:28.510"/>
</kw>
<timeout value="30 seconds"/>
<status status="PASS" starttime="20220807 02:37:28.496" endtime="20220807 02:37:28.510"/>
</test>
<test id="s1-t10" name="addMovieFail-IncorrectParameters" line="71">
<kw name="Create Session" library="RequestsLibrary">
<arg>localhost</arg>
<arg>http://localhost:8080</arg>
<doc>Create Session: create a HTTP session to a server</doc>
<msg timestamp="20220807 02:37:28.512" level="INFO">Creating Session using : alias=localhost, url=http://localhost:8080, headers={},                     cookies={}, auth=None, timeout=None, proxies=None, verify=False,                     debug=0 </msg>
<status status="PASS" starttime="20220807 02:37:28.512" endtime="20220807 02:37:28.512"/>
</kw>
<kw name="Create Dictionary" library="BuiltIn">
<var>${headers}</var>
<arg>Content-Type=application/json</arg>
<doc>Creates and returns a dictionary based on the given ``items``.</doc>
<msg timestamp="20220807 02:37:28.514" level="INFO">${headers} = {'Content-Type': 'application/json'}</msg>
<status status="PASS" starttime="20220807 02:37:28.513" endtime="20220807 02:37:28.514"/>
</kw>
<kw name="Create Dictionary" library="BuiltIn">
<var>${params}</var>
<arg>name=movieName</arg>
<arg>movId=a0</arg>
<doc>Creates and returns a dictionary based on the given ``items``.</doc>
<msg timestamp="20220807 02:37:28.515" level="INFO">${params} = {'name': 'movieName', 'movId': 'a0'}</msg>
<status status="PASS" starttime="20220807 02:37:28.515" endtime="20220807 02:37:28.515"/>
</kw>
<kw name="Put Request" library="RequestsLibrary">
<var>${resp}</var>
<arg>localhost</arg>
<arg>/api/v1/addMovie</arg>
<arg>data=${params}</arg>
<arg>headers=${headers}</arg>
<doc>*DEPRECATED* Please use `PUT On Session` instead.</doc>
<msg timestamp="20220807 02:37:28.515" level="WARN">Keyword 'RequestsLibrary.Put Request' is deprecated. Please use `PUT On Session` instead.</msg>
<msg timestamp="20220807 02:37:28.520" level="INFO">PUT Request : url=http://localhost:8080/api/v1/addMovie 
 path_url=/api/v1/addMovie 
 headers={'User-Agent': 'python-requests/2.28.1', 'Accept-Encoding': 'gzip, deflate', 'Accept': '*/*', 'Connection': 'keep-alive', 'Content-Type': 'application/json', 'Content-Length': '36'} 
 body={"name": "movieName", "movId": "a0"} 
 </msg>
<msg timestamp="20220807 02:37:28.520" level="INFO">PUT Response : url=http://localhost:8080/api/v1/addMovie 
 status=400, reason=Bad Request 
 headers={'Date': 'Sun, 07 Aug 2022 06:37:28 GMT', 'Content-length': '73'} 
 body=The request body is improperly formatted or missing required information. 
 </msg>
<msg timestamp="20220807 02:37:28.520" level="INFO">${resp} = &lt;Response [400]&gt;</msg>
<status status="PASS" starttime="20220807 02:37:28.515" endtime="20220807 02:37:28.520"/>
</kw>
<kw name="Should Be Equal As Strings" library="BuiltIn">
<arg>${resp.status_code}</arg>
<arg>400</arg>
<doc>Fails if objects are unequal after converting them to strings.</doc>
<msg timestamp="20220807 02:37:28.521" level="INFO">Argument types are:
&lt;class 'int'&gt;
&lt;class 'str'&gt;</msg>
<status status="PASS" starttime="20220807 02:37:28.520" endtime="20220807 02:37:28.521"/>
</kw>
<timeout value="30 seconds"/>
<status status="PASS" starttime="20220807 02:37:28.511" endtime="20220807 02:37:28.522"/>
</test>
<test id="s1-t11" name="addMovieFail-MissingMovieId" line="78">
<kw name="Create Session" library="RequestsLibrary">
<arg>localhost</arg>
<arg>http://localhost:8080</arg>
<doc>Create Session: create a HTTP session to a server</doc>
<msg timestamp="20220807 02:37:28.524" level="INFO">Creating Session using : alias=localhost, url=http://localhost:8080, headers={},                     cookies={}, auth=None, timeout=None, proxies=None, verify=False,                     debug=0 </msg>
<status status="PASS" starttime="20220807 02:37:28.523" endtime="20220807 02:37:28.524"/>
</kw>
<kw name="Create Dictionary" library="BuiltIn">
<var>${headers}</var>
<arg>Content-Type=application/json</arg>
<doc>Creates and returns a dictionary based on the given ``items``.</doc>
<msg timestamp="20220807 02:37:28.524" level="INFO">${headers} = {'Content-Type': 'application/json'}</msg>
<status status="PASS" starttime="20220807 02:37:28.524" endtime="20220807 02:37:28.524"/>
</kw>
<kw name="Create Dictionary" library="BuiltIn">
<var>${params}</var>
<arg>name=movieName</arg>
<doc>Creates and returns a dictionary based on the given ``items``.</doc>
<msg timestamp="20220807 02:37:28.525" level="INFO">${params} = {'name': 'movieName'}</msg>
<status status="PASS" starttime="20220807 02:37:28.525" endtime="20220807 02:37:28.525"/>
</kw>
<kw name="Put Request" library="RequestsLibrary">
<var>${resp}</var>
<arg>localhost</arg>
<arg>/api/v1/addMovie</arg>
<arg>data=${params}</arg>
<arg>headers=${headers}</arg>
<doc>*DEPRECATED* Please use `PUT On Session` instead.</doc>
<msg timestamp="20220807 02:37:28.525" level="WARN">Keyword 'RequestsLibrary.Put Request' is deprecated. Please use `PUT On Session` instead.</msg>
<msg timestamp="20220807 02:37:28.529" level="INFO">PUT Request : url=http://localhost:8080/api/v1/addMovie 
 path_url=/api/v1/addMovie 
 headers={'User-Agent': 'python-requests/2.28.1', 'Accept-Encoding': 'gzip, deflate', 'Accept': '*/*', 'Connection': 'keep-alive', 'Content-Type': 'application/json', 'Content-Length': '21'} 
 body={"name": "movieName"} 
 </msg>
<msg timestamp="20220807 02:37:28.529" level="INFO">PUT Response : url=http://localhost:8080/api/v1/addMovie 
 status=400, reason=Bad Request 
 headers={'Date': 'Sun, 07 Aug 2022 06:37:28 GMT', 'Content-length': '73'} 
 body=The request body is improperly formatted or missing required information. 
 </msg>
<msg timestamp="20220807 02:37:28.529" level="INFO">${resp} = &lt;Response [400]&gt;</msg>
<status status="PASS" starttime="20220807 02:37:28.525" endtime="20220807 02:37:28.529"/>
</kw>
<kw name="Should Be Equal As Strings" library="BuiltIn">
<arg>${resp.status_code}</arg>
<arg>400</arg>
<doc>Fails if objects are unequal after converting them to strings.</doc>
<msg timestamp="20220807 02:37:28.531" level="INFO">Argument types are:
&lt;class 'int'&gt;
&lt;class 'str'&gt;</msg>
<status status="PASS" starttime="20220807 02:37:28.529" endtime="20220807 02:37:28.531"/>
</kw>
<timeout value="30 seconds"/>
<status status="PASS" starttime="20220807 02:37:28.523" endtime="20220807 02:37:28.532"/>
</test>
<test id="s1-t12" name="addRelationshipPass" line="85">
<kw name="Create Session" library="RequestsLibrary">
<arg>localhost</arg>
<arg>http://localhost:8080</arg>
<doc>Create Session: create a HTTP session to a server</doc>
<msg timestamp="20220807 02:37:28.534" level="INFO">Creating Session using : alias=localhost, url=http://localhost:8080, headers={},                     cookies={}, auth=None, timeout=None, proxies=None, verify=False,                     debug=0 </msg>
<status status="PASS" starttime="20220807 02:37:28.533" endtime="20220807 02:37:28.534"/>
</kw>
<kw name="Create Dictionary" library="BuiltIn">
<var>${headers}</var>
<arg>Content-Type=application/json</arg>
<doc>Creates and returns a dictionary based on the given ``items``.</doc>
<msg timestamp="20220807 02:37:28.534" level="INFO">${headers} = {'Content-Type': 'application/json'}</msg>
<status status="PASS" starttime="20220807 02:37:28.534" endtime="20220807 02:37:28.534"/>
</kw>
<kw name="Create Dictionary" library="BuiltIn">
<var>${params}</var>
<arg>actorId=a0</arg>
<arg>movieId=m0</arg>
<doc>Creates and returns a dictionary based on the given ``items``.</doc>
<msg timestamp="20220807 02:37:28.535" level="INFO">${params} = {'actorId': 'a0', 'movieId': 'm0'}</msg>
<status status="PASS" starttime="20220807 02:37:28.535" endtime="20220807 02:37:28.535"/>
</kw>
<kw name="Put Request" library="RequestsLibrary">
<var>${resp}</var>
<arg>localhost</arg>
<arg>/api/v1/addRelationship</arg>
<arg>data=${params}</arg>
<arg>headers=${headers}</arg>
<doc>*DEPRECATED* Please use `PUT On Session` instead.</doc>
<msg timestamp="20220807 02:37:28.536" level="WARN">Keyword 'RequestsLibrary.Put Request' is deprecated. Please use `PUT On Session` instead.</msg>
<msg timestamp="20220807 02:37:28.586" level="INFO">PUT Request : url=http://localhost:8080/api/v1/addRelationship 
 path_url=/api/v1/addRelationship 
 headers={'User-Agent': 'python-requests/2.28.1', 'Accept-Encoding': 'gzip, deflate', 'Accept': '*/*', 'Connection': 'keep-alive', 'Content-Type': 'application/json', 'Content-Length': '34'} 
 body={"actorId": "a0", "movieId": "m0"} 
 </msg>
<msg timestamp="20220807 02:37:28.586" level="INFO">PUT Response : url=http://localhost:8080/api/v1/addRelationship 
 status=200, reason=OK 
 headers={'Date': 'Sun, 07 Aug 2022 06:37:28 GMT', 'Content-length': '41'} 
 body=ACTED_IN relationship added successfully. 
 </msg>
<msg timestamp="20220807 02:37:28.587" level="INFO">${resp} = &lt;Response [200]&gt;</msg>
<status status="PASS" starttime="20220807 02:37:28.536" endtime="20220807 02:37:28.587"/>
</kw>
<kw name="Should Be Equal As Strings" library="BuiltIn">
<arg>${resp.status_code}</arg>
<arg>200</arg>
<doc>Fails if objects are unequal after converting them to strings.</doc>
<msg timestamp="20220807 02:37:28.589" level="INFO">Argument types are:
&lt;class 'int'&gt;
&lt;class 'str'&gt;</msg>
<status status="PASS" starttime="20220807 02:37:28.587" endtime="20220807 02:37:28.589"/>
</kw>
<timeout value="30 seconds"/>
<status status="PASS" starttime="20220807 02:37:28.532" endtime="20220807 02:37:28.589"/>
</test>
<test id="s1-t13" name="addRelationshipPass-RelationshipWithKevinBacon" line="92">
<kw name="Create Session" library="RequestsLibrary">
<arg>localhost</arg>
<arg>http://localhost:8080</arg>
<doc>Create Session: create a HTTP session to a server</doc>
<msg timestamp="20220807 02:37:28.592" level="INFO">Creating Session using : alias=localhost, url=http://localhost:8080, headers={},                     cookies={}, auth=None, timeout=None, proxies=None, verify=False,                     debug=0 </msg>
<status status="PASS" starttime="20220807 02:37:28.590" endtime="20220807 02:37:28.592"/>
</kw>
<kw name="Create Dictionary" library="BuiltIn">
<var>${headers}</var>
<arg>Content-Type=application/json</arg>
<doc>Creates and returns a dictionary based on the given ``items``.</doc>
<msg timestamp="20220807 02:37:28.592" level="INFO">${headers} = {'Content-Type': 'application/json'}</msg>
<status status="PASS" starttime="20220807 02:37:28.592" endtime="20220807 02:37:28.592"/>
</kw>
<kw name="Create Dictionary" library="BuiltIn">
<var>${params}</var>
<arg>actorId=nm0000102</arg>
<arg>movieId=m0</arg>
<doc>Creates and returns a dictionary based on the given ``items``.</doc>
<msg timestamp="20220807 02:37:28.593" level="INFO">${params} = {'actorId': 'nm0000102', 'movieId': 'm0'}</msg>
<status status="PASS" starttime="20220807 02:37:28.593" endtime="20220807 02:37:28.593"/>
</kw>
<kw name="Put Request" library="RequestsLibrary">
<var>${resp}</var>
<arg>localhost</arg>
<arg>/api/v1/addRelationship</arg>
<arg>data=${params}</arg>
<arg>headers=${headers}</arg>
<doc>*DEPRECATED* Please use `PUT On Session` instead.</doc>
<msg timestamp="20220807 02:37:28.593" level="WARN">Keyword 'RequestsLibrary.Put Request' is deprecated. Please use `PUT On Session` instead.</msg>
<msg timestamp="20220807 02:37:28.649" level="INFO">PUT Request : url=http://localhost:8080/api/v1/addRelationship 
 path_url=/api/v1/addRelationship 
 headers={'User-Agent': 'python-requests/2.28.1', 'Accept-Encoding': 'gzip, deflate', 'Accept': '*/*', 'Connection': 'keep-alive', 'Content-Type': 'application/json', 'Content-Length': '41'} 
 body={"actorId": "nm0000102", "movieId": "m0"} 
 </msg>
<msg timestamp="20220807 02:37:28.649" level="INFO">PUT Response : url=http://localhost:8080/api/v1/addRelationship 
 status=200, reason=OK 
 headers={'Date': 'Sun, 07 Aug 2022 06:37:28 GMT', 'Content-length': '41'} 
 body=ACTED_IN relationship added successfully. 
 </msg>
<msg timestamp="20220807 02:37:28.649" level="INFO">${resp} = &lt;Response [200]&gt;</msg>
<status status="PASS" starttime="20220807 02:37:28.593" endtime="20220807 02:37:28.649"/>
</kw>
<kw name="Should Be Equal As Strings" library="BuiltIn">
<arg>${resp.status_code}</arg>
<arg>200</arg>
<doc>Fails if objects are unequal after converting them to strings.</doc>
<msg timestamp="20220807 02:37:28.651" level="INFO">Argument types are:
&lt;class 'int'&gt;
&lt;class 'str'&gt;</msg>
<status status="PASS" starttime="20220807 02:37:28.650" endtime="20220807 02:37:28.651"/>
</kw>
<timeout value="30 seconds"/>
<status status="PASS" starttime="20220807 02:37:28.590" endtime="20220807 02:37:28.651"/>
</test>
<test id="s1-t14" name="addRelationshipFail-RelationshipAlreadyExists" line="99">
<kw name="Create Session" library="RequestsLibrary">
<arg>localhost</arg>
<arg>http://localhost:8080</arg>
<doc>Create Session: create a HTTP session to a server</doc>
<msg timestamp="20220807 02:37:28.653" level="INFO">Creating Session using : alias=localhost, url=http://localhost:8080, headers={},                     cookies={}, auth=None, timeout=None, proxies=None, verify=False,                     debug=0 </msg>
<status status="PASS" starttime="20220807 02:37:28.653" endtime="20220807 02:37:28.653"/>
</kw>
<kw name="Create Dictionary" library="BuiltIn">
<var>${headers}</var>
<arg>Content-Type=application/json</arg>
<doc>Creates and returns a dictionary based on the given ``items``.</doc>
<msg timestamp="20220807 02:37:28.654" level="INFO">${headers} = {'Content-Type': 'application/json'}</msg>
<status status="PASS" starttime="20220807 02:37:28.654" endtime="20220807 02:37:28.654"/>
</kw>
<kw name="Create Dictionary" library="BuiltIn">
<var>${params}</var>
<arg>actorId=a0</arg>
<arg>movieId=m0</arg>
<doc>Creates and returns a dictionary based on the given ``items``.</doc>
<msg timestamp="20220807 02:37:28.655" level="INFO">${params} = {'actorId': 'a0', 'movieId': 'm0'}</msg>
<status status="PASS" starttime="20220807 02:37:28.654" endtime="20220807 02:37:28.655"/>
</kw>
<kw name="Put Request" library="RequestsLibrary">
<var>${resp}</var>
<arg>localhost</arg>
<arg>/api/v1/addRelationship</arg>
<arg>data=${params}</arg>
<arg>headers=${headers}</arg>
<doc>*DEPRECATED* Please use `PUT On Session` instead.</doc>
<msg timestamp="20220807 02:37:28.655" level="WARN">Keyword 'RequestsLibrary.Put Request' is deprecated. Please use `PUT On Session` instead.</msg>
<msg timestamp="20220807 02:37:28.675" level="INFO">PUT Request : url=http://localhost:8080/api/v1/addRelationship 
 path_url=/api/v1/addRelationship 
 headers={'User-Agent': 'python-requests/2.28.1', 'Accept-Encoding': 'gzip, deflate', 'Accept': '*/*', 'Connection': 'keep-alive', 'Content-Type': 'application/json', 'Content-Length': '34'} 
 body={"actorId": "a0", "movieId": "m0"} 
 </msg>
<msg timestamp="20220807 02:37:28.675" level="INFO">PUT Response : url=http://localhost:8080/api/v1/addRelationship 
 status=400, reason=Bad Request 
 headers={'Date': 'Sun, 07 Aug 2022 06:37:28 GMT', 'Content-length': '27'} 
 body=Relationship already exists 
 </msg>
<msg timestamp="20220807 02:37:28.676" level="INFO">${resp} = &lt;Response [400]&gt;</msg>
<status status="PASS" starttime="20220807 02:37:28.655" endtime="20220807 02:37:28.676"/>
</kw>
<kw name="Should Be Equal As Strings" library="BuiltIn">
<arg>${resp.status_code}</arg>
<arg>400</arg>
<doc>Fails if objects are unequal after converting them to strings.</doc>
<msg timestamp="20220807 02:37:28.677" level="INFO">Argument types are:
&lt;class 'int'&gt;
&lt;class 'str'&gt;</msg>
<status status="PASS" starttime="20220807 02:37:28.677" endtime="20220807 02:37:28.678"/>
</kw>
<timeout value="30 seconds"/>
<status status="PASS" starttime="20220807 02:37:28.652" endtime="20220807 02:37:28.678"/>
</test>
<test id="s1-t15" name="addRelationshipFail-IncorrectParameters" line="106">
<kw name="Create Session" library="RequestsLibrary">
<arg>localhost</arg>
<arg>http://localhost:8080</arg>
<doc>Create Session: create a HTTP session to a server</doc>
<msg timestamp="20220807 02:37:28.680" level="INFO">Creating Session using : alias=localhost, url=http://localhost:8080, headers={},                     cookies={}, auth=None, timeout=None, proxies=None, verify=False,                     debug=0 </msg>
<status status="PASS" starttime="20220807 02:37:28.680" endtime="20220807 02:37:28.680"/>
</kw>
<kw name="Create Dictionary" library="BuiltIn">
<var>${headers}</var>
<arg>Content-Type=application/json</arg>
<doc>Creates and returns a dictionary based on the given ``items``.</doc>
<msg timestamp="20220807 02:37:28.681" level="INFO">${headers} = {'Content-Type': 'application/json'}</msg>
<status status="PASS" starttime="20220807 02:37:28.681" endtime="20220807 02:37:28.681"/>
</kw>
<kw name="Create Dictionary" library="BuiltIn">
<var>${params}</var>
<arg>actorId=a0</arg>
<arg>moeId=m0</arg>
<doc>Creates and returns a dictionary based on the given ``items``.</doc>
<msg timestamp="20220807 02:37:28.681" level="INFO">${params} = {'actorId': 'a0', 'moeId': 'm0'}</msg>
<status status="PASS" starttime="20220807 02:37:28.681" endtime="20220807 02:37:28.681"/>
</kw>
<kw name="Put Request" library="RequestsLibrary">
<var>${resp}</var>
<arg>localhost</arg>
<arg>/api/v1/addRelationship</arg>
<arg>data=${params}</arg>
<arg>headers=${headers}</arg>
<doc>*DEPRECATED* Please use `PUT On Session` instead.</doc>
<msg timestamp="20220807 02:37:28.681" level="WARN">Keyword 'RequestsLibrary.Put Request' is deprecated. Please use `PUT On Session` instead.</msg>
<msg timestamp="20220807 02:37:28.685" level="INFO">PUT Request : url=http://localhost:8080/api/v1/addRelationship 
 path_url=/api/v1/addRelationship 
 headers={'User-Agent': 'python-requests/2.28.1', 'Accept-Encoding': 'gzip, deflate', 'Accept': '*/*', 'Connection': 'keep-alive', 'Content-Type': 'application/json', 'Content-Length': '32'} 
 body={"actorId": "a0", "moeId": "m0"} 
 </msg>
<msg timestamp="20220807 02:37:28.686" level="INFO">PUT Response : url=http://localhost:8080/api/v1/addRelationship 
 status=400, reason=Bad Request 
 headers={'Date': 'Sun, 07 Aug 2022 06:37:28 GMT', 'Content-length': '73'} 
 body=The request body is improperly formatted or missing required information. 
 </msg>
<msg timestamp="20220807 02:37:28.686" level="INFO">${resp} = &lt;Response [400]&gt;</msg>
<status status="PASS" starttime="20220807 02:37:28.681" endtime="20220807 02:37:28.686"/>
</kw>
<kw name="Should Be Equal As Strings" library="BuiltIn">
<arg>${resp.status_code}</arg>
<arg>400</arg>
<doc>Fails if objects are unequal after converting them to strings.</doc>
<msg timestamp="20220807 02:37:28.687" level="INFO">Argument types are:
&lt;class 'int'&gt;
&lt;class 'str'&gt;</msg>
<status status="PASS" starttime="20220807 02:37:28.686" endtime="20220807 02:37:28.687"/>
</kw>
<timeout value="30 seconds"/>
<status status="PASS" starttime="20220807 02:37:28.679" endtime="20220807 02:37:28.688"/>
</test>
<test id="s1-t16" name="addRelationshipFail-MissingMovieId" line="113">
<kw name="Create Session" library="RequestsLibrary">
<arg>localhost</arg>
<arg>http://localhost:8080</arg>
<doc>Create Session: create a HTTP session to a server</doc>
<msg timestamp="20220807 02:37:28.690" level="INFO">Creating Session using : alias=localhost, url=http://localhost:8080, headers={},                     cookies={}, auth=None, timeout=None, proxies=None, verify=False,                     debug=0 </msg>
<status status="PASS" starttime="20220807 02:37:28.689" endtime="20220807 02:37:28.690"/>
</kw>
<kw name="Create Dictionary" library="BuiltIn">
<var>${headers}</var>
<arg>Content-Type=application/json</arg>
<doc>Creates and returns a dictionary based on the given ``items``.</doc>
<msg timestamp="20220807 02:37:28.691" level="INFO">${headers} = {'Content-Type': 'application/json'}</msg>
<status status="PASS" starttime="20220807 02:37:28.691" endtime="20220807 02:37:28.691"/>
</kw>
<kw name="Create Dictionary" library="BuiltIn">
<var>${params}</var>
<arg>actorId=a0</arg>
<doc>Creates and returns a dictionary based on the given ``items``.</doc>
<msg timestamp="20220807 02:37:28.692" level="INFO">${params} = {'actorId': 'a0'}</msg>
<status status="PASS" starttime="20220807 02:37:28.692" endtime="20220807 02:37:28.692"/>
</kw>
<kw name="Put Request" library="RequestsLibrary">
<var>${resp}</var>
<arg>localhost</arg>
<arg>/api/v1/addRelationship</arg>
<arg>data=${params}</arg>
<arg>headers=${headers}</arg>
<doc>*DEPRECATED* Please use `PUT On Session` instead.</doc>
<msg timestamp="20220807 02:37:28.692" level="WARN">Keyword 'RequestsLibrary.Put Request' is deprecated. Please use `PUT On Session` instead.</msg>
<msg timestamp="20220807 02:37:28.696" level="INFO">PUT Request : url=http://localhost:8080/api/v1/addRelationship 
 path_url=/api/v1/addRelationship 
 headers={'User-Agent': 'python-requests/2.28.1', 'Accept-Encoding': 'gzip, deflate', 'Accept': '*/*', 'Connection': 'keep-alive', 'Content-Type': 'application/json', 'Content-Length': '17'} 
 body={"actorId": "a0"} 
 </msg>
<msg timestamp="20220807 02:37:28.696" level="INFO">PUT Response : url=http://localhost:8080/api/v1/addRelationship 
 status=400, reason=Bad Request 
 headers={'Date': 'Sun, 07 Aug 2022 06:37:28 GMT', 'Content-length': '73'} 
 body=The request body is improperly formatted or missing required information. 
 </msg>
<msg timestamp="20220807 02:37:28.696" level="INFO">${resp} = &lt;Response [400]&gt;</msg>
<status status="PASS" starttime="20220807 02:37:28.692" endtime="20220807 02:37:28.696"/>
</kw>
<kw name="Should Be Equal As Strings" library="BuiltIn">
<arg>${resp.status_code}</arg>
<arg>400</arg>
<doc>Fails if objects are unequal after converting them to strings.</doc>
<msg timestamp="20220807 02:37:28.698" level="INFO">Argument types are:
&lt;class 'int'&gt;
&lt;class 'str'&gt;</msg>
<status status="PASS" starttime="20220807 02:37:28.697" endtime="20220807 02:37:28.698"/>
</kw>
<timeout value="30 seconds"/>
<status status="PASS" starttime="20220807 02:37:28.689" endtime="20220807 02:37:28.698"/>
</test>
<test id="s1-t17" name="addRelationshipFail-ActorIdDoesNotExist" line="120">
<kw name="Create Session" library="RequestsLibrary">
<arg>localhost</arg>
<arg>http://localhost:8080</arg>
<doc>Create Session: create a HTTP session to a server</doc>
<msg timestamp="20220807 02:37:28.701" level="INFO">Creating Session using : alias=localhost, url=http://localhost:8080, headers={},                     cookies={}, auth=None, timeout=None, proxies=None, verify=False,                     debug=0 </msg>
<status status="PASS" starttime="20220807 02:37:28.700" endtime="20220807 02:37:28.701"/>
</kw>
<kw name="Create Dictionary" library="BuiltIn">
<var>${headers}</var>
<arg>Content-Type=application/json</arg>
<doc>Creates and returns a dictionary based on the given ``items``.</doc>
<msg timestamp="20220807 02:37:28.701" level="INFO">${headers} = {'Content-Type': 'application/json'}</msg>
<status status="PASS" starttime="20220807 02:37:28.701" endtime="20220807 02:37:28.702"/>
</kw>
<kw name="Create Dictionary" library="BuiltIn">
<var>${params}</var>
<arg>actorId=a3726543</arg>
<arg>movieId=m0</arg>
<doc>Creates and returns a dictionary based on the given ``items``.</doc>
<msg timestamp="20220807 02:37:28.702" level="INFO">${params} = {'actorId': 'a3726543', 'movieId': 'm0'}</msg>
<status status="PASS" starttime="20220807 02:37:28.702" endtime="20220807 02:37:28.702"/>
</kw>
<kw name="Put Request" library="RequestsLibrary">
<var>${resp}</var>
<arg>localhost</arg>
<arg>/api/v1/addRelationship</arg>
<arg>data=${params}</arg>
<arg>headers=${headers}</arg>
<doc>*DEPRECATED* Please use `PUT On Session` instead.</doc>
<msg timestamp="20220807 02:37:28.703" level="WARN">Keyword 'RequestsLibrary.Put Request' is deprecated. Please use `PUT On Session` instead.</msg>
<msg timestamp="20220807 02:37:28.719" level="INFO">PUT Request : url=http://localhost:8080/api/v1/addRelationship 
 path_url=/api/v1/addRelationship 
 headers={'User-Agent': 'python-requests/2.28.1', 'Accept-Encoding': 'gzip, deflate', 'Accept': '*/*', 'Connection': 'keep-alive', 'Content-Type': 'application/json', 'Content-Length': '40'} 
 body={"actorId": "a3726543", "movieId": "m0"} 
 </msg>
<msg timestamp="20220807 02:37:28.719" level="INFO">PUT Response : url=http://localhost:8080/api/v1/addRelationship 
 status=404, reason=Not Found 
 headers={'Date': 'Sun, 07 Aug 2022 06:37:28 GMT', 'Content-length': '20'} 
 body=Actor does not exist 
 </msg>
<msg timestamp="20220807 02:37:28.719" level="INFO">${resp} = &lt;Response [404]&gt;</msg>
<status status="PASS" starttime="20220807 02:37:28.702" endtime="20220807 02:37:28.719"/>
</kw>
<kw name="Should Be Equal As Strings" library="BuiltIn">
<arg>${resp.status_code}</arg>
<arg>404</arg>
<doc>Fails if objects are unequal after converting them to strings.</doc>
<msg timestamp="20220807 02:37:28.722" level="INFO">Argument types are:
&lt;class 'int'&gt;
&lt;class 'str'&gt;</msg>
<status status="PASS" starttime="20220807 02:37:28.720" endtime="20220807 02:37:28.722"/>
</kw>
<timeout value="30 seconds"/>
<status status="PASS" starttime="20220807 02:37:28.699" endtime="20220807 02:37:28.722"/>
</test>
<test id="s1-t18" name="addRelationshipFail-MovieIdDoesNotExist" line="127">
<kw name="Create Session" library="RequestsLibrary">
<arg>localhost</arg>
<arg>http://localhost:8080</arg>
<doc>Create Session: create a HTTP session to a server</doc>
<msg timestamp="20220807 02:37:28.725" level="INFO">Creating Session using : alias=localhost, url=http://localhost:8080, headers={},                     cookies={}, auth=None, timeout=None, proxies=None, verify=False,                     debug=0 </msg>
<status status="PASS" starttime="20220807 02:37:28.724" endtime="20220807 02:37:28.725"/>
</kw>
<kw name="Create Dictionary" library="BuiltIn">
<var>${headers}</var>
<arg>Content-Type=application/json</arg>
<doc>Creates and returns a dictionary based on the given ``items``.</doc>
<msg timestamp="20220807 02:37:28.725" level="INFO">${headers} = {'Content-Type': 'application/json'}</msg>
<status status="PASS" starttime="20220807 02:37:28.725" endtime="20220807 02:37:28.725"/>
</kw>
<kw name="Create Dictionary" library="BuiltIn">
<var>${params}</var>
<arg>actorId=a0</arg>
<arg>movieId=m43754435</arg>
<doc>Creates and returns a dictionary based on the given ``items``.</doc>
<msg timestamp="20220807 02:37:28.726" level="INFO">${params} = {'actorId': 'a0', 'movieId': 'm43754435'}</msg>
<status status="PASS" starttime="20220807 02:37:28.726" endtime="20220807 02:37:28.726"/>
</kw>
<kw name="Put Request" library="RequestsLibrary">
<var>${resp}</var>
<arg>localhost</arg>
<arg>/api/v1/addRelationship</arg>
<arg>data=${params}</arg>
<arg>headers=${headers}</arg>
<doc>*DEPRECATED* Please use `PUT On Session` instead.</doc>
<msg timestamp="20220807 02:37:28.726" level="WARN">Keyword 'RequestsLibrary.Put Request' is deprecated. Please use `PUT On Session` instead.</msg>
<msg timestamp="20220807 02:37:28.742" level="INFO">PUT Request : url=http://localhost:8080/api/v1/addRelationship 
 path_url=/api/v1/addRelationship 
 headers={'User-Agent': 'python-requests/2.28.1', 'Accept-Encoding': 'gzip, deflate', 'Accept': '*/*', 'Connection': 'keep-alive', 'Content-Type': 'application/json', 'Content-Length': '41'} 
 body={"actorId": "a0", "movieId": "m43754435"} 
 </msg>
<msg timestamp="20220807 02:37:28.742" level="INFO">PUT Response : url=http://localhost:8080/api/v1/addRelationship 
 status=404, reason=Not Found 
 headers={'Date': 'Sun, 07 Aug 2022 06:37:28 GMT', 'Content-length': '20'} 
 body=Movie does not exist 
 </msg>
<msg timestamp="20220807 02:37:28.742" level="INFO">${resp} = &lt;Response [404]&gt;</msg>
<status status="PASS" starttime="20220807 02:37:28.726" endtime="20220807 02:37:28.742"/>
</kw>
<kw name="Should Be Equal As Strings" library="BuiltIn">
<arg>${resp.status_code}</arg>
<arg>404</arg>
<doc>Fails if objects are unequal after converting them to strings.</doc>
<msg timestamp="20220807 02:37:28.744" level="INFO">Argument types are:
&lt;class 'int'&gt;
&lt;class 'str'&gt;</msg>
<status status="PASS" starttime="20220807 02:37:28.743" endtime="20220807 02:37:28.744"/>
</kw>
<timeout value="30 seconds"/>
<status status="PASS" starttime="20220807 02:37:28.724" endtime="20220807 02:37:28.745"/>
</test>
<test id="s1-t19" name="addRelationshipFail-ActorIdAndMovieIdDoesNotExist" line="134">
<kw name="Create Session" library="RequestsLibrary">
<arg>localhost</arg>
<arg>http://localhost:8080</arg>
<doc>Create Session: create a HTTP session to a server</doc>
<msg timestamp="20220807 02:37:28.747" level="INFO">Creating Session using : alias=localhost, url=http://localhost:8080, headers={},                     cookies={}, auth=None, timeout=None, proxies=None, verify=False,                     debug=0 </msg>
<status status="PASS" starttime="20220807 02:37:28.747" endtime="20220807 02:37:28.748"/>
</kw>
<kw name="Create Dictionary" library="BuiltIn">
<var>${headers}</var>
<arg>Content-Type=application/json</arg>
<doc>Creates and returns a dictionary based on the given ``items``.</doc>
<msg timestamp="20220807 02:37:28.748" level="INFO">${headers} = {'Content-Type': 'application/json'}</msg>
<status status="PASS" starttime="20220807 02:37:28.748" endtime="20220807 02:37:28.748"/>
</kw>
<kw name="Create Dictionary" library="BuiltIn">
<var>${params}</var>
<arg>actorId=a563645</arg>
<arg>movieId=m43645653</arg>
<doc>Creates and returns a dictionary based on the given ``items``.</doc>
<msg timestamp="20220807 02:37:28.749" level="INFO">${params} = {'actorId': 'a563645', 'movieId': 'm43645653'}</msg>
<status status="PASS" starttime="20220807 02:37:28.749" endtime="20220807 02:37:28.749"/>
</kw>
<kw name="Put Request" library="RequestsLibrary">
<var>${resp}</var>
<arg>localhost</arg>
<arg>/api/v1/addRelationship</arg>
<arg>data=${params}</arg>
<arg>headers=${headers}</arg>
<doc>*DEPRECATED* Please use `PUT On Session` instead.</doc>
<msg timestamp="20220807 02:37:28.749" level="WARN">Keyword 'RequestsLibrary.Put Request' is deprecated. Please use `PUT On Session` instead.</msg>
<msg timestamp="20220807 02:37:28.765" level="INFO">PUT Request : url=http://localhost:8080/api/v1/addRelationship 
 path_url=/api/v1/addRelationship 
 headers={'User-Agent': 'python-requests/2.28.1', 'Accept-Encoding': 'gzip, deflate', 'Accept': '*/*', 'Connection': 'keep-alive', 'Content-Type': 'application/json', 'Content-Length': '46'} 
 body={"actorId": "a563645", "movieId": "m43645653"} 
 </msg>
<msg timestamp="20220807 02:37:28.766" level="INFO">PUT Response : url=http://localhost:8080/api/v1/addRelationship 
 status=404, reason=Not Found 
 headers={'Date': 'Sun, 07 Aug 2022 06:37:28 GMT', 'Content-length': '28'} 
 body=Actor and Movie do not exist 
 </msg>
<msg timestamp="20220807 02:37:28.766" level="INFO">${resp} = &lt;Response [404]&gt;</msg>
<status status="PASS" starttime="20220807 02:37:28.749" endtime="20220807 02:37:28.766"/>
</kw>
<kw name="Should Be Equal As Strings" library="BuiltIn">
<arg>${resp.status_code}</arg>
<arg>404</arg>
<doc>Fails if objects are unequal after converting them to strings.</doc>
<msg timestamp="20220807 02:37:28.767" level="INFO">Argument types are:
&lt;class 'int'&gt;
&lt;class 'str'&gt;</msg>
<status status="PASS" starttime="20220807 02:37:28.766" endtime="20220807 02:37:28.767"/>
</kw>
<timeout value="30 seconds"/>
<status status="PASS" starttime="20220807 02:37:28.747" endtime="20220807 02:37:28.768"/>
</test>
<test id="s1-t20" name="getActorPass" line="141">
<kw name="Create Session" library="RequestsLibrary">
<arg>localhost</arg>
<arg>http://localhost:8080</arg>
<doc>Create Session: create a HTTP session to a server</doc>
<msg timestamp="20220807 02:37:28.770" level="INFO">Creating Session using : alias=localhost, url=http://localhost:8080, headers={},                     cookies={}, auth=None, timeout=None, proxies=None, verify=False,                     debug=0 </msg>
<status status="PASS" starttime="20220807 02:37:28.769" endtime="20220807 02:37:28.770"/>
</kw>
<kw name="Create Dictionary" library="BuiltIn">
<var>${headers}</var>
<arg>Content-Type=application/json</arg>
<doc>Creates and returns a dictionary based on the given ``items``.</doc>
<msg timestamp="20220807 02:37:28.771" level="INFO">${headers} = {'Content-Type': 'application/json'}</msg>
<status status="PASS" starttime="20220807 02:37:28.771" endtime="20220807 02:37:28.771"/>
</kw>
<kw name="Create Dictionary" library="BuiltIn">
<var>${params}</var>
<arg>actorId=a0</arg>
<doc>Creates and returns a dictionary based on the given ``items``.</doc>
<msg timestamp="20220807 02:37:28.772" level="INFO">${params} = {'actorId': 'a0'}</msg>
<status status="PASS" starttime="20220807 02:37:28.772" endtime="20220807 02:37:28.772"/>
</kw>
<kw name="Get Request" library="RequestsLibrary">
<var>${resp}</var>
<arg>localhost</arg>
<arg>/api/v1/getActor</arg>
<arg>json=${params}</arg>
<arg>headers=${headers}</arg>
<doc>*DEPRECATED* Please use `GET On Session` instead.</doc>
<msg timestamp="20220807 02:37:28.772" level="WARN">Keyword 'RequestsLibrary.Get Request' is deprecated. Please use `GET On Session` instead.</msg>
<msg timestamp="20220807 02:37:28.790" level="INFO">GET Request : url=http://localhost:8080/api/v1/getActor 
 path_url=/api/v1/getActor 
 headers={'User-Agent': 'python-requests/2.28.1', 'Accept-Encoding': 'gzip, deflate', 'Accept': '*/*', 'Connection': 'keep-alive', 'Content-Type': 'application/json', 'Content-Length': '17'} 
 body=b'{"actorId": "a0"}' 
 </msg>
<msg timestamp="20220807 02:37:28.790" level="INFO">GET Response : url=http://localhost:8080/api/v1/getActor 
 status=200, reason=OK 
 headers={'Date': 'Sun, 07 Aug 2022 06:37:28 GMT', 'Content-length': '69'} 
 body={
 "actorId": a0,
 "name": "actorName",
 "movies": [
    "m0"
    ]
} 
 </msg>
<msg timestamp="20220807 02:37:28.790" level="INFO">${resp} = &lt;Response [200]&gt;</msg>
<status status="PASS" starttime="20220807 02:37:28.772" endtime="20220807 02:37:28.790"/>
</kw>
<kw name="Should Be Equal As Strings" library="BuiltIn">
<arg>${resp.status_code}</arg>
<arg>200</arg>
<doc>Fails if objects are unequal after converting them to strings.</doc>
<msg timestamp="20220807 02:37:28.792" level="INFO">Argument types are:
&lt;class 'int'&gt;
&lt;class 'str'&gt;</msg>
<status status="PASS" starttime="20220807 02:37:28.791" endtime="20220807 02:37:28.792"/>
</kw>
<timeout value="30 seconds"/>
<status status="PASS" starttime="20220807 02:37:28.769" endtime="20220807 02:37:28.792"/>
</test>
<test id="s1-t21" name="getActorFail-ActorIdDoesNotExist" line="148">
<kw name="Create Session" library="RequestsLibrary">
<arg>localhost</arg>
<arg>http://localhost:8080</arg>
<doc>Create Session: create a HTTP session to a server</doc>
<msg timestamp="20220807 02:37:28.796" level="INFO">Creating Session using : alias=localhost, url=http://localhost:8080, headers={},                     cookies={}, auth=None, timeout=None, proxies=None, verify=False,                     debug=0 </msg>
<status status="PASS" starttime="20220807 02:37:28.794" endtime="20220807 02:37:28.796"/>
</kw>
<kw name="Create Dictionary" library="BuiltIn">
<var>${headers}</var>
<arg>Content-Type=application/json</arg>
<doc>Creates and returns a dictionary based on the given ``items``.</doc>
<msg timestamp="20220807 02:37:28.796" level="INFO">${headers} = {'Content-Type': 'application/json'}</msg>
<status status="PASS" starttime="20220807 02:37:28.796" endtime="20220807 02:37:28.796"/>
</kw>
<kw name="Create Dictionary" library="BuiltIn">
<var>${params}</var>
<arg>actorId=a7236487243</arg>
<doc>Creates and returns a dictionary based on the given ``items``.</doc>
<msg timestamp="20220807 02:37:28.797" level="INFO">${params} = {'actorId': 'a7236487243'}</msg>
<status status="PASS" starttime="20220807 02:37:28.797" endtime="20220807 02:37:28.797"/>
</kw>
<kw name="Get Request" library="RequestsLibrary">
<var>${resp}</var>
<arg>localhost</arg>
<arg>/api/v1/getActor</arg>
<arg>json=${params}</arg>
<arg>headers=${headers}</arg>
<doc>*DEPRECATED* Please use `GET On Session` instead.</doc>
<msg timestamp="20220807 02:37:28.797" level="WARN">Keyword 'RequestsLibrary.Get Request' is deprecated. Please use `GET On Session` instead.</msg>
<msg timestamp="20220807 02:37:28.807" level="INFO">GET Request : url=http://localhost:8080/api/v1/getActor 
 path_url=/api/v1/getActor 
 headers={'User-Agent': 'python-requests/2.28.1', 'Accept-Encoding': 'gzip, deflate', 'Accept': '*/*', 'Connection': 'keep-alive', 'Content-Type': 'application/json', 'Content-Length': '26'} 
 body=b'{"actorId": "a7236487243"}' 
 </msg>
<msg timestamp="20220807 02:37:28.807" level="INFO">GET Response : url=http://localhost:8080/api/v1/getActor 
 status=404, reason=Not Found 
 headers={'Date': 'Sun, 07 Aug 2022 06:37:28 GMT', 'Content-length': '44'} 
 body=Given ActorId does not exist in the database 
 </msg>
<msg timestamp="20220807 02:37:28.807" level="INFO">${resp} = &lt;Response [404]&gt;</msg>
<status status="PASS" starttime="20220807 02:37:28.797" endtime="20220807 02:37:28.807"/>
</kw>
<kw name="Should Be Equal As Strings" library="BuiltIn">
<arg>${resp.status_code}</arg>
<arg>404</arg>
<doc>Fails if objects are unequal after converting them to strings.</doc>
<msg timestamp="20220807 02:37:28.809" level="INFO">Argument types are:
&lt;class 'int'&gt;
&lt;class 'str'&gt;</msg>
<status status="PASS" starttime="20220807 02:37:28.808" endtime="20220807 02:37:28.809"/>
</kw>
<timeout value="30 seconds"/>
<status status="PASS" starttime="20220807 02:37:28.794" endtime="20220807 02:37:28.810"/>
</test>
<test id="s1-t22" name="getActorFail-IncorrectParameters" line="155">
<kw name="Create Session" library="RequestsLibrary">
<arg>localhost</arg>
<arg>http://localhost:8080</arg>
<doc>Create Session: create a HTTP session to a server</doc>
<msg timestamp="20220807 02:37:28.812" level="INFO">Creating Session using : alias=localhost, url=http://localhost:8080, headers={},                     cookies={}, auth=None, timeout=None, proxies=None, verify=False,                     debug=0 </msg>
<status status="PASS" starttime="20220807 02:37:28.812" endtime="20220807 02:37:28.812"/>
</kw>
<kw name="Create Dictionary" library="BuiltIn">
<var>${headers}</var>
<arg>Content-Type=application/json</arg>
<doc>Creates and returns a dictionary based on the given ``items``.</doc>
<msg timestamp="20220807 02:37:28.813" level="INFO">${headers} = {'Content-Type': 'application/json'}</msg>
<status status="PASS" starttime="20220807 02:37:28.813" endtime="20220807 02:37:28.813"/>
</kw>
<kw name="Create Dictionary" library="BuiltIn">
<var>${params}</var>
<arg>actId=a0</arg>
<doc>Creates and returns a dictionary based on the given ``items``.</doc>
<msg timestamp="20220807 02:37:28.814" level="INFO">${params} = {'actId': 'a0'}</msg>
<status status="PASS" starttime="20220807 02:37:28.814" endtime="20220807 02:37:28.814"/>
</kw>
<kw name="Get Request" library="RequestsLibrary">
<var>${resp}</var>
<arg>localhost</arg>
<arg>/api/v1/getActor</arg>
<arg>json=${params}</arg>
<arg>headers=${headers}</arg>
<doc>*DEPRECATED* Please use `GET On Session` instead.</doc>
<msg timestamp="20220807 02:37:28.814" level="WARN">Keyword 'RequestsLibrary.Get Request' is deprecated. Please use `GET On Session` instead.</msg>
<msg timestamp="20220807 02:37:28.818" level="INFO">GET Request : url=http://localhost:8080/api/v1/getActor 
 path_url=/api/v1/getActor 
 headers={'User-Agent': 'python-requests/2.28.1', 'Accept-Encoding': 'gzip, deflate', 'Accept': '*/*', 'Connection': 'keep-alive', 'Content-Type': 'application/json', 'Content-Length': '15'} 
 body=b'{"actId": "a0"}' 
 </msg>
<msg timestamp="20220807 02:37:28.818" level="INFO">GET Response : url=http://localhost:8080/api/v1/getActor 
 status=400, reason=Bad Request 
 headers={'Date': 'Sun, 07 Aug 2022 06:37:28 GMT', 'Content-length': '33'} 
 body=Request body improperly formatted 
 </msg>
<msg timestamp="20220807 02:37:28.818" level="INFO">${resp} = &lt;Response [400]&gt;</msg>
<status status="PASS" starttime="20220807 02:37:28.814" endtime="20220807 02:37:28.818"/>
</kw>
<kw name="Should Be Equal As Strings" library="BuiltIn">
<arg>${resp.status_code}</arg>
<arg>400</arg>
<doc>Fails if objects are unequal after converting them to strings.</doc>
<msg timestamp="20220807 02:37:28.820" level="INFO">Argument types are:
&lt;class 'int'&gt;
&lt;class 'str'&gt;</msg>
<status status="PASS" starttime="20220807 02:37:28.819" endtime="20220807 02:37:28.820"/>
</kw>
<timeout value="30 seconds"/>
<status status="PASS" starttime="20220807 02:37:28.811" endtime="20220807 02:37:28.820"/>
</test>
<test id="s1-t23" name="getActorFail-MissingRequiredInformation" line="162">
<kw name="Create Session" library="RequestsLibrary">
<arg>localhost</arg>
<arg>http://localhost:8080</arg>
<doc>Create Session: create a HTTP session to a server</doc>
<msg timestamp="20220807 02:37:28.822" level="INFO">Creating Session using : alias=localhost, url=http://localhost:8080, headers={},                     cookies={}, auth=None, timeout=None, proxies=None, verify=False,                     debug=0 </msg>
<status status="PASS" starttime="20220807 02:37:28.822" endtime="20220807 02:37:28.822"/>
</kw>
<kw name="Create Dictionary" library="BuiltIn">
<var>${headers}</var>
<arg>Content-Type=application/json</arg>
<doc>Creates and returns a dictionary based on the given ``items``.</doc>
<msg timestamp="20220807 02:37:28.823" level="INFO">${headers} = {'Content-Type': 'application/json'}</msg>
<status status="PASS" starttime="20220807 02:37:28.823" endtime="20220807 02:37:28.823"/>
</kw>
<kw name="Create Dictionary" library="BuiltIn">
<var>${params}</var>
<doc>Creates and returns a dictionary based on the given ``items``.</doc>
<msg timestamp="20220807 02:37:28.823" level="INFO">${params} = {}</msg>
<status status="PASS" starttime="20220807 02:37:28.823" endtime="20220807 02:37:28.823"/>
</kw>
<kw name="Get Request" library="RequestsLibrary">
<var>${resp}</var>
<arg>localhost</arg>
<arg>/api/v1/getActor</arg>
<arg>json=${params}</arg>
<arg>headers=${headers}</arg>
<doc>*DEPRECATED* Please use `GET On Session` instead.</doc>
<msg timestamp="20220807 02:37:28.824" level="WARN">Keyword 'RequestsLibrary.Get Request' is deprecated. Please use `GET On Session` instead.</msg>
<msg timestamp="20220807 02:37:28.827" level="INFO">GET Request : url=http://localhost:8080/api/v1/getActor 
 path_url=/api/v1/getActor 
 headers={'User-Agent': 'python-requests/2.28.1', 'Accept-Encoding': 'gzip, deflate', 'Accept': '*/*', 'Connection': 'keep-alive', 'Content-Type': 'application/json', 'Content-Length': '2'} 
 body=b'{}' 
 </msg>
<msg timestamp="20220807 02:37:28.827" level="INFO">GET Response : url=http://localhost:8080/api/v1/getActor 
 status=400, reason=Bad Request 
 headers={'Date': 'Sun, 07 Aug 2022 06:37:28 GMT', 'Content-length': '33'} 
 body=Request body improperly formatted 
 </msg>
<msg timestamp="20220807 02:37:28.828" level="INFO">${resp} = &lt;Response [400]&gt;</msg>
<status status="PASS" starttime="20220807 02:37:28.824" endtime="20220807 02:37:28.828"/>
</kw>
<kw name="Should Be Equal As Strings" library="BuiltIn">
<arg>${resp.status_code}</arg>
<arg>400</arg>
<doc>Fails if objects are unequal after converting them to strings.</doc>
<msg timestamp="20220807 02:37:28.829" level="INFO">Argument types are:
&lt;class 'int'&gt;
&lt;class 'str'&gt;</msg>
<status status="PASS" starttime="20220807 02:37:28.828" endtime="20220807 02:37:28.829"/>
</kw>
<timeout value="30 seconds"/>
<status status="PASS" starttime="20220807 02:37:28.821" endtime="20220807 02:37:28.829"/>
</test>
<test id="s1-t24" name="getMoviePass" line="169">
<kw name="Create Session" library="RequestsLibrary">
<arg>localhost</arg>
<arg>http://localhost:8080</arg>
<doc>Create Session: create a HTTP session to a server</doc>
<msg timestamp="20220807 02:37:28.832" level="INFO">Creating Session using : alias=localhost, url=http://localhost:8080, headers={},                     cookies={}, auth=None, timeout=None, proxies=None, verify=False,                     debug=0 </msg>
<status status="PASS" starttime="20220807 02:37:28.831" endtime="20220807 02:37:28.832"/>
</kw>
<kw name="Create Dictionary" library="BuiltIn">
<var>${headers}</var>
<arg>Content-Type=application/json</arg>
<doc>Creates and returns a dictionary based on the given ``items``.</doc>
<msg timestamp="20220807 02:37:28.832" level="INFO">${headers} = {'Content-Type': 'application/json'}</msg>
<status status="PASS" starttime="20220807 02:37:28.832" endtime="20220807 02:37:28.832"/>
</kw>
<kw name="Create Dictionary" library="BuiltIn">
<var>${params}</var>
<arg>movieId=m0</arg>
<doc>Creates and returns a dictionary based on the given ``items``.</doc>
<msg timestamp="20220807 02:37:28.833" level="INFO">${params} = {'movieId': 'm0'}</msg>
<status status="PASS" starttime="20220807 02:37:28.833" endtime="20220807 02:37:28.833"/>
</kw>
<kw name="Get Request" library="RequestsLibrary">
<var>${resp}</var>
<arg>localhost</arg>
<arg>/api/v1/getMovie</arg>
<arg>json=${params}</arg>
<arg>headers=${headers}</arg>
<doc>*DEPRECATED* Please use `GET On Session` instead.</doc>
<msg timestamp="20220807 02:37:28.833" level="WARN">Keyword 'RequestsLibrary.Get Request' is deprecated. Please use `GET On Session` instead.</msg>
<msg timestamp="20220807 02:37:28.849" level="INFO">GET Request : url=http://localhost:8080/api/v1/getMovie 
 path_url=/api/v1/getMovie 
 headers={'User-Agent': 'python-requests/2.28.1', 'Accept-Encoding': 'gzip, deflate', 'Accept': '*/*', 'Connection': 'keep-alive', 'Content-Type': 'application/json', 'Content-Length': '17'} 
 body=b'{"movieId": "m0"}' 
 </msg>
<msg timestamp="20220807 02:37:28.850" level="INFO">GET Response : url=http://localhost:8080/api/v1/getMovie 
 status=200, reason=OK 
 headers={'Date': 'Sun, 07 Aug 2022 06:37:28 GMT', 'Content-length': '86'} 
 body={
 "movieId": m0,
 "name": "movieName",
 "actors": [
    "a0",
    "nm0000102"
    ]
} 
 </msg>
<msg timestamp="20220807 02:37:28.850" level="INFO">${resp} = &lt;Response [200]&gt;</msg>
<status status="PASS" starttime="20220807 02:37:28.833" endtime="20220807 02:37:28.850"/>
</kw>
<kw name="Should Be Equal As Strings" library="BuiltIn">
<arg>${resp.status_code}</arg>
<arg>200</arg>
<doc>Fails if objects are unequal after converting them to strings.</doc>
<msg timestamp="20220807 02:37:28.852" level="INFO">Argument types are:
&lt;class 'int'&gt;
&lt;class 'str'&gt;</msg>
<status status="PASS" starttime="20220807 02:37:28.851" endtime="20220807 02:37:28.852"/>
</kw>
<timeout value="30 seconds"/>
<status status="PASS" starttime="20220807 02:37:28.831" endtime="20220807 02:37:28.852"/>
</test>
<test id="s1-t25" name="getMovieFail-MovieIdDoesNotExist" line="176">
<kw name="Create Session" library="RequestsLibrary">
<arg>localhost</arg>
<arg>http://localhost:8080</arg>
<doc>Create Session: create a HTTP session to a server</doc>
<msg timestamp="20220807 02:37:28.854" level="INFO">Creating Session using : alias=localhost, url=http://localhost:8080, headers={},                     cookies={}, auth=None, timeout=None, proxies=None, verify=False,                     debug=0 </msg>
<status status="PASS" starttime="20220807 02:37:28.854" endtime="20220807 02:37:28.854"/>
</kw>
<kw name="Create Dictionary" library="BuiltIn">
<var>${headers}</var>
<arg>Content-Type=application/json</arg>
<doc>Creates and returns a dictionary based on the given ``items``.</doc>
<msg timestamp="20220807 02:37:28.855" level="INFO">${headers} = {'Content-Type': 'application/json'}</msg>
<status status="PASS" starttime="20220807 02:37:28.855" endtime="20220807 02:37:28.855"/>
</kw>
<kw name="Create Dictionary" library="BuiltIn">
<var>${params}</var>
<arg>movieId=m7236487243</arg>
<doc>Creates and returns a dictionary based on the given ``items``.</doc>
<msg timestamp="20220807 02:37:28.855" level="INFO">${params} = {'movieId': 'm7236487243'}</msg>
<status status="PASS" starttime="20220807 02:37:28.855" endtime="20220807 02:37:28.856"/>
</kw>
<kw name="Get Request" library="RequestsLibrary">
<var>${resp}</var>
<arg>localhost</arg>
<arg>/api/v1/getMovie</arg>
<arg>json=${params}</arg>
<arg>headers=${headers}</arg>
<doc>*DEPRECATED* Please use `GET On Session` instead.</doc>
<msg timestamp="20220807 02:37:28.859" level="WARN">Keyword 'RequestsLibrary.Get Request' is deprecated. Please use `GET On Session` instead.</msg>
<msg timestamp="20220807 02:37:28.870" level="INFO">GET Request : url=http://localhost:8080/api/v1/getMovie 
 path_url=/api/v1/getMovie 
 headers={'User-Agent': 'python-requests/2.28.1', 'Accept-Encoding': 'gzip, deflate', 'Accept': '*/*', 'Connection': 'keep-alive', 'Content-Type': 'application/json', 'Content-Length': '26'} 
 body=b'{"movieId": "m7236487243"}' 
 </msg>
<msg timestamp="20220807 02:37:28.870" level="INFO">GET Response : url=http://localhost:8080/api/v1/getMovie 
 status=404, reason=Not Found 
 headers={'Date': 'Sun, 07 Aug 2022 06:37:28 GMT', 'Content-length': '44'} 
 body=Given MovieId does not exist in the database 
 </msg>
<msg timestamp="20220807 02:37:28.870" level="INFO">${resp} = &lt;Response [404]&gt;</msg>
<status status="PASS" starttime="20220807 02:37:28.859" endtime="20220807 02:37:28.870"/>
</kw>
<kw name="Should Be Equal As Strings" library="BuiltIn">
<arg>${resp.status_code}</arg>
<arg>404</arg>
<doc>Fails if objects are unequal after converting them to strings.</doc>
<msg timestamp="20220807 02:37:28.873" level="INFO">Argument types are:
&lt;class 'int'&gt;
&lt;class 'str'&gt;</msg>
<status status="PASS" starttime="20220807 02:37:28.872" endtime="20220807 02:37:28.873"/>
</kw>
<timeout value="30 seconds"/>
<status status="PASS" starttime="20220807 02:37:28.853" endtime="20220807 02:37:28.873"/>
</test>
<test id="s1-t26" name="getMovieFail-IncorrectParameters" line="183">
<kw name="Create Session" library="RequestsLibrary">
<arg>localhost</arg>
<arg>http://localhost:8080</arg>
<doc>Create Session: create a HTTP session to a server</doc>
<msg timestamp="20220807 02:37:28.875" level="INFO">Creating Session using : alias=localhost, url=http://localhost:8080, headers={},                     cookies={}, auth=None, timeout=None, proxies=None, verify=False,                     debug=0 </msg>
<status status="PASS" starttime="20220807 02:37:28.874" endtime="20220807 02:37:28.875"/>
</kw>
<kw name="Create Dictionary" library="BuiltIn">
<var>${headers}</var>
<arg>Content-Type=application/json</arg>
<doc>Creates and returns a dictionary based on the given ``items``.</doc>
<msg timestamp="20220807 02:37:28.876" level="INFO">${headers} = {'Content-Type': 'application/json'}</msg>
<status status="PASS" starttime="20220807 02:37:28.876" endtime="20220807 02:37:28.876"/>
</kw>
<kw name="Create Dictionary" library="BuiltIn">
<var>${params}</var>
<arg>movId=m0</arg>
<doc>Creates and returns a dictionary based on the given ``items``.</doc>
<msg timestamp="20220807 02:37:28.876" level="INFO">${params} = {'movId': 'm0'}</msg>
<status status="PASS" starttime="20220807 02:37:28.876" endtime="20220807 02:37:28.876"/>
</kw>
<kw name="Get Request" library="RequestsLibrary">
<var>${resp}</var>
<arg>localhost</arg>
<arg>/api/v1/getMovie</arg>
<arg>json=${params}</arg>
<arg>headers=${headers}</arg>
<doc>*DEPRECATED* Please use `GET On Session` instead.</doc>
<msg timestamp="20220807 02:37:28.876" level="WARN">Keyword 'RequestsLibrary.Get Request' is deprecated. Please use `GET On Session` instead.</msg>
<msg timestamp="20220807 02:37:28.880" level="INFO">GET Request : url=http://localhost:8080/api/v1/getMovie 
 path_url=/api/v1/getMovie 
[...]
<msg timestamp="20220807 02:37:29.897" level="INFO">Argument types are:
&lt;class 'int'&gt;
&lt;class 'str'&gt;</msg>
<msg timestamp="20220807 02:37:29.897" level="FAIL">500 != 404</msg>
<status status="FAIL" starttime="20220807 02:37:29.896" endtime="20220807 02:37:29.897"/>
</kw>
<timeout value="30 seconds"/>
<status status="FAIL" starttime="20220807 02:37:29.889" endtime="20220807 02:37:29.898">500 != 404</status>
</test>
<test id="s1-t64" name="getActorNumberFail-FirstActorIdAndSecondActorIdDoesNotExist" line="453">
<kw name="Create Session" library="RequestsLibrary">
<arg>localhost</arg>
<arg>http://localhost:8080</arg>
<doc>Create Session: create a HTTP session to a server</doc>
<msg timestamp="20220807 02:37:29.901" level="INFO">Creating Session using : alias=localhost, url=http://localhost:8080, headers={},                     cookies={}, auth=None, timeout=None, proxies=None, verify=False,                     debug=0 </msg>
<status status="PASS" starttime="20220807 02:37:29.900" endtime="20220807 02:37:29.901"/>
</kw>
<kw name="Create Dictionary" library="BuiltIn">
<var>${headers}</var>
<arg>Content-Type=application/json</arg>
<doc>Creates and returns a dictionary based on the given ``items``.</doc>
<msg timestamp="20220807 02:37:29.901" level="INFO">${headers} = {'Content-Type': 'application/json'}</msg>
<status status="PASS" starttime="20220807 02:37:29.901" endtime="20220807 02:37:29.901"/>
</kw>
<kw name="Create Dictionary" library="BuiltIn">
<var>${params}</var>
<arg>firstActorId=a654321</arg>
<arg>secondActorId=nm654321</arg>
<doc>Creates and returns a dictionary based on the given ``items``.</doc>
<msg timestamp="20220807 02:37:29.902" level="INFO">${params} = {'firstActorId': 'a654321', 'secondActorId': 'nm654321'}</msg>
<status status="PASS" starttime="20220807 02:37:29.901" endtime="20220807 02:37:29.902"/>
</kw>
<kw name="Get Request" library="RequestsLibrary">
<var>${resp}</var>
<arg>localhost</arg>
<arg>/api/v1/getActorNumber</arg>
<arg>data=${params}</arg>
<arg>headers=${headers}</arg>
<doc>*DEPRECATED* Please use `GET On Session` instead.</doc>
<msg timestamp="20220807 02:37:29.902" level="WARN">Keyword 'RequestsLibrary.Get Request' is deprecated. Please use `GET On Session` instead.</msg>
<msg timestamp="20220807 02:37:29.906" level="INFO">GET Request : url=http://localhost:8080/api/v1/getActorNumber 
 path_url=/api/v1/getActorNumber 
 headers={'User-Agent': 'python-requests/2.28.1', 'Accept-Encoding': 'gzip, deflate', 'Accept': '*/*', 'Connection': 'keep-alive', 'Content-Type': 'application/json', 'Content-Length': '43'} 
 body=firstActorId=a654321&amp;secondActorId=nm654321 
 </msg>
<msg timestamp="20220807 02:37:29.906" level="INFO">GET Response : url=http://localhost:8080/api/v1/getActorNumber 
 status=500, reason=Internal Server Error 
 headers={'Date': 'Sun, 07 Aug 2022 06:37:29 GMT', 'Content-length': '13'} 
 body=Server error
 
 </msg>
<msg timestamp="20220807 02:37:29.906" level="INFO">${resp} = &lt;Response [500]&gt;</msg>
<status status="PASS" starttime="20220807 02:37:29.902" endtime="20220807 02:37:29.907"/>
</kw>
<kw name="Should Be Equal As Strings" library="BuiltIn">
<arg>${resp.status_code}</arg>
<arg>404</arg>
<doc>Fails if objects are unequal after converting them to strings.</doc>
<msg timestamp="20220807 02:37:29.908" level="INFO">Argument types are:
&lt;class 'int'&gt;
&lt;class 'str'&gt;</msg>
<msg timestamp="20220807 02:37:29.908" level="FAIL">500 != 404</msg>
<status status="FAIL" starttime="20220807 02:37:29.907" endtime="20220807 02:37:29.908"/>
</kw>
<timeout value="30 seconds"/>
<status status="FAIL" starttime="20220807 02:37:29.899" endtime="20220807 02:37:29.909">500 != 404</status>
</test>
<test id="s1-t65" name="getActorNumberFail-MissingRequiredInformation" line="460">
<kw name="Create Session" library="RequestsLibrary">
<arg>localhost</arg>
<arg>http://localhost:8080</arg>
<doc>Create Session: create a HTTP session to a server</doc>
<msg timestamp="20220807 02:37:29.911" level="INFO">Creating Session using : alias=localhost, url=http://localhost:8080, headers={},                     cookies={}, auth=None, timeout=None, proxies=None, verify=False,                     debug=0 </msg>
<status status="PASS" starttime="20220807 02:37:29.910" endtime="20220807 02:37:29.911"/>
</kw>
<kw name="Create Dictionary" library="BuiltIn">
<var>${headers}</var>
<arg>Content-Type=application/json</arg>
<doc>Creates and returns a dictionary based on the given ``items``.</doc>
<msg timestamp="20220807 02:37:29.912" level="INFO">${headers} = {'Content-Type': 'application/json'}</msg>
<status status="PASS" starttime="20220807 02:37:29.911" endtime="20220807 02:37:29.912"/>
</kw>
<kw name="Create Dictionary" library="BuiltIn">
<var>${params}</var>
<doc>Creates and returns a dictionary based on the given ``items``.</doc>
<msg timestamp="20220807 02:37:29.912" level="INFO">${params} = {}</msg>
<status status="PASS" starttime="20220807 02:37:29.912" endtime="20220807 02:37:29.912"/>
</kw>
<kw name="Get Request" library="RequestsLibrary">
<var>${resp}</var>
<arg>localhost</arg>
<arg>/api/v1/getActorNumber</arg>
<arg>data=${params}</arg>
<arg>headers=${headers}</arg>
<doc>*DEPRECATED* Please use `GET On Session` instead.</doc>
<msg timestamp="20220807 02:37:29.912" level="WARN">Keyword 'RequestsLibrary.Get Request' is deprecated. Please use `GET On Session` instead.</msg>
<msg timestamp="20220807 02:37:29.917" level="INFO">GET Request : url=http://localhost:8080/api/v1/getActorNumber 
 path_url=/api/v1/getActorNumber 
 headers={'User-Agent': 'python-requests/2.28.1', 'Accept-Encoding': 'gzip, deflate', 'Accept': '*/*', 'Connection': 'keep-alive', 'Content-Type': 'application/json'} 
 body=None 
 </msg>
<msg timestamp="20220807 02:37:29.917" level="INFO">GET Response : url=http://localhost:8080/api/v1/getActorNumber 
 status=500, reason=Internal Server Error 
 headers={'Date': 'Sun, 07 Aug 2022 06:37:29 GMT', 'Content-length': '13'} 
 body=Server error
 
 </msg>
<msg timestamp="20220807 02:37:29.917" level="INFO">${resp} = &lt;Response [500]&gt;</msg>
<status status="PASS" starttime="20220807 02:37:29.912" endtime="20220807 02:37:29.917"/>
</kw>
<kw name="Should Be Equal As Strings" library="BuiltIn">
<arg>${resp.status_code}</arg>
<arg>400</arg>
<doc>Fails if objects are unequal after converting them to strings.</doc>
<msg timestamp="20220807 02:37:29.919" level="INFO">Argument types are:
&lt;class 'int'&gt;
&lt;class 'str'&gt;</msg>
<msg timestamp="20220807 02:37:29.919" level="FAIL">500 != 400</msg>
<status status="FAIL" starttime="20220807 02:37:29.917" endtime="20220807 02:37:29.919"/>
</kw>
<timeout value="30 seconds"/>
<status status="FAIL" starttime="20220807 02:37:29.910" endtime="20220807 02:37:29.919">500 != 400</status>
</test>
<test id="s1-t66" name="getMostProlificActorPass" line="467">
<kw name="Create Session" library="RequestsLibrary">
<arg>localhost</arg>
<arg>http://localhost:8080</arg>
<doc>Create Session: create a HTTP session to a server</doc>
<msg timestamp="20220807 02:37:29.921" level="INFO">Creating Session using : alias=localhost, url=http://localhost:8080, headers={},                     cookies={}, auth=None, timeout=None, proxies=None, verify=False,                     debug=0 </msg>
<status status="PASS" starttime="20220807 02:37:29.921" endtime="20220807 02:37:29.921"/>
</kw>
<kw name="Create Dictionary" library="BuiltIn">
<var>${headers}</var>
<arg>Content-Type=application/json</arg>
<doc>Creates and returns a dictionary based on the given ``items``.</doc>
<msg timestamp="20220807 02:37:29.922" level="INFO">${headers} = {'Content-Type': 'application/json'}</msg>
<status status="PASS" starttime="20220807 02:37:29.922" endtime="20220807 02:37:29.922"/>
</kw>
<kw name="Create Dictionary" library="BuiltIn">
<var>${params}</var>
<doc>Creates and returns a dictionary based on the given ``items``.</doc>
<msg timestamp="20220807 02:37:29.922" level="INFO">${params} = {}</msg>
<status status="PASS" starttime="20220807 02:37:29.922" endtime="20220807 02:37:29.922"/>
</kw>
<kw name="Get Request" library="RequestsLibrary">
<var>${resp}</var>
<arg>localhost</arg>
<arg>/api/v1/getMostProlificActor</arg>
<arg>data=${params}</arg>
<arg>headers=${headers}</arg>
<doc>*DEPRECATED* Please use `GET On Session` instead.</doc>
<msg timestamp="20220807 02:37:29.923" level="WARN">Keyword 'RequestsLibrary.Get Request' is deprecated. Please use `GET On Session` instead.</msg>
<msg timestamp="20220807 02:37:29.926" level="INFO">GET Request : url=http://localhost:8080/api/v1/getMostProlificActor 
 path_url=/api/v1/getMostProlificActor 
 headers={'User-Agent': 'python-requests/2.28.1', 'Accept-Encoding': 'gzip, deflate', 'Accept': '*/*', 'Connection': 'keep-alive', 'Content-Type': 'application/json'} 
 body=None 
 </msg>
<msg timestamp="20220807 02:37:29.926" level="INFO">GET Response : url=http://localhost:8080/api/v1/getMostProlificActor 
 status=500, reason=Internal Server Error 
 headers={'Date': 'Sun, 07 Aug 2022 06:37:29 GMT', 'Content-length': '13'} 
 body=Server error
 
 </msg>
<msg timestamp="20220807 02:37:29.927" level="INFO">${resp} = &lt;Response [500]&gt;</msg>
<status status="PASS" starttime="20220807 02:37:29.922" endtime="20220807 02:37:29.927"/>
</kw>
<kw name="Should Be Equal As Strings" library="BuiltIn">
<arg>${resp.status_code}</arg>
<arg>200</arg>
<doc>Fails if objects are unequal after converting them to strings.</doc>
<msg timestamp="20220807 02:37:29.928" level="INFO">Argument types are:
&lt;class 'int'&gt;
&lt;class 'str'&gt;</msg>
<msg timestamp="20220807 02:37:29.928" level="FAIL">500 != 200</msg>
<status status="FAIL" starttime="20220807 02:37:29.927" endtime="20220807 02:37:29.928"/>
</kw>
<timeout value="30 seconds"/>
<status status="FAIL" starttime="20220807 02:37:29.920" endtime="20220807 02:37:29.928">500 != 200</status>
</test>
<status status="FAIL" starttime="20220807 02:37:28.019" endtime="20220807 02:37:29.930"/>
</suite>
<statistics>
<total>
<stat pass="53" fail="13" skip="0">All Tests</stat>
</total>
<tag>
</tag>
<suite>
<stat pass="53" fail="13" skip="0" id="s1" name="finalProjectTests">finalProjectTests</stat>
</suite>
</statistics>
<errors>
<msg timestamp="20220807 02:37:28.131" level="WARN">Keyword 'RequestsLibrary.Get Request' is deprecated. Please use `GET On Session` instead.</msg>
<msg timestamp="20220807 02:37:28.150" level="WARN">Keyword 'RequestsLibrary.Put Request' is deprecated. Please use `PUT On Session` instead.</msg>
<msg timestamp="20220807 02:37:28.290" level="WARN">Keyword 'RequestsLibrary.Put Request' is deprecated. Please use `PUT On Session` instead.</msg>
<msg timestamp="20220807 02:37:28.344" level="WARN">Keyword 'RequestsLibrary.Put Request' is deprecated. Please use `PUT On Session` instead.</msg>
<msg timestamp="20220807 02:37:28.398" level="WARN">Keyword 'RequestsLibrary.Put Request' is deprecated. Please use `PUT On Session` instead.</msg>
<msg timestamp="20220807 02:37:28.416" level="WARN">Keyword 'RequestsLibrary.Put Request' is deprecated. Please use `PUT On Session` instead.</msg>
<msg timestamp="20220807 02:37:28.427" level="WARN">Keyword 'RequestsLibrary.Put Request' is deprecated. Please use `PUT On Session` instead.</msg>
<msg timestamp="20220807 02:37:28.440" level="WARN">Keyword 'RequestsLibrary.Put Request' is deprecated. Please use `PUT On Session` instead.</msg>
<msg timestamp="20220807 02:37:28.499" level="WARN">Keyword 'RequestsLibrary.Put Request' is deprecated. Please use `PUT On Session` instead.</msg>
<msg timestamp="20220807 02:37:28.515" level="WARN">Keyword 'RequestsLibrary.Put Request' is deprecated. Please use `PUT On Session` instead.</msg>
<msg timestamp="20220807 02:37:28.525" level="WARN">Keyword 'RequestsLibrary.Put Request' is deprecated. Please use `PUT On Session` instead.</msg>
<msg timestamp="20220807 02:37:28.536" level="WARN">Keyword 'RequestsLibrary.Put Request' is deprecated. Please use `PUT On Session` instead.</msg>
<msg timestamp="20220807 02:37:28.593" level="WARN">Keyword 'RequestsLibrary.Put Request' is deprecated. Please use `PUT On Session` instead.</msg>
<msg timestamp="20220807 02:37:28.655" level="WARN">Keyword 'RequestsLibrary.Put Request' is deprecated. Please use `PUT On Session` instead.</msg>
<msg timestamp="20220807 02:37:28.681" level="WARN">Keyword 'RequestsLibrary.Put Request' is deprecated. Please use `PUT On Session` instead.</msg>
<msg timestamp="20220807 02:37:28.692" level="WARN">Keyword 'RequestsLibrary.Put Request' is deprecated. Please use `PUT On Session` instead.</msg>
<msg timestamp="20220807 02:37:28.703" level="WARN">Keyword 'RequestsLibrary.Put Request' is deprecated. Please use `PUT On Session` instead.</msg>
<msg timestamp="20220807 02:37:28.726" level="WARN">Keyword 'RequestsLibrary.Put Request' is deprecated. Please use `PUT On Session` instead.</msg>
<msg timestamp="20220807 02:37:28.749" level="WARN">Keyword 'RequestsLibrary.Put Request' is deprecated. Please use `PUT On Session` instead.</msg>
<msg timestamp="20220807 02:37:28.772" level="WARN">Keyword 'RequestsLibrary.Get Request' is deprecated. Please use `GET On Session` instead.</msg>
<msg timestamp="20220807 02:37:28.797" level="WARN">Keyword 'RequestsLibrary.Get Request' is deprecated. Please use `GET On Session` instead.</msg>
<msg timestamp="20220807 02:37:28.814" level="WARN">Keyword 'RequestsLibrary.Get Request' is deprecated. Please use `GET On Session` instead.</msg>
<msg timestamp="20220807 02:37:28.824" level="WARN">Keyword 'RequestsLibrary.Get Request' is deprecated. Please use `GET On Session` instead.</msg>
<msg timestamp="20220807 02:37:28.833" level="WARN">Keyword 'RequestsLibrary.Get Request' is deprecated. Please use `GET On Session` instead.</msg>
<msg timestamp="20220807 02:37:28.859" level="WARN">Keyword 'RequestsLibrary.Get Request' is deprecated. Please use `GET On Session` instead.</msg>
<msg timestamp="20220807 02:37:28.876" level="WARN">Keyword 'RequestsLibrary.Get Request' is deprecated. Please use `GET On Session` instead.</msg>
<msg timestamp="20220807 02:37:28.886" level="WARN">Keyword 'RequestsLibrary.Get Request' is deprecated. Please use `GET On Session` instead.</msg>
<msg timestamp="20220807 02:37:28.897" level="WARN">Keyword 'RequestsLibrary.Get Request' is deprecated. Please use `GET On Session` instead.</msg>
<msg timestamp="20220807 02:37:28.925" level="WARN">Keyword 'RequestsLibrary.Get Request' is deprecated. Please use `GET On Session` instead.</msg>
<msg timestamp="20220807 02:37:28.936" level="WARN">Keyword 'RequestsLibrary.Get Request' is deprecated. Please use `GET On Session` instead.</msg>
<msg timestamp="20220807 02:37:28.947" level="WARN">Keyword 'RequestsLibrary.Get Request' is deprecated. Please use `GET On Session` instead.</msg>
<msg timestamp="20220807 02:37:28.968" level="WARN">Keyword 'RequestsLibrary.Get Request' is deprecated. Please use `GET On Session` instead.</msg>
<msg timestamp="20220807 02:37:28.991" level="WARN">Keyword 'RequestsLibrary.Get Request' is deprecated. Please use `GET On Session` instead.</msg>
<msg timestamp="20220807 02:37:29.013" level="WARN">Keyword 'RequestsLibrary.Get Request' is deprecated. Please use `GET On Session` instead.</msg>
<msg timestamp="20220807 02:37:29.043" level="WARN">Keyword 'RequestsLibrary.Get Request' is deprecated. Please use `GET On Session` instead.</msg>
<msg timestamp="20220807 02:37:29.062" level="WARN">Keyword 'RequestsLibrary.Get Request' is deprecated. Please use `GET On Session` instead.</msg>
<msg timestamp="20220807 02:37:29.074" level="WARN">Keyword 'RequestsLibrary.Get Request' is deprecated. Please use `GET On Session` instead.</msg>
<msg timestamp="20220807 02:37:29.097" level="WARN">Keyword 'RequestsLibrary.Get Request' is deprecated. Please use `GET On Session` instead.</msg>
<msg timestamp="20220807 02:37:29.126" level="WARN">Keyword 'RequestsLibrary.Get Request' is deprecated. Please use `GET On Session` instead.</msg>
<msg timestamp="20220807 02:37:29.151" level="WARN">Keyword 'RequestsLibrary.Get Request' is deprecated. Please use `GET On Session` instead.</msg>
<msg timestamp="20220807 02:37:29.187" level="WARN">Keyword 'RequestsLibrary.Get Request' is deprecated. Please use `GET On Session` instead.</msg>
<msg timestamp="20220807 02:37:29.203" level="WARN">Keyword 'RequestsLibrary.Get Request' is deprecated. Please use `GET On Session` instead.</msg>
<msg timestamp="20220807 02:37:29.220" level="WARN">Keyword 'RequestsLibrary.Get Request' is deprecated. Please use `GET On Session` instead.</msg>
<msg timestamp="20220807 02:37:29.237" level="WARN">Keyword 'RequestsLibrary.Get Request' is deprecated. Please use `GET On Session` instead.</msg>
<msg timestamp="20220807 02:37:29.248" level="WARN">Keyword 'RequestsLibrary.Put Request' is deprecated. Please use `PUT On Session` instead.</msg>
<msg timestamp="20220807 02:37:29.512" level="WARN">Keyword 'RequestsLibrary.Put Request' is deprecated. Please use `PUT On Session` instead.</msg>
<msg timestamp="20220807 02:37:29.564" level="WARN">Keyword 'RequestsLibrary.Put Request' is deprecated. Please use `PUT On Session` instead.</msg>
<msg timestamp="20220807 02:37:29.582" level="WARN">Keyword 'RequestsLibrary.Put Request' is deprecated. Please use `PUT On Session` instead.</msg>
<msg timestamp="20220807 02:37:29.595" level="WARN">Keyword 'RequestsLibrary.Put Request' is deprecated. Please use `PUT On Session` instead.</msg>
<msg timestamp="20220807 02:37:29.677" level="WARN">Keyword 'RequestsLibrary.Put Request' is deprecated. Please use `PUT On Session` instead.</msg>
<msg timestamp="20220807 02:37:29.694" level="WARN">Keyword 'RequestsLibrary.Put Request' is deprecated. Please use `PUT On Session` instead.</msg>
<msg timestamp="20220807 02:37:29.705" level="WARN">Keyword 'RequestsLibrary.Put Request' is deprecated. Please use `PUT On Session` instead.</msg>
<msg timestamp="20220807 02:37:29.741" level="WARN">Keyword 'RequestsLibrary.Put Request' is deprecated. Please use `PUT On Session` instead.</msg>
<msg timestamp="20220807 02:37:29.775" level="WARN">Keyword 'RequestsLibrary.Put Request' is deprecated. Please use `PUT On Session` instead.</msg>
<msg timestamp="20220807 02:37:29.805" level="WARN">Keyword 'RequestsLibrary.Get Request' is deprecated. Please use `GET On Session` instead.</msg>
<msg timestamp="20220807 02:37:29.816" level="WARN">Keyword 'RequestsLibrary.Get Request' is deprecated. Please use `GET On Session` instead.</msg>
<msg timestamp="20220807 02:37:29.826" level="WARN">Keyword 'RequestsLibrary.Get Request' is deprecated. Please use `GET On Session` instead.</msg>
<msg timestamp="20220807 02:37:29.836" level="WARN">Keyword 'RequestsLibrary.Get Request' is deprecated. Please use `GET On Session` instead.</msg>
<msg timestamp="20220807 02:37:29.847" level="WARN">Keyword 'RequestsLibrary.Get Request' is deprecated. Please use `GET On Session` instead.</msg>
<msg timestamp="20220807 02:37:29.858" level="WARN">Keyword 'RequestsLibrary.Get Request' is deprecated. Please use `GET On Session` instead.</msg>
<msg timestamp="20220807 02:37:29.869" level="WARN">Keyword 'RequestsLibrary.Get Request' is deprecated. Please use `GET On Session` instead.</msg>
<msg timestamp="20220807 02:37:29.881" level="WARN">Keyword 'RequestsLibrary.Get Request' is deprecated. Please use `GET On Session` instead.</msg>
<msg timestamp="20220807 02:37:29.891" level="WARN">Keyword 'RequestsLibrary.Get Request' is deprecated. Please use `GET On Session` instead.</msg>
<msg timestamp="20220807 02:37:29.902" level="WARN">Keyword 'RequestsLibrary.Get Request' is deprecated. Please use `GET On Session` instead.</msg>
<msg timestamp="20220807 02:37:29.912" level="WARN">Keyword 'RequestsLibrary.Get Request' is deprecated. Please use `GET On Session` instead.</msg>
<msg timestamp="20220807 02:37:29.923" level="WARN">Keyword 'RequestsLibrary.Get Request' is deprecated. Please use `GET On Session` instead.</msg>
</errors>
</robot>
