<?xml version="1.0" encoding="UTF-8"?>
<robot generator="Robot 5.0.1 (Python 3.10.3 on win32)" generated="20220807 13:07:19.795" rpa="false" schemaversion="3">
<suite id="s1" name="finalProjectTests" source="D:\York University\Classes\EECS - 3311 Software Design (3)\Project\project\project\src\test\java\ca\yorku\eecs\finalProjectTests.robot">
<test id="s1-t1" name="getMostProlificActorFail-NoActorsInDatabase" line="8">
<kw name="Create Session" library="RequestsLibrary">
<arg>localhost</arg>
<arg>http://localhost:8080</arg>
<doc>Create Session: create a HTTP session to a server</doc>
<msg timestamp="20220807 13:07:19.911" level="INFO">Creating Session using : alias=localhost, url=http://localhost:8080, headers={},                     cookies={}, auth=None, timeout=None, proxies=None, verify=False,                     debug=0 </msg>
<status status="PASS" starttime="20220807 13:07:19.910" endtime="20220807 13:07:19.911"/>
</kw>
<kw name="Create Dictionary" library="BuiltIn">
<var>${headers}</var>
<arg>Content-Type=application/json</arg>
<doc>Creates and returns a dictionary based on the given ``items``.</doc>
<msg timestamp="20220807 13:07:19.912" level="INFO">${headers} = {'Content-Type': 'application/json'}</msg>
<status status="PASS" starttime="20220807 13:07:19.912" endtime="20220807 13:07:19.912"/>
</kw>
<kw name="Create Dictionary" library="BuiltIn">
<var>${params}</var>
<doc>Creates and returns a dictionary based on the given ``items``.</doc>
<msg timestamp="20220807 13:07:19.912" level="INFO">${params} = {}</msg>
<status status="PASS" starttime="20220807 13:07:19.912" endtime="20220807 13:07:19.912"/>
</kw>
<kw name="Get Request" library="RequestsLibrary">
<var>${resp}</var>
<arg>localhost</arg>
<arg>/api/v1/getMostProlificActor</arg>
<arg>json=${params}</arg>
<arg>headers=${headers}</arg>
<doc>*DEPRECATED* Please use `GET On Session` instead.</doc>
<msg timestamp="20220807 13:07:19.914" level="WARN">Keyword 'RequestsLibrary.Get Request' is deprecated. Please use `GET On Session` instead.</msg>
<msg timestamp="20220807 13:07:19.929" level="INFO">GET Request : url=http://localhost:8080/api/v1/getMostProlificActor 
 path_url=/api/v1/getMostProlificActor 
 headers={'User-Agent': 'python-requests/2.28.1', 'Accept-Encoding': 'gzip, deflate', 'Accept': '*/*', 'Connection': 'keep-alive', 'Content-Type': 'application/json', 'Content-Length': '2'} 
 body=b'{}' 
 </msg>
<msg timestamp="20220807 13:07:19.931" level="INFO">GET Response : url=http://localhost:8080/api/v1/getMostProlificActor 
 status=404, reason=Not Found 
 headers={'Date': 'Sun, 07 Aug 2022 17:07:19 GMT', 'Content-length': '36'} 
 body=There are no Actors in the database. 
 </msg>
<msg timestamp="20220807 13:07:19.931" level="INFO">${resp} = &lt;Response [404]&gt;</msg>
<status status="PASS" starttime="20220807 13:07:19.914" endtime="20220807 13:07:19.931"/>
</kw>
<kw name="Should Be Equal As Strings" library="BuiltIn">
<arg>${resp.status_code}</arg>
<arg>404</arg>
<doc>Fails if objects are unequal after converting them to strings.</doc>
<msg timestamp="20220807 13:07:19.931" level="INFO">Argument types are:
&lt;class 'int'&gt;
&lt;class 'str'&gt;</msg>
<status status="PASS" starttime="20220807 13:07:19.931" endtime="20220807 13:07:19.932"/>
</kw>
<timeout value="30 seconds"/>
<status status="PASS" starttime="20220807 13:07:19.909" endtime="20220807 13:07:19.932"/>
</test>
<test id="s1-t2" name="addActorPass" line="15">
<kw name="Create Session" library="RequestsLibrary">
<arg>localhost</arg>
<arg>http://localhost:8080</arg>
<doc>Create Session: create a HTTP session to a server</doc>
<msg timestamp="20220807 13:07:19.935" level="INFO">Creating Session using : alias=localhost, url=http://localhost:8080, headers={},                     cookies={}, auth=None, timeout=None, proxies=None, verify=False,                     debug=0 </msg>
<status status="PASS" starttime="20220807 13:07:19.934" endtime="20220807 13:07:19.935"/>
</kw>
<kw name="Create Dictionary" library="BuiltIn">
<var>${headers}</var>
<arg>Content-Type=application/json</arg>
<doc>Creates and returns a dictionary based on the given ``items``.</doc>
<msg timestamp="20220807 13:07:19.935" level="INFO">${headers} = {'Content-Type': 'application/json'}</msg>
<status status="PASS" starttime="20220807 13:07:19.935" endtime="20220807 13:07:19.935"/>
</kw>
<kw name="Create Dictionary" library="BuiltIn">
<var>${params}</var>
<arg>name=actorName</arg>
<arg>actorId=a0</arg>
<doc>Creates and returns a dictionary based on the given ``items``.</doc>
<msg timestamp="20220807 13:07:19.936" level="INFO">${params} = {'name': 'actorName', 'actorId': 'a0'}</msg>
<status status="PASS" starttime="20220807 13:07:19.935" endtime="20220807 13:07:19.936"/>
</kw>
<kw name="Put Request" library="RequestsLibrary">
<var>${resp}</var>
<arg>localhost</arg>
<arg>/api/v1/addActor</arg>
<arg>data=${params}</arg>
<arg>headers=${headers}</arg>
<doc>*DEPRECATED* Please use `PUT On Session` instead.</doc>
<msg timestamp="20220807 13:07:19.936" level="WARN">Keyword 'RequestsLibrary.Put Request' is deprecated. Please use `PUT On Session` instead.</msg>
<msg timestamp="20220807 13:07:19.979" level="INFO">PUT Request : url=http://localhost:8080/api/v1/addActor 
 path_url=/api/v1/addActor 
 headers={'User-Agent': 'python-requests/2.28.1', 'Accept-Encoding': 'gzip, deflate', 'Accept': '*/*', 'Connection': 'keep-alive', 'Content-Type': 'application/json', 'Content-Length': '38'} 
 body={"name": "actorName", "actorId": "a0"} 
 </msg>
<msg timestamp="20220807 13:07:19.979" level="INFO">PUT Response : url=http://localhost:8080/api/v1/addActor 
 status=200, reason=OK 
 headers={'Date': 'Sun, 07 Aug 2022 17:07:19 GMT', 'Content-length': '29'} 
 body=actorName added successfully. 
 </msg>
<msg timestamp="20220807 13:07:19.979" level="INFO">${resp} = &lt;Response [200]&gt;</msg>
<status status="PASS" starttime="20220807 13:07:19.936" endtime="20220807 13:07:19.979"/>
</kw>
<kw name="Should Be Equal As Strings" library="BuiltIn">
<arg>${resp.status_code}</arg>
<arg>200</arg>
<doc>Fails if objects are unequal after converting them to strings.</doc>
<msg timestamp="20220807 13:07:19.981" level="INFO">Argument types are:
&lt;class 'int'&gt;
&lt;class 'str'&gt;</msg>
<status status="PASS" starttime="20220807 13:07:19.980" endtime="20220807 13:07:19.981"/>
</kw>
<timeout value="30 seconds"/>
<status status="PASS" starttime="20220807 13:07:19.934" endtime="20220807 13:07:19.982"/>
</test>
<test id="s1-t3" name="addActorPass-KevinBacon" line="22">
<kw name="Create Session" library="RequestsLibrary">
<arg>localhost</arg>
<arg>http://localhost:8080</arg>
<doc>Create Session: create a HTTP session to a server</doc>
<msg timestamp="20220807 13:07:19.985" level="INFO">Creating Session using : alias=localhost, url=http://localhost:8080, headers={},                     cookies={}, auth=None, timeout=None, proxies=None, verify=False,                     debug=0 </msg>
<status status="PASS" starttime="20220807 13:07:19.984" endtime="20220807 13:07:19.985"/>
</kw>
<kw name="Create Dictionary" library="BuiltIn">
<var>${headers}</var>
<arg>Content-Type=application/json</arg>
<doc>Creates and returns a dictionary based on the given ``items``.</doc>
<msg timestamp="20220807 13:07:19.985" level="INFO">${headers} = {'Content-Type': 'application/json'}</msg>
<status status="PASS" starttime="20220807 13:07:19.985" endtime="20220807 13:07:19.985"/>
</kw>
<kw name="Create Dictionary" library="BuiltIn">
<var>${params}</var>
<arg>name=Kevin Bacon</arg>
<arg>actorId=nm0000102</arg>
<doc>Creates and returns a dictionary based on the given ``items``.</doc>
<msg timestamp="20220807 13:07:19.986" level="INFO">${params} = {'name': 'Kevin Bacon', 'actorId': 'nm0000102'}</msg>
<status status="PASS" starttime="20220807 13:07:19.986" endtime="20220807 13:07:19.986"/>
</kw>
<kw name="Put Request" library="RequestsLibrary">
<var>${resp}</var>
<arg>localhost</arg>
<arg>/api/v1/addActor</arg>
<arg>data=${params}</arg>
<arg>headers=${headers}</arg>
<doc>*DEPRECATED* Please use `PUT On Session` instead.</doc>
<msg timestamp="20220807 13:07:19.987" level="WARN">Keyword 'RequestsLibrary.Put Request' is deprecated. Please use `PUT On Session` instead.</msg>
<msg timestamp="20220807 13:07:20.042" level="INFO">PUT Request : url=http://localhost:8080/api/v1/addActor 
 path_url=/api/v1/addActor 
 headers={'User-Agent': 'python-requests/2.28.1', 'Accept-Encoding': 'gzip, deflate', 'Accept': '*/*', 'Connection': 'keep-alive', 'Content-Type': 'application/json', 'Content-Length': '47'} 
 body={"name": "Kevin Bacon", "actorId": "nm0000102"} 
 </msg>
<msg timestamp="20220807 13:07:20.042" level="INFO">PUT Response : url=http://localhost:8080/api/v1/addActor 
 status=200, reason=OK 
 headers={'Date': 'Sun, 07 Aug 2022 17:07:20 GMT', 'Content-length': '31'} 
 body=Kevin Bacon added successfully. 
 </msg>
<msg timestamp="20220807 13:07:20.042" level="INFO">${resp} = &lt;Response [200]&gt;</msg>
<status status="PASS" starttime="20220807 13:07:19.987" endtime="20220807 13:07:20.042"/>
</kw>
<kw name="Should Be Equal As Strings" library="BuiltIn">
<arg>${resp.status_code}</arg>
<arg>200</arg>
<doc>Fails if objects are unequal after converting them to strings.</doc>
<msg timestamp="20220807 13:07:20.043" level="INFO">Argument types are:
&lt;class 'int'&gt;
&lt;class 'str'&gt;</msg>
<status status="PASS" starttime="20220807 13:07:20.043" endtime="20220807 13:07:20.044"/>
</kw>
<timeout value="30 seconds"/>
<status status="PASS" starttime="20220807 13:07:19.983" endtime="20220807 13:07:20.044"/>
</test>
<test id="s1-t4" name="addActorPass-ActorNotConnectedToKevinBacon" line="29">
<kw name="Create Session" library="RequestsLibrary">
<arg>localhost</arg>
<arg>http://localhost:8080</arg>
<doc>Create Session: create a HTTP session to a server</doc>
<msg timestamp="20220807 13:07:20.046" level="INFO">Creating Session using : alias=localhost, url=http://localhost:8080, headers={},                     cookies={}, auth=None, timeout=None, proxies=None, verify=False,                     debug=0 </msg>
<status status="PASS" starttime="20220807 13:07:20.046" endtime="20220807 13:07:20.046"/>
</kw>
<kw name="Create Dictionary" library="BuiltIn">
<var>${headers}</var>
<arg>Content-Type=application/json</arg>
<doc>Creates and returns a dictionary based on the given ``items``.</doc>
<msg timestamp="20220807 13:07:20.047" level="INFO">${headers} = {'Content-Type': 'application/json'}</msg>
<status status="PASS" starttime="20220807 13:07:20.047" endtime="20220807 13:07:20.047"/>
</kw>
<kw name="Create Dictionary" library="BuiltIn">
<var>${params}</var>
<arg>name=ActorNotConnectedToKevinBacon</arg>
<arg>actorId=a1</arg>
<doc>Creates and returns a dictionary based on the given ``items``.</doc>
<msg timestamp="20220807 13:07:20.048" level="INFO">${params} = {'name': 'ActorNotConnectedToKevinBacon', 'actorId': 'a1'}</msg>
<status status="PASS" starttime="20220807 13:07:20.047" endtime="20220807 13:07:20.048"/>
</kw>
<kw name="Put Request" library="RequestsLibrary">
<var>${resp}</var>
<arg>localhost</arg>
<arg>/api/v1/addActor</arg>
<arg>data=${params}</arg>
<arg>headers=${headers}</arg>
<doc>*DEPRECATED* Please use `PUT On Session` instead.</doc>
<msg timestamp="20220807 13:07:20.048" level="WARN">Keyword 'RequestsLibrary.Put Request' is deprecated. Please use `PUT On Session` instead.</msg>
<msg timestamp="20220807 13:07:20.094" level="INFO">PUT Request : url=http://localhost:8080/api/v1/addActor 
 path_url=/api/v1/addActor 
 headers={'User-Agent': 'python-requests/2.28.1', 'Accept-Encoding': 'gzip, deflate', 'Accept': '*/*', 'Connection': 'keep-alive', 'Content-Type': 'application/json', 'Content-Length': '58'} 
 body={"name": "ActorNotConnectedToKevinBacon", "actorId": "a1"} 
 </msg>
<msg timestamp="20220807 13:07:20.094" level="INFO">PUT Response : url=http://localhost:8080/api/v1/addActor 
 status=200, reason=OK 
 headers={'Date': 'Sun, 07 Aug 2022 17:07:20 GMT', 'Content-length': '49'} 
 body=ActorNotConnectedToKevinBacon added successfully. 
 </msg>
<msg timestamp="20220807 13:07:20.094" level="INFO">${resp} = &lt;Response [200]&gt;</msg>
<status status="PASS" starttime="20220807 13:07:20.048" endtime="20220807 13:07:20.095"/>
</kw>
<kw name="Should Be Equal As Strings" library="BuiltIn">
<arg>${resp.status_code}</arg>
<arg>200</arg>
<doc>Fails if objects are unequal after converting them to strings.</doc>
<msg timestamp="20220807 13:07:20.096" level="INFO">Argument types are:
&lt;class 'int'&gt;
&lt;class 'str'&gt;</msg>
<status status="PASS" starttime="20220807 13:07:20.095" endtime="20220807 13:07:20.096"/>
</kw>
<timeout value="30 seconds"/>
<status status="PASS" starttime="20220807 13:07:20.045" endtime="20220807 13:07:20.097"/>
</test>
<test id="s1-t5" name="addActorFail-ActorIdAlreadyExists" line="36">
<kw name="Create Session" library="RequestsLibrary">
<arg>localhost</arg>
<arg>http://localhost:8080</arg>
<doc>Create Session: create a HTTP session to a server</doc>
<msg timestamp="20220807 13:07:20.099" level="INFO">Creating Session using : alias=localhost, url=http://localhost:8080, headers={},                     cookies={}, auth=None, timeout=None, proxies=None, verify=False,                     debug=0 </msg>
<status status="PASS" starttime="20220807 13:07:20.098" endtime="20220807 13:07:20.099"/>
</kw>
<kw name="Create Dictionary" library="BuiltIn">
<var>${headers}</var>
<arg>Content-Type=application/json</arg>
<doc>Creates and returns a dictionary based on the given ``items``.</doc>
<msg timestamp="20220807 13:07:20.099" level="INFO">${headers} = {'Content-Type': 'application/json'}</msg>
<status status="PASS" starttime="20220807 13:07:20.099" endtime="20220807 13:07:20.099"/>
</kw>
<kw name="Create Dictionary" library="BuiltIn">
<var>${params}</var>
<arg>name=actorName</arg>
<arg>actorId=a0</arg>
<doc>Creates and returns a dictionary based on the given ``items``.</doc>
<msg timestamp="20220807 13:07:20.100" level="INFO">${params} = {'name': 'actorName', 'actorId': 'a0'}</msg>
<status status="PASS" starttime="20220807 13:07:20.100" endtime="20220807 13:07:20.100"/>
</kw>
<kw name="Put Request" library="RequestsLibrary">
<var>${resp}</var>
<arg>localhost</arg>
<arg>/api/v1/addActor</arg>
<arg>data=${params}</arg>
<arg>headers=${headers}</arg>
<doc>*DEPRECATED* Please use `PUT On Session` instead.</doc>
<msg timestamp="20220807 13:07:20.101" level="WARN">Keyword 'RequestsLibrary.Put Request' is deprecated. Please use `PUT On Session` instead.</msg>
<msg timestamp="20220807 13:07:20.112" level="INFO">PUT Request : url=http://localhost:8080/api/v1/addActor 
 path_url=/api/v1/addActor 
 headers={'User-Agent': 'python-requests/2.28.1', 'Accept-Encoding': 'gzip, deflate', 'Accept': '*/*', 'Connection': 'keep-alive', 'Content-Type': 'application/json', 'Content-Length': '38'} 
 body={"name": "actorName", "actorId": "a0"} 
 </msg>
<msg timestamp="20220807 13:07:20.112" level="INFO">PUT Response : url=http://localhost:8080/api/v1/addActor 
 status=400, reason=Bad Request 
 headers={'Date': 'Sun, 07 Aug 2022 17:07:20 GMT', 'Content-length': '30'} 
 body=actorName actor already exists 
 </msg>
<msg timestamp="20220807 13:07:20.112" level="INFO">${resp} = &lt;Response [400]&gt;</msg>
<status status="PASS" starttime="20220807 13:07:20.100" endtime="20220807 13:07:20.112"/>
</kw>
<kw name="Should Be Equal As Strings" library="BuiltIn">
<arg>${resp.status_code}</arg>
<arg>400</arg>
<doc>Fails if objects are unequal after converting them to strings.</doc>
<msg timestamp="20220807 13:07:20.114" level="INFO">Argument types are:
&lt;class 'int'&gt;
&lt;class 'str'&gt;</msg>
<status status="PASS" starttime="20220807 13:07:20.113" endtime="20220807 13:07:20.114"/>
</kw>
<timeout value="30 seconds"/>
<status status="PASS" starttime="20220807 13:07:20.098" endtime="20220807 13:07:20.114"/>
</test>
<test id="s1-t6" name="addActorFail-RequestBodyImproperlyFormatted" line="43">
<kw name="Create Session" library="RequestsLibrary">
<arg>localhost</arg>
<arg>http://localhost:8080</arg>
<doc>Create Session: create a HTTP session to a server</doc>
<msg timestamp="20220807 13:07:20.116" level="INFO">Creating Session using : alias=localhost, url=http://localhost:8080, headers={},                     cookies={}, auth=None, timeout=None, proxies=None, verify=False,                     debug=0 </msg>
<status status="PASS" starttime="20220807 13:07:20.115" endtime="20220807 13:07:20.116"/>
</kw>
<kw name="Create Dictionary" library="BuiltIn">
<var>${headers}</var>
<arg>Content-Type=application/json</arg>
<doc>Creates and returns a dictionary based on the given ``items``.</doc>
<msg timestamp="20220807 13:07:20.117" level="INFO">${headers} = {'Content-Type': 'application/json'}</msg>
<status status="PASS" starttime="20220807 13:07:20.116" endtime="20220807 13:07:20.117"/>
</kw>
<kw name="Create Dictionary" library="BuiltIn">
<var>${params}</var>
<arg>name="actorName"</arg>
<arg>actId="a0"</arg>
<doc>Creates and returns a dictionary based on the given ``items``.</doc>
<msg timestamp="20220807 13:07:20.117" level="INFO">${params} = {'name': '"actorName"', 'actId': '"a0"'}</msg>
<status status="PASS" starttime="20220807 13:07:20.117" endtime="20220807 13:07:20.117"/>
</kw>
<kw name="Put Request" library="RequestsLibrary">
<var>${resp}</var>
<arg>localhost</arg>
<arg>/api/v1/addActor</arg>
<arg>data=${params}</arg>
<arg>headers=${headers}</arg>
<doc>*DEPRECATED* Please use `PUT On Session` instead.</doc>
<msg timestamp="20220807 13:07:20.118" level="WARN">Keyword 'RequestsLibrary.Put Request' is deprecated. Please use `PUT On Session` instead.</msg>
<msg timestamp="20220807 13:07:20.124" level="INFO">PUT Request : url=http://localhost:8080/api/v1/addActor 
 path_url=/api/v1/addActor 
 headers={'User-Agent': 'python-requests/2.28.1', 'Accept-Encoding': 'gzip, deflate', 'Accept': '*/*', 'Connection': 'keep-alive', 'Content-Type': 'application/json', 'Content-Length': '44'} 
 body={"name": "\"actorName\"", "actId": "\"a0\""} 
 </msg>
<msg timestamp="20220807 13:07:20.124" level="INFO">PUT Response : url=http://localhost:8080/api/v1/addActor 
 status=400, reason=Bad Request 
 headers={'Date': 'Sun, 07 Aug 2022 17:07:20 GMT', 'Content-length': '73'} 
 body=The request body is improperly formatted or missing required information. 
 </msg>
<msg timestamp="20220807 13:07:20.124" level="INFO">${resp} = &lt;Response [400]&gt;</msg>
<status status="PASS" starttime="20220807 13:07:20.118" endtime="20220807 13:07:20.124"/>
</kw>
<kw name="Should Be Equal As Strings" library="BuiltIn">
<arg>${resp.status_code}</arg>
<arg>400</arg>
<doc>Fails if objects are unequal after converting them to strings.</doc>
<msg timestamp="20220807 13:07:20.126" level="INFO">Argument types are:
&lt;class 'int'&gt;
&lt;class 'str'&gt;</msg>
<status status="PASS" starttime="20220807 13:07:20.125" endtime="20220807 13:07:20.126"/>
</kw>
<timeout value="30 seconds"/>
<status status="PASS" starttime="20220807 13:07:20.115" endtime="20220807 13:07:20.126"/>
</test>
<test id="s1-t7" name="addActorFail-MissingActorId" line="50">
<kw name="Create Session" library="RequestsLibrary">
<arg>localhost</arg>
<arg>http://localhost:8080</arg>
<doc>Create Session: create a HTTP session to a server</doc>
<msg timestamp="20220807 13:07:20.128" level="INFO">Creating Session using : alias=localhost, url=http://localhost:8080, headers={},                     cookies={}, auth=None, timeout=None, proxies=None, verify=False,                     debug=0 </msg>
<status status="PASS" starttime="20220807 13:07:20.127" endtime="20220807 13:07:20.128"/>
</kw>
<kw name="Create Dictionary" library="BuiltIn">
<var>${headers}</var>
<arg>Content-Type=application/json</arg>
<doc>Creates and returns a dictionary based on the given ``items``.</doc>
<msg timestamp="20220807 13:07:20.128" level="INFO">${headers} = {'Content-Type': 'application/json'}</msg>
<status status="PASS" starttime="20220807 13:07:20.128" endtime="20220807 13:07:20.128"/>
</kw>
<kw name="Create Dictionary" library="BuiltIn">
<var>${params}</var>
<arg>name="actorName"</arg>
<doc>Creates and returns a dictionary based on the given ``items``.</doc>
<msg timestamp="20220807 13:07:20.129" level="INFO">${params} = {'name': '"actorName"'}</msg>
<status status="PASS" starttime="20220807 13:07:20.129" endtime="20220807 13:07:20.129"/>
</kw>
<kw name="Put Request" library="RequestsLibrary">
<var>${resp}</var>
<arg>localhost</arg>
<arg>/api/v1/addActor</arg>
<arg>data=${params}</arg>
<arg>headers=${headers}</arg>
<doc>*DEPRECATED* Please use `PUT On Session` instead.</doc>
<msg timestamp="20220807 13:07:20.129" level="WARN">Keyword 'RequestsLibrary.Put Request' is deprecated. Please use `PUT On Session` instead.</msg>
<msg timestamp="20220807 13:07:20.133" level="INFO">PUT Request : url=http://localhost:8080/api/v1/addActor 
 path_url=/api/v1/addActor 
 headers={'User-Agent': 'python-requests/2.28.1', 'Accept-Encoding': 'gzip, deflate', 'Accept': '*/*', 'Connection': 'keep-alive', 'Content-Type': 'application/json', 'Content-Length': '25'} 
 body={"name": "\"actorName\""} 
 </msg>
<msg timestamp="20220807 13:07:20.133" level="INFO">PUT Response : url=http://localhost:8080/api/v1/addActor 
 status=400, reason=Bad Request 
 headers={'Date': 'Sun, 07 Aug 2022 17:07:20 GMT', 'Content-length': '73'} 
 body=The request body is improperly formatted or missing required information. 
 </msg>
<msg timestamp="20220807 13:07:20.133" level="INFO">${resp} = &lt;Response [400]&gt;</msg>
<status status="PASS" starttime="20220807 13:07:20.129" endtime="20220807 13:07:20.133"/>
</kw>
<kw name="Should Be Equal As Strings" library="BuiltIn">
<arg>${resp.status_code}</arg>
<arg>400</arg>
<doc>Fails if objects are unequal after converting them to strings.</doc>
<msg timestamp="20220807 13:07:20.135" level="INFO">Argument types are:
&lt;class 'int'&gt;
&lt;class 'str'&gt;</msg>
<status status="PASS" starttime="20220807 13:07:20.134" endtime="20220807 13:07:20.135"/>
</kw>
<timeout value="30 seconds"/>
<status status="PASS" starttime="20220807 13:07:20.127" endtime="20220807 13:07:20.135"/>
</test>
<test id="s1-t8" name="addMoviePass" line="57">
<kw name="Create Session" library="RequestsLibrary">
<arg>localhost</arg>
<arg>http://localhost:8080</arg>
<doc>Create Session: create a HTTP session to a server</doc>
<msg timestamp="20220807 13:07:20.137" level="INFO">Creating Session using : alias=localhost, url=http://localhost:8080, headers={},                     cookies={}, auth=None, timeout=None, proxies=None, verify=False,                     debug=0 </msg>
<status status="PASS" starttime="20220807 13:07:20.136" endtime="20220807 13:07:20.137"/>
</kw>
<kw name="Create Dictionary" library="BuiltIn">
<var>${headers}</var>
<arg>Content-Type=application/json</arg>
<doc>Creates and returns a dictionary based on the given ``items``.</doc>
<msg timestamp="20220807 13:07:20.137" level="INFO">${headers} = {'Content-Type': 'application/json'}</msg>
<status status="PASS" starttime="20220807 13:07:20.137" endtime="20220807 13:07:20.137"/>
</kw>
<kw name="Create Dictionary" library="BuiltIn">
<var>${params}</var>
<arg>name=movieName</arg>
<arg>movieId=m0</arg>
<doc>Creates and returns a dictionary based on the given ``items``.</doc>
<msg timestamp="20220807 13:07:20.138" level="INFO">${params} = {'name': 'movieName', 'movieId': 'm0'}</msg>
<status status="PASS" starttime="20220807 13:07:20.137" endtime="20220807 13:07:20.138"/>
</kw>
<kw name="Put Request" library="RequestsLibrary">
<var>${resp}</var>
<arg>localhost</arg>
<arg>/api/v1/addMovie</arg>
<arg>data=${params}</arg>
<arg>headers=${headers}</arg>
<doc>*DEPRECATED* Please use `PUT On Session` instead.</doc>
<msg timestamp="20220807 13:07:20.138" level="WARN">Keyword 'RequestsLibrary.Put Request' is deprecated. Please use `PUT On Session` instead.</msg>
<msg timestamp="20220807 13:07:20.180" level="INFO">PUT Request : url=http://localhost:8080/api/v1/addMovie 
 path_url=/api/v1/addMovie 
 headers={'User-Agent': 'python-requests/2.28.1', 'Accept-Encoding': 'gzip, deflate', 'Accept': '*/*', 'Connection': 'keep-alive', 'Content-Type': 'application/json', 'Content-Length': '38'} 
 body={"name": "movieName", "movieId": "m0"} 
 </msg>
<msg timestamp="20220807 13:07:20.181" level="INFO">PUT Response : url=http://localhost:8080/api/v1/addMovie 
 status=200, reason=OK 
 headers={'Date': 'Sun, 07 Aug 2022 17:07:20 GMT', 'Content-length': '29'} 
 body=movieName added successfully. 
 </msg>
<msg timestamp="20220807 13:07:20.181" level="INFO">${resp} = &lt;Response [200]&gt;</msg>
<status status="PASS" starttime="20220807 13:07:20.138" endtime="20220807 13:07:20.181"/>
</kw>
<kw name="Should Be Equal As Strings" library="BuiltIn">
<arg>${resp.status_code}</arg>
<arg>200</arg>
<doc>Fails if objects are unequal after converting them to strings.</doc>
<msg timestamp="20220807 13:07:20.183" level="INFO">Argument types are:
&lt;class 'int'&gt;
&lt;class 'str'&gt;</msg>
<status status="PASS" starttime="20220807 13:07:20.182" endtime="20220807 13:07:20.183"/>
</kw>
<timeout value="30 seconds"/>
<status status="PASS" starttime="20220807 13:07:20.136" endtime="20220807 13:07:20.183"/>
</test>
<test id="s1-t9" name="addMovieFail-MovieIdAlreadyExists" line="64">
<kw name="Create Session" library="RequestsLibrary">
<arg>localhost</arg>
<arg>http://localhost:8080</arg>
<doc>Create Session: create a HTTP session to a server</doc>
<msg timestamp="20220807 13:07:20.186" level="INFO">Creating Session using : alias=localhost, url=http://localhost:8080, headers={},                     cookies={}, auth=None, timeout=None, proxies=None, verify=False,                     debug=0 </msg>
<status status="PASS" starttime="20220807 13:07:20.185" endtime="20220807 13:07:20.186"/>
</kw>
<kw name="Create Dictionary" library="BuiltIn">
<var>${headers}</var>
<arg>Content-Type=application/json</arg>
<doc>Creates and returns a dictionary based on the given ``items``.</doc>
<msg timestamp="20220807 13:07:20.187" level="INFO">${headers} = {'Content-Type': 'application/json'}</msg>
<status status="PASS" starttime="20220807 13:07:20.187" endtime="20220807 13:07:20.187"/>
</kw>
<kw name="Create Dictionary" library="BuiltIn">
<var>${params}</var>
<arg>name=movieName</arg>
<arg>movieId=m0</arg>
<doc>Creates and returns a dictionary based on the given ``items``.</doc>
<msg timestamp="20220807 13:07:20.187" level="INFO">${params} = {'name': 'movieName', 'movieId': 'm0'}</msg>
<status status="PASS" starttime="20220807 13:07:20.187" endtime="20220807 13:07:20.187"/>
</kw>
<kw name="Put Request" library="RequestsLibrary">
<var>${resp}</var>
<arg>localhost</arg>
<arg>/api/v1/addMovie</arg>
<arg>data=${params}</arg>
<arg>headers=${headers}</arg>
<doc>*DEPRECATED* Please use `PUT On Session` instead.</doc>
<msg timestamp="20220807 13:07:20.188" level="WARN">Keyword 'RequestsLibrary.Put Request' is deprecated. Please use `PUT On Session` instead.</msg>
<msg timestamp="20220807 13:07:20.198" level="INFO">PUT Request : url=http://localhost:8080/api/v1/addMovie 
 path_url=/api/v1/addMovie 
 headers={'User-Agent': 'python-requests/2.28.1', 'Accept-Encoding': 'gzip, deflate', 'Accept': '*/*', 'Connection': 'keep-alive', 'Content-Type': 'application/json', 'Content-Length': '38'} 
 body={"name": "movieName", "movieId": "m0"} 
 </msg>
<msg timestamp="20220807 13:07:20.198" level="INFO">PUT Response : url=http://localhost:8080/api/v1/addMovie 
 status=400, reason=Bad Request 
 headers={'Date': 'Sun, 07 Aug 2022 17:07:20 GMT', 'Content-length': '30'} 
 body=movieName movie already exists 
 </msg>
<msg timestamp="20220807 13:07:20.198" level="INFO">${resp} = &lt;Response [400]&gt;</msg>
<status status="PASS" starttime="20220807 13:07:20.188" endtime="20220807 13:07:20.198"/>
</kw>
<kw name="Should Be Equal As Strings" library="BuiltIn">
<arg>${resp.status_code}</arg>
<arg>400</arg>
<doc>Fails if objects are unequal after converting them to strings.</doc>
<msg timestamp="20220807 13:07:20.200" level="INFO">Argument types are:
&lt;class 'int'&gt;
&lt;class 'str'&gt;</msg>
<status status="PASS" starttime="20220807 13:07:20.199" endtime="20220807 13:07:20.200"/>
</kw>
<timeout value="30 seconds"/>
<status status="PASS" starttime="20220807 13:07:20.184" endtime="20220807 13:07:20.201"/>
</test>
<test id="s1-t10" name="addMovieFail-IncorrectParameters" line="71">
<kw name="Create Session" library="RequestsLibrary">
<arg>localhost</arg>
<arg>http://localhost:8080</arg>
<doc>Create Session: create a HTTP session to a server</doc>
<msg timestamp="20220807 13:07:20.203" level="INFO">Creating Session using : alias=localhost, url=http://localhost:8080, headers={},                     cookies={}, auth=None, timeout=None, proxies=None, verify=False,                     debug=0 </msg>
<status status="PASS" starttime="20220807 13:07:20.202" endtime="20220807 13:07:20.203"/>
</kw>
<kw name="Create Dictionary" library="BuiltIn">
<var>${headers}</var>
<arg>Content-Type=application/json</arg>
<doc>Creates and returns a dictionary based on the given ``items``.</doc>
<msg timestamp="20220807 13:07:20.203" level="INFO">${headers} = {'Content-Type': 'application/json'}</msg>
<status status="PASS" starttime="20220807 13:07:20.203" endtime="20220807 13:07:20.203"/>
</kw>
<kw name="Create Dictionary" library="BuiltIn">
<var>${params}</var>
<arg>name=movieName</arg>
<arg>movId=a0</arg>
<doc>Creates and returns a dictionary based on the given ``items``.</doc>
<msg timestamp="20220807 13:07:20.204" level="INFO">${params} = {'name': 'movieName', 'movId': 'a0'}</msg>
<status status="PASS" starttime="20220807 13:07:20.204" endtime="20220807 13:07:20.204"/>
</kw>
<kw name="Put Request" library="RequestsLibrary">
<var>${resp}</var>
<arg>localhost</arg>
<arg>/api/v1/addMovie</arg>
<arg>data=${params}</arg>
<arg>headers=${headers}</arg>
<doc>*DEPRECATED* Please use `PUT On Session` instead.</doc>
<msg timestamp="20220807 13:07:20.204" level="WARN">Keyword 'RequestsLibrary.Put Request' is deprecated. Please use `PUT On Session` instead.</msg>
<msg timestamp="20220807 13:07:20.208" level="INFO">PUT Request : url=http://localhost:8080/api/v1/addMovie 
 path_url=/api/v1/addMovie 
 headers={'User-Agent': 'python-requests/2.28.1', 'Accept-Encoding': 'gzip, deflate', 'Accept': '*/*', 'Connection': 'keep-alive', 'Content-Type': 'application/json', 'Content-Length': '36'} 
 body={"name": "movieName", "movId": "a0"} 
 </msg>
<msg timestamp="20220807 13:07:20.208" level="INFO">PUT Response : url=http://localhost:8080/api/v1/addMovie 
 status=400, reason=Bad Request 
 headers={'Date': 'Sun, 07 Aug 2022 17:07:20 GMT', 'Content-length': '73'} 
 body=The request body is improperly formatted or missing required information. 
 </msg>
<msg timestamp="20220807 13:07:20.209" level="INFO">${resp} = &lt;Response [400]&gt;</msg>
<status status="PASS" starttime="20220807 13:07:20.204" endtime="20220807 13:07:20.209"/>
</kw>
<kw name="Should Be Equal As Strings" library="BuiltIn">
<arg>${resp.status_code}</arg>
<arg>400</arg>
<doc>Fails if objects are unequal after converting them to strings.</doc>
<msg timestamp="20220807 13:07:20.209" level="INFO">Argument types are:
&lt;class 'int'&gt;
&lt;class 'str'&gt;</msg>
<status status="PASS" starttime="20220807 13:07:20.209" endtime="20220807 13:07:20.209"/>
</kw>
<timeout value="30 seconds"/>
<status status="PASS" starttime="20220807 13:07:20.202" endtime="20220807 13:07:20.210"/>
</test>
<test id="s1-t11" name="addMovieFail-MissingMovieId" line="78">
<kw name="Create Session" library="RequestsLibrary">
<arg>localhost</arg>
<arg>http://localhost:8080</arg>
<doc>Create Session: create a HTTP session to a server</doc>
<msg timestamp="20220807 13:07:20.214" level="INFO">Creating Session using : alias=localhost, url=http://localhost:8080, headers={},                     cookies={}, auth=None, timeout=None, proxies=None, verify=False,                     debug=0 </msg>
<status status="PASS" starttime="20220807 13:07:20.213" endtime="20220807 13:07:20.214"/>
</kw>
<kw name="Create Dictionary" library="BuiltIn">
<var>${headers}</var>
<arg>Content-Type=application/json</arg>
<doc>Creates and returns a dictionary based on the given ``items``.</doc>
<msg timestamp="20220807 13:07:20.214" level="INFO">${headers} = {'Content-Type': 'application/json'}</msg>
<status status="PASS" starttime="20220807 13:07:20.214" endtime="20220807 13:07:20.214"/>
</kw>
<kw name="Create Dictionary" library="BuiltIn">
<var>${params}</var>
<arg>name=movieName</arg>
<doc>Creates and returns a dictionary based on the given ``items``.</doc>
<msg timestamp="20220807 13:07:20.215" level="INFO">${params} = {'name': 'movieName'}</msg>
<status status="PASS" starttime="20220807 13:07:20.215" endtime="20220807 13:07:20.215"/>
</kw>
<kw name="Put Request" library="RequestsLibrary">
<var>${resp}</var>
<arg>localhost</arg>
<arg>/api/v1/addMovie</arg>
<arg>data=${params}</arg>
<arg>headers=${headers}</arg>
<doc>*DEPRECATED* Please use `PUT On Session` instead.</doc>
<msg timestamp="20220807 13:07:20.215" level="WARN">Keyword 'RequestsLibrary.Put Request' is deprecated. Please use `PUT On Session` instead.</msg>
<msg timestamp="20220807 13:07:20.219" level="INFO">PUT Request : url=http://localhost:8080/api/v1/addMovie 
 path_url=/api/v1/addMovie 
 headers={'User-Agent': 'python-requests/2.28.1', 'Accept-Encoding': 'gzip, deflate', 'Accept': '*/*', 'Connection': 'keep-alive', 'Content-Type': 'application/json', 'Content-Length': '21'} 
 body={"name": "movieName"} 
 </msg>
<msg timestamp="20220807 13:07:20.219" level="INFO">PUT Response : url=http://localhost:8080/api/v1/addMovie 
 status=400, reason=Bad Request 
 headers={'Date': 'Sun, 07 Aug 2022 17:07:20 GMT', 'Content-length': '73'} 
 body=The request body is improperly formatted or missing required information. 
 </msg>
<msg timestamp="20220807 13:07:20.219" level="INFO">${resp} = &lt;Response [400]&gt;</msg>
<status status="PASS" starttime="20220807 13:07:20.215" endtime="20220807 13:07:20.219"/>
</kw>
<kw name="Should Be Equal As Strings" library="BuiltIn">
<arg>${resp.status_code}</arg>
<arg>400</arg>
<doc>Fails if objects are unequal after converting them to strings.</doc>
<msg timestamp="20220807 13:07:20.220" level="INFO">Argument types are:
&lt;class 'int'&gt;
&lt;class 'str'&gt;</msg>
<status status="PASS" starttime="20220807 13:07:20.219" endtime="20220807 13:07:20.220"/>
</kw>
<timeout value="30 seconds"/>
<status status="PASS" starttime="20220807 13:07:20.213" endtime="20220807 13:07:20.221"/>
</test>
<test id="s1-t12" name="addRelationshipPass" line="85">
<kw name="Create Session" library="RequestsLibrary">
<arg>localhost</arg>
<arg>http://localhost:8080</arg>
<doc>Create Session: create a HTTP session to a server</doc>
<msg timestamp="20220807 13:07:20.222" level="INFO">Creating Session using : alias=localhost, url=http://localhost:8080, headers={},                     cookies={}, auth=None, timeout=None, proxies=None, verify=False,                     debug=0 </msg>
<status status="PASS" starttime="20220807 13:07:20.221" endtime="20220807 13:07:20.222"/>
</kw>
<kw name="Create Dictionary" library="BuiltIn">
<var>${headers}</var>
<arg>Content-Type=application/json</arg>
<doc>Creates and returns a dictionary based on the given ``items``.</doc>
<msg timestamp="20220807 13:07:20.223" level="INFO">${headers} = {'Content-Type': 'application/json'}</msg>
<status status="PASS" starttime="20220807 13:07:20.223" endtime="20220807 13:07:20.223"/>
</kw>
<kw name="Create Dictionary" library="BuiltIn">
<var>${params}</var>
<arg>actorId=a0</arg>
<arg>movieId=m0</arg>
<doc>Creates and returns a dictionary based on the given ``items``.</doc>
<msg timestamp="20220807 13:07:20.224" level="INFO">${params} = {'actorId': 'a0', 'movieId': 'm0'}</msg>
<status status="PASS" starttime="20220807 13:07:20.224" endtime="20220807 13:07:20.224"/>
</kw>
<kw name="Put Request" library="RequestsLibrary">
<var>${resp}</var>
<arg>localhost</arg>
<arg>/api/v1/addRelationship</arg>
<arg>data=${params}</arg>
<arg>headers=${headers}</arg>
<doc>*DEPRECATED* Please use `PUT On Session` instead.</doc>
<msg timestamp="20220807 13:07:20.224" level="WARN">Keyword 'RequestsLibrary.Put Request' is deprecated. Please use `PUT On Session` instead.</msg>
<msg timestamp="20220807 13:07:20.282" level="INFO">PUT Request : url=http://localhost:8080/api/v1/addRelationship 
 path_url=/api/v1/addRelationship 
 headers={'User-Agent': 'python-requests/2.28.1', 'Accept-Encoding': 'gzip, deflate', 'Accept': '*/*', 'Connection': 'keep-alive', 'Content-Type': 'application/json', 'Content-Length': '34'} 
 body={"actorId": "a0", "movieId": "m0"} 
 </msg>
<msg timestamp="20220807 13:07:20.283" level="INFO">PUT Response : url=http://localhost:8080/api/v1/addRelationship 
 status=200, reason=OK 
 headers={'Date': 'Sun, 07 Aug 2022 17:07:20 GMT', 'Content-length': '41'} 
 body=ACTED_IN relationship added successfully. 
 </msg>
<msg timestamp="20220807 13:07:20.283" level="INFO">${resp} = &lt;Response [200]&gt;</msg>
<status status="PASS" starttime="20220807 13:07:20.224" endtime="20220807 13:07:20.283"/>
</kw>
<kw name="Should Be Equal As Strings" library="BuiltIn">
<arg>${resp.status_code}</arg>
<arg>200</arg>
<doc>Fails if objects are unequal after converting them to strings.</doc>
<msg timestamp="20220807 13:07:20.284" level="INFO">Argument types are:
&lt;class 'int'&gt;
&lt;class 'str'&gt;</msg>
<status status="PASS" starttime="20220807 13:07:20.283" endtime="20220807 13:07:20.284"/>
</kw>
<timeout value="30 seconds"/>
<status status="PASS" starttime="20220807 13:07:20.221" endtime="20220807 13:07:20.285"/>
</test>
<test id="s1-t13" name="addRelationshipPass-RelationshipWithKevinBacon" line="92">
<kw name="Create Session" library="RequestsLibrary">
<arg>localhost</arg>
<arg>http://localhost:8080</arg>
<doc>Create Session: create a HTTP session to a server</doc>
<msg timestamp="20220807 13:07:20.287" level="INFO">Creating Session using : alias=localhost, url=http://localhost:8080, headers={},                     cookies={}, auth=None, timeout=None, proxies=None, verify=False,                     debug=0 </msg>
<status status="PASS" starttime="20220807 13:07:20.287" endtime="20220807 13:07:20.287"/>
</kw>
<kw name="Create Dictionary" library="BuiltIn">
<var>${headers}</var>
<arg>Content-Type=application/json</arg>
<doc>Creates and returns a dictionary based on the given ``items``.</doc>
<msg timestamp="20220807 13:07:20.288" level="INFO">${headers} = {'Content-Type': 'application/json'}</msg>
<status status="PASS" starttime="20220807 13:07:20.288" endtime="20220807 13:07:20.288"/>
</kw>
<kw name="Create Dictionary" library="BuiltIn">
<var>${params}</var>
<arg>actorId=nm0000102</arg>
<arg>movieId=m0</arg>
<doc>Creates and returns a dictionary based on the given ``items``.</doc>
<msg timestamp="20220807 13:07:20.289" level="INFO">${params} = {'actorId': 'nm0000102', 'movieId': 'm0'}</msg>
<status status="PASS" starttime="20220807 13:07:20.289" endtime="20220807 13:07:20.289"/>
</kw>
<kw name="Put Request" library="RequestsLibrary">
<var>${resp}</var>
<arg>localhost</arg>
<arg>/api/v1/addRelationship</arg>
<arg>data=${params}</arg>
<arg>headers=${headers}</arg>
<doc>*DEPRECATED* Please use `PUT On Session` instead.</doc>
<msg timestamp="20220807 13:07:20.289" level="WARN">Keyword 'RequestsLibrary.Put Request' is deprecated. Please use `PUT On Session` instead.</msg>
<msg timestamp="20220807 13:07:20.345" level="INFO">PUT Request : url=http://localhost:8080/api/v1/addRelationship 
 path_url=/api/v1/addRelationship 
 headers={'User-Agent': 'python-requests/2.28.1', 'Accept-Encoding': 'gzip, deflate', 'Accept': '*/*', 'Connection': 'keep-alive', 'Content-Type': 'application/json', 'Content-Length': '41'} 
 body={"actorId": "nm0000102", "movieId": "m0"} 
 </msg>
<msg timestamp="20220807 13:07:20.345" level="INFO">PUT Response : url=http://localhost:8080/api/v1/addRelationship 
 status=200, reason=OK 
 headers={'Date': 'Sun, 07 Aug 2022 17:07:20 GMT', 'Content-length': '41'} 
 body=ACTED_IN relationship added successfully. 
 </msg>
<msg timestamp="20220807 13:07:20.345" level="INFO">${resp} = &lt;Response [200]&gt;</msg>
<status status="PASS" starttime="20220807 13:07:20.289" endtime="20220807 13:07:20.346"/>
</kw>
<kw name="Should Be Equal As Strings" library="BuiltIn">
<arg>${resp.status_code}</arg>
<arg>200</arg>
<doc>Fails if objects are unequal after converting them to strings.</doc>
<msg timestamp="20220807 13:07:20.347" level="INFO">Argument types are:
&lt;class 'int'&gt;
&lt;class 'str'&gt;</msg>
<status status="PASS" starttime="20220807 13:07:20.346" endtime="20220807 13:07:20.347"/>
</kw>
<timeout value="30 seconds"/>
<status status="PASS" starttime="20220807 13:07:20.286" endtime="20220807 13:07:20.348"/>
</test>
<test id="s1-t14" name="addRelationshipFail-RelationshipAlreadyExists" line="99">
<kw name="Create Session" library="RequestsLibrary">
<arg>localhost</arg>
<arg>http://localhost:8080</arg>
<doc>Create Session: create a HTTP session to a server</doc>
<msg timestamp="20220807 13:07:20.350" level="INFO">Creating Session using : alias=localhost, url=http://localhost:8080, headers={},                     cookies={}, auth=None, timeout=None, proxies=None, verify=False,                     debug=0 </msg>
<status status="PASS" starttime="20220807 13:07:20.350" endtime="20220807 13:07:20.350"/>
</kw>
<kw name="Create Dictionary" library="BuiltIn">
<var>${headers}</var>
<arg>Content-Type=application/json</arg>
<doc>Creates and returns a dictionary based on the given ``items``.</doc>
<msg timestamp="20220807 13:07:20.351" level="INFO">${headers} = {'Content-Type': 'application/json'}</msg>
<status status="PASS" starttime="20220807 13:07:20.351" endtime="20220807 13:07:20.351"/>
</kw>
<kw name="Create Dictionary" library="BuiltIn">
<var>${params}</var>
<arg>actorId=a0</arg>
<arg>movieId=m0</arg>
<doc>Creates and returns a dictionary based on the given ``items``.</doc>
<msg timestamp="20220807 13:07:20.352" level="INFO">${params} = {'actorId': 'a0', 'movieId': 'm0'}</msg>
<status status="PASS" starttime="20220807 13:07:20.352" endtime="20220807 13:07:20.352"/>
</kw>
<kw name="Put Request" library="RequestsLibrary">
<var>${resp}</var>
<arg>localhost</arg>
<arg>/api/v1/addRelationship</arg>
<arg>data=${params}</arg>
<arg>headers=${headers}</arg>
<doc>*DEPRECATED* Please use `PUT On Session` instead.</doc>
<msg timestamp="20220807 13:07:20.352" level="WARN">Keyword 'RequestsLibrary.Put Request' is deprecated. Please use `PUT On Session` instead.</msg>
<msg timestamp="20220807 13:07:20.377" level="INFO">PUT Request : url=http://localhost:8080/api/v1/addRelationship 
 path_url=/api/v1/addRelationship 
 headers={'User-Agent': 'python-requests/2.28.1', 'Accept-Encoding': 'gzip, deflate', 'Accept': '*/*', 'Connection': 'keep-alive', 'Content-Type': 'application/json', 'Content-Length': '34'} 
 body={"actorId": "a0", "movieId": "m0"} 
 </msg>
<msg timestamp="20220807 13:07:20.377" level="INFO">PUT Response : url=http://localhost:8080/api/v1/addRelationship 
 status=400, reason=Bad Request 
 headers={'Date': 'Sun, 07 Aug 2022 17:07:20 GMT', 'Content-length': '27'} 
 body=Relationship already exists 
 </msg>
<msg timestamp="20220807 13:07:20.377" level="INFO">${resp} = &lt;Response [400]&gt;</msg>
<status status="PASS" starttime="20220807 13:07:20.352" endtime="20220807 13:07:20.377"/>
</kw>
<kw name="Should Be Equal As Strings" library="BuiltIn">
<arg>${resp.status_code}</arg>
<arg>400</arg>
<doc>Fails if objects are unequal after converting them to strings.</doc>
<msg timestamp="20220807 13:07:20.379" level="INFO">Argument types are:
&lt;class 'int'&gt;
&lt;class 'str'&gt;</msg>
<status status="PASS" starttime="20220807 13:07:20.378" endtime="20220807 13:07:20.379"/>
</kw>
<timeout value="30 seconds"/>
<status status="PASS" starttime="20220807 13:07:20.349" endtime="20220807 13:07:20.379"/>
</test>
<test id="s1-t15" name="addRelationshipFail-IncorrectParameters" line="106">
<kw name="Create Session" library="RequestsLibrary">
<arg>localhost</arg>
<arg>http://localhost:8080</arg>
<doc>Create Session: create a HTTP session to a server</doc>
<msg timestamp="20220807 13:07:20.382" level="INFO">Creating Session using : alias=localhost, url=http://localhost:8080, headers={},                     cookies={}, auth=None, timeout=None, proxies=None, verify=False,                     debug=0 </msg>
<status status="PASS" starttime="20220807 13:07:20.381" endtime="20220807 13:07:20.382"/>
</kw>
<kw name="Create Dictionary" library="BuiltIn">
<var>${headers}</var>
<arg>Content-Type=application/json</arg>
<doc>Creates and returns a dictionary based on the given ``items``.</doc>
<msg timestamp="20220807 13:07:20.382" level="INFO">${headers} = {'Content-Type': 'application/json'}</msg>
<status status="PASS" starttime="20220807 13:07:20.382" endtime="20220807 13:07:20.382"/>
</kw>
<kw name="Create Dictionary" library="BuiltIn">
<var>${params}</var>
<arg>actorId=a0</arg>
<arg>moeId=m0</arg>
<doc>Creates and returns a dictionary based on the given ``items``.</doc>
<msg timestamp="20220807 13:07:20.383" level="INFO">${params} = {'actorId': 'a0', 'moeId': 'm0'}</msg>
<status status="PASS" starttime="20220807 13:07:20.383" endtime="20220807 13:07:20.383"/>
</kw>
<kw name="Put Request" library="RequestsLibrary">
<var>${resp}</var>
<arg>localhost</arg>
<arg>/api/v1/addRelationship</arg>
<arg>data=${params}</arg>
<arg>headers=${headers}</arg>
<doc>*DEPRECATED* Please use `PUT On Session` instead.</doc>
<msg timestamp="20220807 13:07:20.383" level="WARN">Keyword 'RequestsLibrary.Put Request' is deprecated. Please use `PUT On Session` instead.</msg>
<msg timestamp="20220807 13:07:20.388" level="INFO">PUT Request : url=http://localhost:8080/api/v1/addRelationship 
 path_url=/api/v1/addRelationship 
 headers={'User-Agent': 'python-requests/2.28.1', 'Accept-Encoding': 'gzip, deflate', 'Accept': '*/*', 'Connection': 'keep-alive', 'Content-Type': 'application/json', 'Content-Length': '32'} 
 body={"actorId": "a0", "moeId": "m0"} 
 </msg>
<msg timestamp="20220807 13:07:20.388" level="INFO">PUT Response : url=http://localhost:8080/api/v1/addRelationship 
 status=400, reason=Bad Request 
 headers={'Date': 'Sun, 07 Aug 2022 17:07:20 GMT', 'Content-length': '73'} 
 body=The request body is improperly formatted or missing required information. 
 </msg>
<msg timestamp="20220807 13:07:20.389" level="INFO">${resp} = &lt;Response [400]&gt;</msg>
<status status="PASS" starttime="20220807 13:07:20.383" endtime="20220807 13:07:20.389"/>
</kw>
<kw name="Should Be Equal As Strings" library="BuiltIn">
<arg>${resp.status_code}</arg>
<arg>400</arg>
<doc>Fails if objects are unequal after converting them to strings.</doc>
<msg timestamp="20220807 13:07:20.390" level="INFO">Argument types are:
&lt;class 'int'&gt;
&lt;class 'str'&gt;</msg>
<status status="PASS" starttime="20220807 13:07:20.389" endtime="20220807 13:07:20.391"/>
</kw>
<timeout value="30 seconds"/>
<status status="PASS" starttime="20220807 13:07:20.381" endtime="20220807 13:07:20.391"/>
</test>
<test id="s1-t16" name="addRelationshipFail-MissingMovieId" line="113">
<kw name="Create Session" library="RequestsLibrary">
<arg>localhost</arg>
<arg>http://localhost:8080</arg>
<doc>Create Session: create a HTTP session to a server</doc>
<msg timestamp="20220807 13:07:20.393" level="INFO">Creating Session using : alias=localhost, url=http://localhost:8080, headers={},                     cookies={}, auth=None, timeout=None, proxies=None, verify=False,                     debug=0 </msg>
<status status="PASS" starttime="20220807 13:07:20.393" endtime="20220807 13:07:20.393"/>
</kw>
<kw name="Create Dictionary" library="BuiltIn">
<var>${headers}</var>
<arg>Content-Type=application/json</arg>
<doc>Creates and returns a dictionary based on the given ``items``.</doc>
<msg timestamp="20220807 13:07:20.394" level="INFO">${headers} = {'Content-Type': 'application/json'}</msg>
<status status="PASS" starttime="20220807 13:07:20.393" endtime="20220807 13:07:20.394"/>
</kw>
<kw name="Create Dictionary" library="BuiltIn">
<var>${params}</var>
<arg>actorId=a0</arg>
<doc>Creates and returns a dictionary based on the given ``items``.</doc>
<msg timestamp="20220807 13:07:20.394" level="INFO">${params} = {'actorId': 'a0'}</msg>
<status status="PASS" starttime="20220807 13:07:20.394" endtime="20220807 13:07:20.394"/>
</kw>
<kw name="Put Request" library="RequestsLibrary">
<var>${resp}</var>
<arg>localhost</arg>
<arg>/api/v1/addRelationship</arg>
<arg>data=${params}</arg>
<arg>headers=${headers}</arg>
<doc>*DEPRECATED* Please use `PUT On Session` instead.</doc>
<msg timestamp="20220807 13:07:20.394" level="WARN">Keyword 'RequestsLibrary.Put Request' is deprecated. Please use `PUT On Session` instead.</msg>
<msg timestamp="20220807 13:07:20.398" level="INFO">PUT Request : url=http://localhost:8080/api/v1/addRelationship 
 path_url=/api/v1/addRelationship 
 headers={'User-Agent': 'python-requests/2.28.1', 'Accept-Encoding': 'gzip, deflate', 'Accept': '*/*', 'Connection': 'keep-alive', 'Content-Type': 'application/json', 'Content-Length': '17'} 
 body={"actorId": "a0"} 
 </msg>
<msg timestamp="20220807 13:07:20.398" level="INFO">PUT Response : url=http://localhost:8080/api/v1/addRelationship 
 status=400, reason=Bad Request 
 headers={'Date': 'Sun, 07 Aug 2022 17:07:20 GMT', 'Content-length': '73'} 
 body=The request body is improperly formatted or missing required information. 
 </msg>
<msg timestamp="20220807 13:07:20.398" level="INFO">${resp} = &lt;Response [400]&gt;</msg>
<status status="PASS" starttime="20220807 13:07:20.394" endtime="20220807 13:07:20.398"/>
</kw>
<kw name="Should Be Equal As Strings" library="BuiltIn">
<arg>${resp.status_code}</arg>
<arg>400</arg>
<doc>Fails if objects are unequal after converting them to strings.</doc>
<msg timestamp="20220807 13:07:20.400" level="INFO">Argument types are:
&lt;class 'int'&gt;
&lt;class 'str'&gt;</msg>
<status status="PASS" starttime="20220807 13:07:20.399" endtime="20220807 13:07:20.400"/>
</kw>
<timeout value="30 seconds"/>
<status status="PASS" starttime="20220807 13:07:20.392" endtime="20220807 13:07:20.402"/>
</test>
<test id="s1-t17" name="addRelationshipFail-ActorIdDoesNotExist" line="120">
<kw name="Create Session" library="RequestsLibrary">
<arg>localhost</arg>
<arg>http://localhost:8080</arg>
<doc>Create Session: create a HTTP session to a server</doc>
<msg timestamp="20220807 13:07:20.404" level="INFO">Creating Session using : alias=localhost, url=http://localhost:8080, headers={},                     cookies={}, auth=None, timeout=None, proxies=None, verify=False,                     debug=0 </msg>
<status status="PASS" starttime="20220807 13:07:20.404" endtime="20220807 13:07:20.404"/>
</kw>
<kw name="Create Dictionary" library="BuiltIn">
<var>${headers}</var>
<arg>Content-Type=application/json</arg>
<doc>Creates and returns a dictionary based on the given ``items``.</doc>
<msg timestamp="20220807 13:07:20.405" level="INFO">${headers} = {'Content-Type': 'application/json'}</msg>
<status status="PASS" starttime="20220807 13:07:20.405" endtime="20220807 13:07:20.405"/>
</kw>
<kw name="Create Dictionary" library="BuiltIn">
<var>${params}</var>
<arg>actorId=a3726543</arg>
<arg>movieId=m0</arg>
<doc>Creates and returns a dictionary based on the given ``items``.</doc>
<msg timestamp="20220807 13:07:20.405" level="INFO">${params} = {'actorId': 'a3726543', 'movieId': 'm0'}</msg>
<status status="PASS" starttime="20220807 13:07:20.405" endtime="20220807 13:07:20.405"/>
</kw>
<kw name="Put Request" library="RequestsLibrary">
<var>${resp}</var>
<arg>localhost</arg>
<arg>/api/v1/addRelationship</arg>
<arg>data=${params}</arg>
<arg>headers=${headers}</arg>
<doc>*DEPRECATED* Please use `PUT On Session` instead.</doc>
<msg timestamp="20220807 13:07:20.405" level="WARN">Keyword 'RequestsLibrary.Put Request' is deprecated. Please use `PUT On Session` instead.</msg>
<msg timestamp="20220807 13:07:20.422" level="INFO">PUT Request : url=http://localhost:8080/api/v1/addRelationship 
 path_url=/api/v1/addRelationship 
 headers={'User-Agent': 'python-requests/2.28.1', 'Accept-Encoding': 'gzip, deflate', 'Accept': '*/*', 'Connection': 'keep-alive', 'Content-Type': 'application/json', 'Content-Length': '40'} 
 body={"actorId": "a3726543", "movieId": "m0"} 
 </msg>
<msg timestamp="20220807 13:07:20.422" level="INFO">PUT Response : url=http://localhost:8080/api/v1/addRelationship 
 status=404, reason=Not Found 
 headers={'Date': 'Sun, 07 Aug 2022 17:07:20 GMT', 'Content-length': '20'} 
 body=Actor does not exist 
 </msg>
<msg timestamp="20220807 13:07:20.422" level="INFO">${resp} = &lt;Response [404]&gt;</msg>
<status status="PASS" starttime="20220807 13:07:20.405" endtime="20220807 13:07:20.422"/>
</kw>
<kw name="Should Be Equal As Strings" library="BuiltIn">
<arg>${resp.status_code}</arg>
<arg>404</arg>
<doc>Fails if objects are unequal after converting them to strings.</doc>
<msg timestamp="20220807 13:07:20.424" level="INFO">Argument types are:
&lt;class 'int'&gt;
&lt;class 'str'&gt;</msg>
<status status="PASS" starttime="20220807 13:07:20.423" endtime="20220807 13:07:20.425"/>
</kw>
<timeout value="30 seconds"/>
<status status="PASS" starttime="20220807 13:07:20.403" endtime="20220807 13:07:20.425"/>
</test>
<test id="s1-t18" name="addRelationshipFail-MovieIdDoesNotExist" line="127">
<kw name="Create Session" library="RequestsLibrary">
<arg>localhost</arg>
<arg>http://localhost:8080</arg>
<doc>Create Session: create a HTTP session to a server</doc>
<msg timestamp="20220807 13:07:20.429" level="INFO">Creating Session using : alias=localhost, url=http://localhost:8080, headers={},                     cookies={}, auth=None, timeout=None, proxies=None, verify=False,                     debug=0 </msg>
<status status="PASS" starttime="20220807 13:07:20.427" endtime="20220807 13:07:20.429"/>
</kw>
<kw name="Create Dictionary" library="BuiltIn">
<var>${headers}</var>
<arg>Content-Type=application/json</arg>
<doc>Creates and returns a dictionary based on the given ``items``.</doc>
<msg timestamp="20220807 13:07:20.430" level="INFO">${headers} = {'Content-Type': 'application/json'}</msg>
<status status="PASS" starttime="20220807 13:07:20.429" endtime="20220807 13:07:20.430"/>
</kw>
<kw name="Create Dictionary" library="BuiltIn">
<var>${params}</var>
<arg>actorId=a0</arg>
<arg>movieId=m43754435</arg>
<doc>Creates and returns a dictionary based on the given ``items``.</doc>
<msg timestamp="20220807 13:07:20.430" level="INFO">${params} = {'actorId': 'a0', 'movieId': 'm43754435'}</msg>
<status status="PASS" starttime="20220807 13:07:20.430" endtime="20220807 13:07:20.430"/>
</kw>
<kw name="Put Request" library="RequestsLibrary">
<var>${resp}</var>
<arg>localhost</arg>
<arg>/api/v1/addRelationship</arg>
<arg>data=${params}</arg>
<arg>headers=${headers}</arg>
<doc>*DEPRECATED* Please use `PUT On Session` instead.</doc>
<msg timestamp="20220807 13:07:20.431" level="WARN">Keyword 'RequestsLibrary.Put Request' is deprecated. Please use `PUT On Session` instead.</msg>
<msg timestamp="20220807 13:07:20.449" level="INFO">PUT Request : url=http://localhost:8080/api/v1/addRelationship 
 path_url=/api/v1/addRelationship 
 headers={'User-Agent': 'python-requests/2.28.1', 'Accept-Encoding': 'gzip, deflate', 'Accept': '*/*', 'Connection': 'keep-alive', 'Content-Type': 'application/json', 'Content-Length': '41'} 
 body={"actorId": "a0", "movieId": "m43754435"} 
 </msg>
<msg timestamp="20220807 13:07:20.449" level="INFO">PUT Response : url=http://localhost:8080/api/v1/addRelationship 
 status=404, reason=Not Found 
 headers={'Date': 'Sun, 07 Aug 2022 17:07:20 GMT', 'Content-length': '20'} 
 body=Movie does not exist 
 </msg>
<msg timestamp="20220807 13:07:20.449" level="INFO">${resp} = &lt;Response [404]&gt;</msg>
<status status="PASS" starttime="20220807 13:07:20.431" endtime="20220807 13:07:20.449"/>
</kw>
<kw name="Should Be Equal As Strings" library="BuiltIn">
<arg>${resp.status_code}</arg>
<arg>404</arg>
<doc>Fails if objects are unequal after converting them to strings.</doc>
<msg timestamp="20220807 13:07:20.451" level="INFO">Argument types are:
&lt;class 'int'&gt;
&lt;class 'str'&gt;</msg>
<status status="PASS" starttime="20220807 13:07:20.450" endtime="20220807 13:07:20.451"/>
</kw>
<timeout value="30 seconds"/>
<status status="PASS" starttime="20220807 13:07:20.427" endtime="20220807 13:07:20.451"/>
</test>
<test id="s1-t19" name="addRelationshipFail-ActorIdAndMovieIdDoesNotExist" line="134">
<kw name="Create Session" library="RequestsLibrary">
<arg>localhost</arg>
<arg>http://localhost:8080</arg>
<doc>Create Session: create a HTTP session to a server</doc>
<msg timestamp="20220807 13:07:20.454" level="INFO">Creating Session using : alias=localhost, url=http://localhost:8080, headers={},                     cookies={}, auth=None, timeout=None, proxies=None, verify=False,                     debug=0 </msg>
<status status="PASS" starttime="20220807 13:07:20.453" endtime="20220807 13:07:20.454"/>
</kw>
<kw name="Create Dictionary" library="BuiltIn">
<var>${headers}</var>
<arg>Content-Type=application/json</arg>
<doc>Creates and returns a dictionary based on the given ``items``.</doc>
<msg timestamp="20220807 13:07:20.454" level="INFO">${headers} = {'Content-Type': 'application/json'}</msg>
<status status="PASS" starttime="20220807 13:07:20.454" endtime="20220807 13:07:20.454"/>
</kw>
<kw name="Create Dictionary" library="BuiltIn">
<var>${params}</var>
<arg>actorId=a563645</arg>
<arg>movieId=m43645653</arg>
<doc>Creates and returns a dictionary based on the given ``items``.</doc>
<msg timestamp="20220807 13:07:20.455" level="INFO">${params} = {'actorId': 'a563645', 'movieId': 'm43645653'}</msg>
<status status="PASS" starttime="20220807 13:07:20.455" endtime="20220807 13:07:20.455"/>
</kw>
<kw name="Put Request" library="RequestsLibrary">
<var>${resp}</var>
<arg>localhost</arg>
<arg>/api/v1/addRelationship</arg>
<arg>data=${params}</arg>
<arg>headers=${headers}</arg>
<doc>*DEPRECATED* Please use `PUT On Session` instead.</doc>
<msg timestamp="20220807 13:07:20.456" level="WARN">Keyword 'RequestsLibrary.Put Request' is deprecated. Please use `PUT On Session` instead.</msg>
<msg timestamp="20220807 13:07:20.474" level="INFO">PUT Request : url=http://localhost:8080/api/v1/addRelationship 
 path_url=/api/v1/addRelationship 
 headers={'User-Agent': 'python-requests/2.28.1', 'Accept-Encoding': 'gzip, deflate', 'Accept': '*/*', 'Connection': 'keep-alive', 'Content-Type': 'application/json', 'Content-Length': '46'} 
 body={"actorId": "a563645", "movieId": "m43645653"} 
 </msg>
<msg timestamp="20220807 13:07:20.474" level="INFO">PUT Response : url=http://localhost:8080/api/v1/addRelationship 
 status=404, reason=Not Found 
 headers={'Date': 'Sun, 07 Aug 2022 17:07:20 GMT', 'Content-length': '28'} 
 body=Actor and Movie do not exist 
 </msg>
<msg timestamp="20220807 13:07:20.475" level="INFO">${resp} = &lt;Response [404]&gt;</msg>
<status status="PASS" starttime="20220807 13:07:20.456" endtime="20220807 13:07:20.475"/>
</kw>
<kw name="Should Be Equal As Strings" library="BuiltIn">
<arg>${resp.status_code}</arg>
<arg>404</arg>
<doc>Fails if objects are unequal after converting them to strings.</doc>
<msg timestamp="20220807 13:07:20.476" level="INFO">Argument types are:
&lt;class 'int'&gt;
&lt;class 'str'&gt;</msg>
<status status="PASS" starttime="20220807 13:07:20.475" endtime="20220807 13:07:20.476"/>
</kw>
<timeout value="30 seconds"/>
<status status="PASS" starttime="20220807 13:07:20.452" endtime="20220807 13:07:20.477"/>
</test>
<test id="s1-t20" name="getActorPass" line="141">
<kw name="Create Session" library="RequestsLibrary">
<arg>localhost</arg>
<arg>http://localhost:8080</arg>
<doc>Create Session: create a HTTP session to a server</doc>
<msg timestamp="20220807 13:07:20.480" level="INFO">Creating Session using : alias=localhost, url=http://localhost:8080, headers={},                     cookies={}, auth=None, timeout=None, proxies=None, verify=False,                     debug=0 </msg>
<status status="PASS" starttime="20220807 13:07:20.479" endtime="20220807 13:07:20.480"/>
</kw>
<kw name="Create Dictionary" library="BuiltIn">
<var>${headers}</var>
<arg>Content-Type=application/json</arg>
<doc>Creates and returns a dictionary based on the given ``items``.</doc>
<msg timestamp="20220807 13:07:20.480" level="INFO">${headers} = {'Content-Type': 'application/json'}</msg>
<status status="PASS" starttime="20220807 13:07:20.480" endtime="20220807 13:07:20.480"/>
</kw>
<kw name="Create Dictionary" library="BuiltIn">
<var>${params}</var>
<arg>actorId=a0</arg>
<doc>Creates and returns a dictionary based on the given ``items``.</doc>
<msg timestamp="20220807 13:07:20.481" level="INFO">${params} = {'actorId': 'a0'}</msg>
<status status="PASS" starttime="20220807 13:07:20.481" endtime="20220807 13:07:20.481"/>
</kw>
<kw name="Get Request" library="RequestsLibrary">
<var>${resp}</var>
<arg>localhost</arg>
<arg>/api/v1/getActor</arg>
<arg>json=${params}</arg>
<arg>headers=${headers}</arg>
<doc>*DEPRECATED* Please use `GET On Session` instead.</doc>
<msg timestamp="20220807 13:07:20.482" level="WARN">Keyword 'RequestsLibrary.Get Request' is deprecated. Please use `GET On Session` instead.</msg>
<msg timestamp="20220807 13:07:20.500" level="INFO">GET Request : url=http://localhost:8080/api/v1/getActor 
 path_url=/api/v1/getActor 
 headers={'User-Agent': 'python-requests/2.28.1', 'Accept-Encoding': 'gzip, deflate', 'Accept': '*/*', 'Connection': 'keep-alive', 'Content-Type': 'application/json', 'Content-Length': '17'} 
 body=b'{"actorId": "a0"}' 
 </msg>
<msg timestamp="20220807 13:07:20.500" level="INFO">GET Response : url=http://localhost:8080/api/v1/getActor 
 status=200, reason=OK 
 headers={'Date': 'Sun, 07 Aug 2022 17:07:20 GMT', 'Content-length': '69'} 
 body={
 "actorId": a0,
 "name": "actorName",
 "movies": [
    "m0"
    ]
} 
 </msg>
<msg timestamp="20220807 13:07:20.501" level="INFO">${resp} = &lt;Response [200]&gt;</msg>
<status status="PASS" starttime="20220807 13:07:20.482" endtime="20220807 13:07:20.501"/>
</kw>
<kw name="Should Be Equal As Strings" library="BuiltIn">
<arg>${resp.status_code}</arg>
<arg>200</arg>
<doc>Fails if objects are unequal after converting them to strings.</doc>
<msg timestamp="20220807 13:07:20.502" level="INFO">Argument types are:
&lt;class 'int'&gt;
&lt;class 'str'&gt;</msg>
<status status="PASS" starttime="20220807 13:07:20.501" endtime="20220807 13:07:20.502"/>
</kw>
<timeout value="30 seconds"/>
<status status="PASS" starttime="20220807 13:07:20.478" endtime="20220807 13:07:20.503"/>
</test>
<test id="s1-t21" name="getActorFail-ActorIdDoesNotExist" line="148">
<kw name="Create Session" library="RequestsLibrary">
<arg>localhost</arg>
<arg>http://localhost:8080</arg>
<doc>Create Session: create a HTTP session to a server</doc>
<msg timestamp="20220807 13:07:20.505" level="INFO">Creating Session using : alias=localhost, url=http://localhost:8080, headers={},                     cookies={}, auth=None, timeout=None, proxies=None, verify=False,                     debug=0 </msg>
<status status="PASS" starttime="20220807 13:07:20.505" endtime="20220807 13:07:20.505"/>
</kw>
<kw name="Create Dictionary" library="BuiltIn">
<var>${headers}</var>
<arg>Content-Type=application/json</arg>
<doc>Creates and returns a dictionary based on the given ``items``.</doc>
<msg timestamp="20220807 13:07:20.506" level="INFO">${headers} = {'Content-Type': 'application/json'}</msg>
<status status="PASS" starttime="20220807 13:07:20.506" endtime="20220807 13:07:20.506"/>
</kw>
<kw name="Create Dictionary" library="BuiltIn">
<var>${params}</var>
<arg>actorId=a7236487243</arg>
<doc>Creates and returns a dictionary based on the given ``items``.</doc>
<msg timestamp="20220807 13:07:20.507" level="INFO">${params} = {'actorId': 'a7236487243'}</msg>
<status status="PASS" starttime="20220807 13:07:20.507" endtime="20220807 13:07:20.507"/>
</kw>
<kw name="Get Request" library="RequestsLibrary">
<var>${resp}</var>
<arg>localhost</arg>
<arg>/api/v1/getActor</arg>
<arg>json=${params}</arg>
<arg>headers=${headers}</arg>
<doc>*DEPRECATED* Please use `GET On Session` instead.</doc>
<msg timestamp="20220807 13:07:20.507" level="WARN">Keyword 'RequestsLibrary.Get Request' is deprecated. Please use `GET On Session` instead.</msg>
<msg timestamp="20220807 13:07:20.517" level="INFO">GET Request : url=http://localhost:8080/api/v1/getActor 
 path_url=/api/v1/getActor 
 headers={'User-Agent': 'python-requests/2.28.1', 'Accept-Encoding': 'gzip, deflate', 'Accept': '*/*', 'Connection': 'keep-alive', 'Content-Type': 'application/json', 'Content-Length': '26'} 
 body=b'{"actorId": "a7236487243"}' 
 </msg>
<msg timestamp="20220807 13:07:20.517" level="INFO">GET Response : url=http://localhost:8080/api/v1/getActor 
 status=404, reason=Not Found 
 headers={'Date': 'Sun, 07 Aug 2022 17:07:20 GMT', 'Content-length': '44'} 
 body=Given ActorId does not exist in the database 
 </msg>
<msg timestamp="20220807 13:07:20.518" level="INFO">${resp} = &lt;Response [404]&gt;</msg>
<status status="PASS" starttime="20220807 13:07:20.507" endtime="20220807 13:07:20.518"/>
</kw>
<kw name="Should Be Equal As Strings" library="BuiltIn">
<arg>${resp.status_code}</arg>
<arg>404</arg>
<doc>Fails if objects are unequal after converting them to strings.</doc>
<msg timestamp="20220807 13:07:20.520" level="INFO">Argument types are:
&lt;class 'int'&gt;
&lt;class 'str'&gt;</msg>
<status status="PASS" starttime="20220807 13:07:20.518" endtime="20220807 13:07:20.520"/>
</kw>
<timeout value="30 seconds"/>
<status status="PASS" starttime="20220807 13:07:20.504" endtime="20220807 13:07:20.520"/>
</test>
<test id="s1-t22" name="getActorFail-IncorrectParameters" line="155">
<kw name="Create Session" library="RequestsLibrary">
<arg>localhost</arg>
<arg>http://localhost:8080</arg>
<doc>Create Session: create a HTTP session to a server</doc>
<msg timestamp="20220807 13:07:20.522" level="INFO">Creating Session using : alias=localhost, url=http://localhost:8080, headers={},                     cookies={}, auth=None, timeout=None, proxies=None, verify=False,                     debug=0 </msg>
<status status="PASS" starttime="20220807 13:07:20.522" endtime="20220807 13:07:20.522"/>
</kw>
<kw name="Create Dictionary" library="BuiltIn">
<var>${headers}</var>
<arg>Content-Type=application/json</arg>
<doc>Creates and returns a dictionary based on the given ``items``.</doc>
<msg timestamp="20220807 13:07:20.523" level="INFO">${headers} = {'Content-Type': 'application/json'}</msg>
<status status="PASS" starttime="20220807 13:07:20.523" endtime="20220807 13:07:20.523"/>
</kw>
<kw name="Create Dictionary" library="BuiltIn">
<var>${params}</var>
<arg>actId=a0</arg>
<doc>Creates and returns a dictionary based on the given ``items``.</doc>
<msg timestamp="20220807 13:07:20.525" level="INFO">${params} = {'actId': 'a0'}</msg>
<status status="PASS" starttime="20220807 13:07:20.524" endtime="20220807 13:07:20.525"/>
</kw>
<kw name="Get Request" library="RequestsLibrary">
<var>${resp}</var>
<arg>localhost</arg>
<arg>/api/v1/getActor</arg>
<arg>json=${params}</arg>
<arg>headers=${headers}</arg>
<doc>*DEPRECATED* Please use `GET On Session` instead.</doc>
<msg timestamp="20220807 13:07:20.525" level="WARN">Keyword 'RequestsLibrary.Get Request' is deprecated. Please use `GET On Session` instead.</msg>
<msg timestamp="20220807 13:07:20.529" level="INFO">GET Request : url=http://localhost:8080/api/v1/getActor 
 path_url=/api/v1/getActor 
 headers={'User-Agent': 'python-requests/2.28.1', 'Accept-Encoding': 'gzip, deflate', 'Accept': '*/*', 'Connection': 'keep-alive', 'Content-Type': 'application/json', 'Content-Length': '15'} 
 body=b'{"actId": "a0"}' 
 </msg>
<msg timestamp="20220807 13:07:20.530" level="INFO">GET Response : url=http://localhost:8080/api/v1/getActor 
 status=400, reason=Bad Request 
 headers={'Date': 'Sun, 07 Aug 2022 17:07:20 GMT', 'Content-length': '33'} 
 body=Request body improperly formatted 
 </msg>
<msg timestamp="20220807 13:07:20.530" level="INFO">${resp} = &lt;Response [400]&gt;</msg>
<status status="PASS" starttime="20220807 13:07:20.525" endtime="20220807 13:07:20.530"/>
</kw>
<kw name="Should Be Equal As Strings" library="BuiltIn">
<arg>${resp.status_code}</arg>
<arg>400</arg>
<doc>Fails if objects are unequal after converting them to strings.</doc>
<msg timestamp="20220807 13:07:20.531" level="INFO">Argument types are:
&lt;class 'int'&gt;
&lt;class 'str'&gt;</msg>
<status status="PASS" starttime="20220807 13:07:20.531" endtime="20220807 13:07:20.531"/>
</kw>
<timeout value="30 seconds"/>
<status status="PASS" starttime="20220807 13:07:20.522" endtime="20220807 13:07:20.532"/>
</test>
<test id="s1-t23" name="getActorFail-MissingRequiredInformation" line="162">
<kw name="Create Session" library="RequestsLibrary">
<arg>localhost</arg>
<arg>http://localhost:8080</arg>
<doc>Create Session: create a HTTP session to a server</doc>
<msg timestamp="20220807 13:07:20.534" level="INFO">Creating Session using : alias=localhost, url=http://localhost:8080, headers={},                     cookies={}, auth=None, timeout=None, proxies=None, verify=False,                     debug=0 </msg>
<status status="PASS" starttime="20220807 13:07:20.533" endtime="20220807 13:07:20.534"/>
</kw>
<kw name="Create Dictionary" library="BuiltIn">
<var>${headers}</var>
<arg>Content-Type=application/json</arg>
<doc>Creates and returns a dictionary based on the given ``items``.</doc>
<msg timestamp="20220807 13:07:20.534" level="INFO">${headers} = {'Content-Type': 'application/json'}</msg>
<status status="PASS" starttime="20220807 13:07:20.534" endtime="20220807 13:07:20.534"/>
</kw>
<kw name="Create Dictionary" library="BuiltIn">
<var>${params}</var>
<doc>Creates and returns a dictionary based on the given ``items``.</doc>
<msg timestamp="20220807 13:07:20.535" level="INFO">${params} = {}</msg>
<status status="PASS" starttime="20220807 13:07:20.535" endtime="20220807 13:07:20.535"/>
</kw>
<kw name="Get Request" library="RequestsLibrary">
<var>${resp}</var>
<arg>localhost</arg>
<arg>/api/v1/getActor</arg>
<arg>json=${params}</arg>
<arg>headers=${headers}</arg>
<doc>*DEPRECATED* Please use `GET On Session` instead.</doc>
<msg timestamp="20220807 13:07:20.535" level="WARN">Keyword 'RequestsLibrary.Get Request' is deprecated. Please use `GET On Session` instead.</msg>
<msg timestamp="20220807 13:07:20.539" level="INFO">GET Request : url=http://localhost:8080/api/v1/getActor 
 path_url=/api/v1/getActor 
 headers={'User-Agent': 'python-requests/2.28.1', 'Accept-Encoding': 'gzip, deflate', 'Accept': '*/*', 'Connection': 'keep-alive', 'Content-Type': 'application/json', 'Content-Length': '2'} 
 body=b'{}' 
 </msg>
<msg timestamp="20220807 13:07:20.539" level="INFO">GET Response : url=http://localhost:8080/api/v1/getActor 
 status=400, reason=Bad Request 
 headers={'Date': 'Sun, 07 Aug 2022 17:07:20 GMT', 'Content-length': '33'} 
 body=Request body improperly formatted 
 </msg>
<msg timestamp="20220807 13:07:20.539" level="INFO">${resp} = &lt;Response [400]&gt;</msg>
<status status="PASS" starttime="20220807 13:07:20.535" endtime="20220807 13:07:20.539"/>
</kw>
<kw name="Should Be Equal As Strings" library="BuiltIn">
<arg>${resp.status_code}</arg>
<arg>400</arg>
<doc>Fails if objects are unequal after converting them to strings.</doc>
<msg timestamp="20220807 13:07:20.542" level="INFO">Argument types are:
&lt;class 'int'&gt;
&lt;class 'str'&gt;</msg>
<status status="PASS" starttime="20220807 13:07:20.541" endtime="20220807 13:07:20.542"/>
</kw>
<timeout value="30 seconds"/>
<status status="PASS" starttime="20220807 13:07:20.533" endtime="20220807 13:07:20.543"/>
</test>
<test id="s1-t24" name="getMoviePass" line="169">
<kw name="Create Session" library="RequestsLibrary">
<arg>localhost</arg>
<arg>http://localhost:8080</arg>
<doc>Create Session: create a HTTP session to a server</doc>
<msg timestamp="20220807 13:07:20.545" level="INFO">Creating Session using : alias=localhost, url=http://localhost:8080, headers={},                     cookies={}, auth=None, timeout=None, proxies=None, verify=False,                     debug=0 </msg>
<status status="PASS" starttime="20220807 13:07:20.544" endtime="20220807 13:07:20.545"/>
</kw>
<kw name="Create Dictionary" library="BuiltIn">
<var>${headers}</var>
<arg>Content-Type=application/json</arg>
<doc>Creates and returns a dictionary based on the given ``items``.</doc>
<msg timestamp="20220807 13:07:20.545" level="INFO">${headers} = {'Content-Type': 'application/json'}</msg>
<status status="PASS" starttime="20220807 13:07:20.545" endtime="20220807 13:07:20.545"/>
</kw>
<kw name="Create Dictionary" library="BuiltIn">
<var>${params}</var>
<arg>movieId=m0</arg>
<doc>Creates and returns a dictionary based on the given ``items``.</doc>
<msg timestamp="20220807 13:07:20.546" level="INFO">${params} = {'movieId': 'm0'}</msg>
<status status="PASS" starttime="20220807 13:07:20.546" endtime="20220807 13:07:20.546"/>
</kw>
<kw name="Get Request" library="RequestsLibrary">
<var>${resp}</var>
<arg>localhost</arg>
<arg>/api/v1/getMovie</arg>
<arg>json=${params}</arg>
<arg>headers=${headers}</arg>
<doc>*DEPRECATED* Please use `GET On Session` instead.</doc>
<msg timestamp="20220807 13:07:20.546" level="WARN">Keyword 'RequestsLibrary.Get Request' is deprecated. Please use `GET On Session` instead.</msg>
<msg timestamp="20220807 13:07:20.563" level="INFO">GET Request : url=http://localhost:8080/api/v1/getMovie 
 path_url=/api/v1/getMovie 
 headers={'User-Agent': 'python-requests/2.28.1', 'Accept-Encoding': 'gzip, deflate', 'Accept': '*/*', 'Connection': 'keep-alive', 'Content-Type': 'application/json', 'Content-Length': '17'} 
 body=b'{"movieId": "m0"}' 
 </msg>
<msg timestamp="20220807 13:07:20.564" level="INFO">GET Response : url=http://localhost:8080/api/v1/getMovie 
 status=200, reason=OK 
 headers={'Date': 'Sun, 07 Aug 2022 17:07:20 GMT', 'Content-length': '86'} 
 body={
 "movieId": m0,
 "name": "movieName",
 "actors": [
    "a0",
    "nm0000102"
    ]
} 
 </msg>
<msg timestamp="20220807 13:07:20.564" level="INFO">${resp} = &lt;Response [200]&gt;</msg>
<status status="PASS" starttime="20220807 13:07:20.546" endtime="20220807 13:07:20.564"/>
</kw>
<kw name="Should Be Equal As Strings" library="BuiltIn">
<arg>${resp.status_code}</arg>
<arg>200</arg>
<doc>Fails if objects are unequal after converting them to strings.</doc>
<msg timestamp="20220807 13:07:20.565" level="INFO">Argument types are:
&lt;class 'int'&gt;
&lt;class 'str'&gt;</msg>
<status status="PASS" starttime="20220807 13:07:20.564" endtime="20220807 13:07:20.565"/>
</kw>
<timeout value="30 seconds"/>
<status status="PASS" starttime="20220807 13:07:20.544" endtime="20220807 13:07:20.566"/>
</test>
<test id="s1-t25" name="getMovieFail-MovieIdDoesNotExist" line="176">
<kw name="Create Session" library="RequestsLibrary">
<arg>localhost</arg>
<arg>http://localhost:8080</arg>
<doc>Create Session: create a HTTP session to a server</doc>
<msg timestamp="20220807 13:07:20.568" level="INFO">Creating Session using : alias=localhost, url=http://localhost:8080, headers={},                     cookies={}, auth=None, timeout=None, proxies=None, verify=False,                     debug=0 </msg>
<status status="PASS" starttime="20220807 13:07:20.567" endtime="20220807 13:07:20.568"/>
</kw>
<kw name="Create Dictionary" library="BuiltIn">
<var>${headers}</var>
<arg>Content-Type=application/json</arg>
<doc>Creates and returns a dictionary based on the given ``items``.</doc>
<msg timestamp="20220807 13:07:20.569" level="INFO">${headers} = {'Content-Type': 'application/json'}</msg>
<status status="PASS" starttime="20220807 13:07:20.569" endtime="20220807 13:07:20.569"/>
</kw>
<kw name="Create Dictionary" library="BuiltIn">
<var>${params}</var>
<arg>movieId=m7236487243</arg>
<doc>Creates and returns a dictionary based on the given ``items``.</doc>
<msg timestamp="20220807 13:07:20.569" level="INFO">${params} = {'movieId': 'm7236487243'}</msg>
<status status="PASS" starttime="20220807 13:07:20.569" endtime="20220807 13:07:20.569"/>
</kw>
<kw name="Get Request" library="RequestsLibrary">
<var>${resp}</var>
<arg>localhost</arg>
<arg>/api/v1/getMovie</arg>
<arg>json=${params}</arg>
<arg>headers=${headers}</arg>
<doc>*DEPRECATED* Please use `GET On Session` instead.</doc>
<msg timestamp="20220807 13:07:20.570" level="WARN">Keyword 'RequestsLibrary.Get Request' is deprecated. Please use `GET On Session` instead.</msg>
<msg timestamp="20220807 13:07:20.580" level="INFO">GET Request : url=http://localhost:8080/api/v1/getMovie 
 path_url=/api/v1/getMovie 
 headers={'User-Agent': 'python-requests/2.28.1', 'Accept-Encoding': 'gzip, deflate', 'Accept': '*/*', 'Connection': 'keep-alive', 'Content-Type': 'application/json', 'Content-Length': '26'} 
 body=b'{"movieId": "m7236487243"}' 
 </msg>
<msg timestamp="20220807 13:07:20.580" level="INFO">GET Response : url=http://localhost:8080/api/v1/getMovie 
 status=404, reason=Not Found 
 headers={'Date': 'Sun, 07 Aug 2022 17:07:20 GMT', 'Content-length': '44'} 
 body=Given MovieId does not exist in the database 
 </msg>
<msg timestamp="20220807 13:07:20.581" level="INFO">${resp} = &lt;Response [404]&gt;</msg>
<status status="PASS" starttime="20220807 13:07:20.570" endtime="20220807 13:07:20.581"/>
</kw>
<kw name="Should Be Equal As Strings" library="BuiltIn">
<arg>${resp.status_code}</arg>
<arg>404</arg>
<doc>Fails if objects are unequal after converting them to strings.</doc>
<msg timestamp="20220807 13:07:20.582" level="INFO">Argument types are:
&lt;class 'int'&gt;
&lt;class 'str'&gt;</msg>
<status status="PASS" starttime="20220807 13:07:20.581" endtime="20220807 13:07:20.582"/>
</kw>
<timeout value="30 seconds"/>
<status status="PASS" starttime="20220807 13:07:20.567" endtime="20220807 13:07:20.583"/>
</test>
<test id="s1-t26" name="getMovieFail-IncorrectParameters" line="183">
<kw name="Create Session" library="RequestsLibrary">
<arg>localhost</arg>
<arg>http://localhost:8080</arg>
<doc>Create Session: create a HTTP session to a server</doc>
<msg timestamp="20220807 13:07:20.585" level="INFO">Creating Session using : alias=localhost, url=http://localhost:8080, headers={},                     cookies={}, auth=None, timeout=None, proxies=None, verify=False,                     debug=0 </msg>
<status status="PASS" starttime="20220807 13:07:20.584" endtime="20220807 13:07:20.585"/>
</kw>
<kw name="Create Dictionary" library="BuiltIn">
<var>${headers}</var>
<arg>Content-Type=application/json</arg>
<doc>Creates and returns a dictionary based on the given ``items``.</doc>
<msg timestamp="20220807 13:07:20.585" level="INFO">${headers} = {'Content-Type': 'application/json'}</msg>
<status status="PASS" starttime="20220807 13:07:20.585" endtime="20220807 13:07:20.585"/>
</kw>
<kw name="Create Dictionary" library="BuiltIn">
<var>${params}</var>
<arg>movId=m0</arg>
<doc>Creates and returns a dictionary based on the given ``items``.</doc>
<msg timestamp="20220807 13:07:20.586" level="INFO">${params} = {'movId': 'm0'}</msg>
<status status="PASS" starttime="20220807 13:07:20.586" endtime="20220807 13:07:20.586"/>
</kw>
<kw name="Get Request" library="RequestsLibrary">
<var>${resp}</var>
<arg>localhost</arg>
<arg>/api/v1/getMovie</arg>
<arg>json=${params}</arg>
<arg>headers=${headers}</arg>
<doc>*DEPRECATED* Please use `GET On Session` instead.</doc>
<msg timestamp="20220807 13:07:20.586" level="WARN">Keyword 'RequestsLibrary.Get Request' is deprecated. Please use `GET On Session` instead.</msg>
<msg timestamp="20220807 13:07:20.591" level="INFO">GET Request : url=http://localhost:8080/api/v1/getMovie 
 path_url=/api/v1/getMovie 
[...]
<arg>${resp.status_code}</arg>
<arg>404</arg>
<doc>Fails if objects are unequal after converting them to strings.</doc>
<msg timestamp="20220807 13:07:21.995" level="INFO">Argument types are:
&lt;class 'int'&gt;
&lt;class 'str'&gt;</msg>
<status status="PASS" starttime="20220807 13:07:21.994" endtime="20220807 13:07:21.995"/>
</kw>
<timeout value="30 seconds"/>
<status status="PASS" starttime="20220807 13:07:21.975" endtime="20220807 13:07:21.996"/>
</test>
<test id="s1-t64" name="getActorNumberFail-FirstActorIdAndSecondActorIdDoesNotExist" line="453">
<kw name="Create Session" library="RequestsLibrary">
<arg>localhost</arg>
<arg>http://localhost:8080</arg>
<doc>Create Session: create a HTTP session to a server</doc>
<msg timestamp="20220807 13:07:21.998" level="INFO">Creating Session using : alias=localhost, url=http://localhost:8080, headers={},                     cookies={}, auth=None, timeout=None, proxies=None, verify=False,                     debug=0 </msg>
<status status="PASS" starttime="20220807 13:07:21.998" endtime="20220807 13:07:21.999"/>
</kw>
<kw name="Create Dictionary" library="BuiltIn">
<var>${headers}</var>
<arg>Content-Type=application/json</arg>
<doc>Creates and returns a dictionary based on the given ``items``.</doc>
<msg timestamp="20220807 13:07:21.999" level="INFO">${headers} = {'Content-Type': 'application/json'}</msg>
<status status="PASS" starttime="20220807 13:07:21.999" endtime="20220807 13:07:21.999"/>
</kw>
<kw name="Create Dictionary" library="BuiltIn">
<var>${params}</var>
<arg>firstActorId=a654321</arg>
<arg>secondActorId=nm654321</arg>
<doc>Creates and returns a dictionary based on the given ``items``.</doc>
<msg timestamp="20220807 13:07:22.000" level="INFO">${params} = {'firstActorId': 'a654321', 'secondActorId': 'nm654321'}</msg>
<status status="PASS" starttime="20220807 13:07:22.000" endtime="20220807 13:07:22.000"/>
</kw>
<kw name="Get Request" library="RequestsLibrary">
<var>${resp}</var>
<arg>localhost</arg>
<arg>/api/v1/getActorNumber</arg>
<arg>json=${params}</arg>
<arg>headers=${headers}</arg>
<doc>*DEPRECATED* Please use `GET On Session` instead.</doc>
<msg timestamp="20220807 13:07:22.000" level="WARN">Keyword 'RequestsLibrary.Get Request' is deprecated. Please use `GET On Session` instead.</msg>
<msg timestamp="20220807 13:07:22.015" level="INFO">GET Request : url=http://localhost:8080/api/v1/getActorNumber 
 path_url=/api/v1/getActorNumber 
 headers={'User-Agent': 'python-requests/2.28.1', 'Accept-Encoding': 'gzip, deflate', 'Accept': '*/*', 'Connection': 'keep-alive', 'Content-Type': 'application/json', 'Content-Length': '56'} 
 body=b'{"firstActorId": "a654321", "secondActorId": "nm654321"}' 
 </msg>
<msg timestamp="20220807 13:07:22.016" level="INFO">GET Response : url=http://localhost:8080/api/v1/getActorNumber 
 status=404, reason=Not Found 
 headers={'Date': 'Sun, 07 Aug 2022 17:07:22 GMT', 'Content-length': '65'} 
 body=Given firstActorId and secondActorId do not exist in the database 
 </msg>
<msg timestamp="20220807 13:07:22.016" level="INFO">${resp} = &lt;Response [404]&gt;</msg>
<status status="PASS" starttime="20220807 13:07:22.000" endtime="20220807 13:07:22.016"/>
</kw>
<kw name="Should Be Equal As Strings" library="BuiltIn">
<arg>${resp.status_code}</arg>
<arg>404</arg>
<doc>Fails if objects are unequal after converting them to strings.</doc>
<msg timestamp="20220807 13:07:22.018" level="INFO">Argument types are:
&lt;class 'int'&gt;
&lt;class 'str'&gt;</msg>
<status status="PASS" starttime="20220807 13:07:22.017" endtime="20220807 13:07:22.018"/>
</kw>
<timeout value="30 seconds"/>
<status status="PASS" starttime="20220807 13:07:21.997" endtime="20220807 13:07:22.018"/>
</test>
<test id="s1-t65" name="getActorNumberFail-MissingRequiredInformation" line="460">
<kw name="Create Session" library="RequestsLibrary">
<arg>localhost</arg>
<arg>http://localhost:8080</arg>
<doc>Create Session: create a HTTP session to a server</doc>
<msg timestamp="20220807 13:07:22.020" level="INFO">Creating Session using : alias=localhost, url=http://localhost:8080, headers={},                     cookies={}, auth=None, timeout=None, proxies=None, verify=False,                     debug=0 </msg>
<status status="PASS" starttime="20220807 13:07:22.020" endtime="20220807 13:07:22.021"/>
</kw>
<kw name="Create Dictionary" library="BuiltIn">
<var>${headers}</var>
<arg>Content-Type=application/json</arg>
<doc>Creates and returns a dictionary based on the given ``items``.</doc>
<msg timestamp="20220807 13:07:22.021" level="INFO">${headers} = {'Content-Type': 'application/json'}</msg>
<status status="PASS" starttime="20220807 13:07:22.021" endtime="20220807 13:07:22.021"/>
</kw>
<kw name="Create Dictionary" library="BuiltIn">
<var>${params}</var>
<doc>Creates and returns a dictionary based on the given ``items``.</doc>
<msg timestamp="20220807 13:07:22.022" level="INFO">${params} = {}</msg>
<status status="PASS" starttime="20220807 13:07:22.022" endtime="20220807 13:07:22.022"/>
</kw>
<kw name="Get Request" library="RequestsLibrary">
<var>${resp}</var>
<arg>localhost</arg>
<arg>/api/v1/getActorNumber</arg>
<arg>json=${params}</arg>
<arg>headers=${headers}</arg>
<doc>*DEPRECATED* Please use `GET On Session` instead.</doc>
<msg timestamp="20220807 13:07:22.022" level="WARN">Keyword 'RequestsLibrary.Get Request' is deprecated. Please use `GET On Session` instead.</msg>
<msg timestamp="20220807 13:07:22.027" level="INFO">GET Request : url=http://localhost:8080/api/v1/getActorNumber 
 path_url=/api/v1/getActorNumber 
 headers={'User-Agent': 'python-requests/2.28.1', 'Accept-Encoding': 'gzip, deflate', 'Accept': '*/*', 'Connection': 'keep-alive', 'Content-Type': 'application/json', 'Content-Length': '2'} 
 body=b'{}' 
 </msg>
<msg timestamp="20220807 13:07:22.027" level="INFO">GET Response : url=http://localhost:8080/api/v1/getActorNumber 
 status=400, reason=Bad Request 
 headers={'Date': 'Sun, 07 Aug 2022 17:07:22 GMT', 'Content-length': '73'} 
 body=The request body is improperly formatted or missing required information. 
 </msg>
<msg timestamp="20220807 13:07:22.027" level="INFO">${resp} = &lt;Response [400]&gt;</msg>
<status status="PASS" starttime="20220807 13:07:22.022" endtime="20220807 13:07:22.027"/>
</kw>
<kw name="Should Be Equal As Strings" library="BuiltIn">
<arg>${resp.status_code}</arg>
<arg>400</arg>
<doc>Fails if objects are unequal after converting them to strings.</doc>
<msg timestamp="20220807 13:07:22.029" level="INFO">Argument types are:
&lt;class 'int'&gt;
&lt;class 'str'&gt;</msg>
<status status="PASS" starttime="20220807 13:07:22.028" endtime="20220807 13:07:22.029"/>
</kw>
<timeout value="30 seconds"/>
<status status="PASS" starttime="20220807 13:07:22.019" endtime="20220807 13:07:22.029"/>
</test>
<test id="s1-t66" name="getMostProlificActorPass" line="467">
<kw name="Create Session" library="RequestsLibrary">
<arg>localhost</arg>
<arg>http://localhost:8080</arg>
<doc>Create Session: create a HTTP session to a server</doc>
<msg timestamp="20220807 13:07:22.031" level="INFO">Creating Session using : alias=localhost, url=http://localhost:8080, headers={},                     cookies={}, auth=None, timeout=None, proxies=None, verify=False,                     debug=0 </msg>
<status status="PASS" starttime="20220807 13:07:22.031" endtime="20220807 13:07:22.031"/>
</kw>
<kw name="Create Dictionary" library="BuiltIn">
<var>${headers}</var>
<arg>Content-Type=application/json</arg>
<doc>Creates and returns a dictionary based on the given ``items``.</doc>
<msg timestamp="20220807 13:07:22.032" level="INFO">${headers} = {'Content-Type': 'application/json'}</msg>
<status status="PASS" starttime="20220807 13:07:22.032" endtime="20220807 13:07:22.032"/>
</kw>
<kw name="Create Dictionary" library="BuiltIn">
<var>${params}</var>
<doc>Creates and returns a dictionary based on the given ``items``.</doc>
<msg timestamp="20220807 13:07:22.032" level="INFO">${params} = {}</msg>
<status status="PASS" starttime="20220807 13:07:22.032" endtime="20220807 13:07:22.032"/>
</kw>
<kw name="Get Request" library="RequestsLibrary">
<var>${resp}</var>
<arg>localhost</arg>
<arg>/api/v1/getMostProlificActor</arg>
<arg>json=${params}</arg>
<arg>headers=${headers}</arg>
<doc>*DEPRECATED* Please use `GET On Session` instead.</doc>
<msg timestamp="20220807 13:07:22.032" level="WARN">Keyword 'RequestsLibrary.Get Request' is deprecated. Please use `GET On Session` instead.</msg>
<msg timestamp="20220807 13:07:22.059" level="INFO">GET Request : url=http://localhost:8080/api/v1/getMostProlificActor 
 path_url=/api/v1/getMostProlificActor 
 headers={'User-Agent': 'python-requests/2.28.1', 'Accept-Encoding': 'gzip, deflate', 'Accept': '*/*', 'Connection': 'keep-alive', 'Content-Type': 'application/json', 'Content-Length': '2'} 
 body=b'{}' 
 </msg>
<msg timestamp="20220807 13:07:22.059" level="INFO">GET Response : url=http://localhost:8080/api/v1/getMostProlificActor 
 status=200, reason=OK 
 headers={'Date': 'Sun, 07 Aug 2022 17:07:22 GMT', 'Content-length': '69'} 
 body={
 "actorId": a0,
 "name": "actorName",
 "movies": [
    "m0"
    ]
} 
 </msg>
<msg timestamp="20220807 13:07:22.059" level="INFO">${resp} = &lt;Response [200]&gt;</msg>
<status status="PASS" starttime="20220807 13:07:22.032" endtime="20220807 13:07:22.059"/>
</kw>
<kw name="Should Be Equal As Strings" library="BuiltIn">
<arg>${resp.status_code}</arg>
<arg>200</arg>
<doc>Fails if objects are unequal after converting them to strings.</doc>
<msg timestamp="20220807 13:07:22.061" level="INFO">Argument types are:
&lt;class 'int'&gt;
&lt;class 'str'&gt;</msg>
<status status="PASS" starttime="20220807 13:07:22.060" endtime="20220807 13:07:22.061"/>
</kw>
<timeout value="30 seconds"/>
<status status="PASS" starttime="20220807 13:07:22.030" endtime="20220807 13:07:22.061"/>
</test>
<status status="PASS" starttime="20220807 13:07:19.797" endtime="20220807 13:07:22.063"/>
</suite>
<statistics>
<total>
<stat pass="66" fail="0" skip="0">All Tests</stat>
</total>
<tag>
</tag>
<suite>
<stat pass="66" fail="0" skip="0" id="s1" name="finalProjectTests">finalProjectTests</stat>
</suite>
</statistics>
<errors>
<msg timestamp="20220807 13:07:19.914" level="WARN">Keyword 'RequestsLibrary.Get Request' is deprecated. Please use `GET On Session` instead.</msg>
<msg timestamp="20220807 13:07:19.936" level="WARN">Keyword 'RequestsLibrary.Put Request' is deprecated. Please use `PUT On Session` instead.</msg>
<msg timestamp="20220807 13:07:19.987" level="WARN">Keyword 'RequestsLibrary.Put Request' is deprecated. Please use `PUT On Session` instead.</msg>
<msg timestamp="20220807 13:07:20.048" level="WARN">Keyword 'RequestsLibrary.Put Request' is deprecated. Please use `PUT On Session` instead.</msg>
<msg timestamp="20220807 13:07:20.101" level="WARN">Keyword 'RequestsLibrary.Put Request' is deprecated. Please use `PUT On Session` instead.</msg>
<msg timestamp="20220807 13:07:20.118" level="WARN">Keyword 'RequestsLibrary.Put Request' is deprecated. Please use `PUT On Session` instead.</msg>
<msg timestamp="20220807 13:07:20.129" level="WARN">Keyword 'RequestsLibrary.Put Request' is deprecated. Please use `PUT On Session` instead.</msg>
<msg timestamp="20220807 13:07:20.138" level="WARN">Keyword 'RequestsLibrary.Put Request' is deprecated. Please use `PUT On Session` instead.</msg>
<msg timestamp="20220807 13:07:20.188" level="WARN">Keyword 'RequestsLibrary.Put Request' is deprecated. Please use `PUT On Session` instead.</msg>
<msg timestamp="20220807 13:07:20.204" level="WARN">Keyword 'RequestsLibrary.Put Request' is deprecated. Please use `PUT On Session` instead.</msg>
<msg timestamp="20220807 13:07:20.215" level="WARN">Keyword 'RequestsLibrary.Put Request' is deprecated. Please use `PUT On Session` instead.</msg>
<msg timestamp="20220807 13:07:20.224" level="WARN">Keyword 'RequestsLibrary.Put Request' is deprecated. Please use `PUT On Session` instead.</msg>
<msg timestamp="20220807 13:07:20.289" level="WARN">Keyword 'RequestsLibrary.Put Request' is deprecated. Please use `PUT On Session` instead.</msg>
<msg timestamp="20220807 13:07:20.352" level="WARN">Keyword 'RequestsLibrary.Put Request' is deprecated. Please use `PUT On Session` instead.</msg>
<msg timestamp="20220807 13:07:20.383" level="WARN">Keyword 'RequestsLibrary.Put Request' is deprecated. Please use `PUT On Session` instead.</msg>
<msg timestamp="20220807 13:07:20.394" level="WARN">Keyword 'RequestsLibrary.Put Request' is deprecated. Please use `PUT On Session` instead.</msg>
<msg timestamp="20220807 13:07:20.405" level="WARN">Keyword 'RequestsLibrary.Put Request' is deprecated. Please use `PUT On Session` instead.</msg>
<msg timestamp="20220807 13:07:20.431" level="WARN">Keyword 'RequestsLibrary.Put Request' is deprecated. Please use `PUT On Session` instead.</msg>
<msg timestamp="20220807 13:07:20.456" level="WARN">Keyword 'RequestsLibrary.Put Request' is deprecated. Please use `PUT On Session` instead.</msg>
<msg timestamp="20220807 13:07:20.482" level="WARN">Keyword 'RequestsLibrary.Get Request' is deprecated. Please use `GET On Session` instead.</msg>
<msg timestamp="20220807 13:07:20.507" level="WARN">Keyword 'RequestsLibrary.Get Request' is deprecated. Please use `GET On Session` instead.</msg>
<msg timestamp="20220807 13:07:20.525" level="WARN">Keyword 'RequestsLibrary.Get Request' is deprecated. Please use `GET On Session` instead.</msg>
<msg timestamp="20220807 13:07:20.535" level="WARN">Keyword 'RequestsLibrary.Get Request' is deprecated. Please use `GET On Session` instead.</msg>
<msg timestamp="20220807 13:07:20.546" level="WARN">Keyword 'RequestsLibrary.Get Request' is deprecated. Please use `GET On Session` instead.</msg>
<msg timestamp="20220807 13:07:20.570" level="WARN">Keyword 'RequestsLibrary.Get Request' is deprecated. Please use `GET On Session` instead.</msg>
<msg timestamp="20220807 13:07:20.586" level="WARN">Keyword 'RequestsLibrary.Get Request' is deprecated. Please use `GET On Session` instead.</msg>
<msg timestamp="20220807 13:07:20.597" level="WARN">Keyword 'RequestsLibrary.Get Request' is deprecated. Please use `GET On Session` instead.</msg>
<msg timestamp="20220807 13:07:20.607" level="WARN">Keyword 'RequestsLibrary.Get Request' is deprecated. Please use `GET On Session` instead.</msg>
<msg timestamp="20220807 13:07:20.637" level="WARN">Keyword 'RequestsLibrary.Get Request' is deprecated. Please use `GET On Session` instead.</msg>
<msg timestamp="20220807 13:07:20.648" level="WARN">Keyword 'RequestsLibrary.Get Request' is deprecated. Please use `GET On Session` instead.</msg>
<msg timestamp="20220807 13:07:20.657" level="WARN">Keyword 'RequestsLibrary.Get Request' is deprecated. Please use `GET On Session` instead.</msg>
<msg timestamp="20220807 13:07:20.683" level="WARN">Keyword 'RequestsLibrary.Get Request' is deprecated. Please use `GET On Session` instead.</msg>
<msg timestamp="20220807 13:07:20.707" level="WARN">Keyword 'RequestsLibrary.Get Request' is deprecated. Please use `GET On Session` instead.</msg>
<msg timestamp="20220807 13:07:20.731" level="WARN">Keyword 'RequestsLibrary.Get Request' is deprecated. Please use `GET On Session` instead.</msg>
<msg timestamp="20220807 13:07:20.764" level="WARN">Keyword 'RequestsLibrary.Get Request' is deprecated. Please use `GET On Session` instead.</msg>
<msg timestamp="20220807 13:07:20.784" level="WARN">Keyword 'RequestsLibrary.Get Request' is deprecated. Please use `GET On Session` instead.</msg>
<msg timestamp="20220807 13:07:20.794" level="WARN">Keyword 'RequestsLibrary.Get Request' is deprecated. Please use `GET On Session` instead.</msg>
<msg timestamp="20220807 13:07:20.811" level="WARN">Keyword 'RequestsLibrary.Get Request' is deprecated. Please use `GET On Session` instead.</msg>
<msg timestamp="20220807 13:07:20.820" level="WARN">Keyword 'RequestsLibrary.Get Request' is deprecated. Please use `GET On Session` instead.</msg>
<msg timestamp="20220807 13:07:20.844" level="WARN">Keyword 'RequestsLibrary.Get Request' is deprecated. Please use `GET On Session` instead.</msg>
<msg timestamp="20220807 13:07:20.882" level="WARN">Keyword 'RequestsLibrary.Get Request' is deprecated. Please use `GET On Session` instead.</msg>
<msg timestamp="20220807 13:07:20.900" level="WARN">Keyword 'RequestsLibrary.Get Request' is deprecated. Please use `GET On Session` instead.</msg>
<msg timestamp="20220807 13:07:20.918" level="WARN">Keyword 'RequestsLibrary.Get Request' is deprecated. Please use `GET On Session` instead.</msg>
<msg timestamp="20220807 13:07:20.936" level="WARN">Keyword 'RequestsLibrary.Get Request' is deprecated. Please use `GET On Session` instead.</msg>
<msg timestamp="20220807 13:07:20.946" level="WARN">Keyword 'RequestsLibrary.Put Request' is deprecated. Please use `PUT On Session` instead.</msg>
<msg timestamp="20220807 13:07:21.420" level="WARN">Keyword 'RequestsLibrary.Put Request' is deprecated. Please use `PUT On Session` instead.</msg>
<msg timestamp="20220807 13:07:21.552" level="WARN">Keyword 'RequestsLibrary.Put Request' is deprecated. Please use `PUT On Session` instead.</msg>
<msg timestamp="20220807 13:07:21.588" level="WARN">Keyword 'RequestsLibrary.Put Request' is deprecated. Please use `PUT On Session` instead.</msg>
<msg timestamp="20220807 13:07:21.599" level="WARN">Keyword 'RequestsLibrary.Put Request' is deprecated. Please use `PUT On Session` instead.</msg>
<msg timestamp="20220807 13:07:21.665" level="WARN">Keyword 'RequestsLibrary.Put Request' is deprecated. Please use `PUT On Session` instead.</msg>
<msg timestamp="20220807 13:07:21.682" level="WARN">Keyword 'RequestsLibrary.Put Request' is deprecated. Please use `PUT On Session` instead.</msg>
<msg timestamp="20220807 13:07:21.693" level="WARN">Keyword 'RequestsLibrary.Put Request' is deprecated. Please use `PUT On Session` instead.</msg>
<msg timestamp="20220807 13:07:21.725" level="WARN">Keyword 'RequestsLibrary.Put Request' is deprecated. Please use `PUT On Session` instead.</msg>
<msg timestamp="20220807 13:07:21.758" level="WARN">Keyword 'RequestsLibrary.Put Request' is deprecated. Please use `PUT On Session` instead.</msg>
<msg timestamp="20220807 13:07:21.785" level="WARN">Keyword 'RequestsLibrary.Get Request' is deprecated. Please use `GET On Session` instead.</msg>
<msg timestamp="20220807 13:07:21.812" level="WARN">Keyword 'RequestsLibrary.Get Request' is deprecated. Please use `GET On Session` instead.</msg>
<msg timestamp="20220807 13:07:21.833" level="WARN">Keyword 'RequestsLibrary.Get Request' is deprecated. Please use `GET On Session` instead.</msg>
<msg timestamp="20220807 13:07:21.850" level="WARN">Keyword 'RequestsLibrary.Get Request' is deprecated. Please use `GET On Session` instead.</msg>
<msg timestamp="20220807 13:07:21.864" level="WARN">Keyword 'RequestsLibrary.Get Request' is deprecated. Please use `GET On Session` instead.</msg>
<msg timestamp="20220807 13:07:21.906" level="WARN">Keyword 'RequestsLibrary.Get Request' is deprecated. Please use `GET On Session` instead.</msg>
<msg timestamp="20220807 13:07:21.929" level="WARN">Keyword 'RequestsLibrary.Get Request' is deprecated. Please use `GET On Session` instead.</msg>
<msg timestamp="20220807 13:07:21.956" level="WARN">Keyword 'RequestsLibrary.Get Request' is deprecated. Please use `GET On Session` instead.</msg>
<msg timestamp="20220807 13:07:21.978" level="WARN">Keyword 'RequestsLibrary.Get Request' is deprecated. Please use `GET On Session` instead.</msg>
<msg timestamp="20220807 13:07:22.000" level="WARN">Keyword 'RequestsLibrary.Get Request' is deprecated. Please use `GET On Session` instead.</msg>
<msg timestamp="20220807 13:07:22.022" level="WARN">Keyword 'RequestsLibrary.Get Request' is deprecated. Please use `GET On Session` instead.</msg>
<msg timestamp="20220807 13:07:22.032" level="WARN">Keyword 'RequestsLibrary.Get Request' is deprecated. Please use `GET On Session` instead.</msg>
</errors>
</robot>
